12.6459854015 30.3248175182
19.2400000000 5.6514285714
20.8089171975 19.7579617834
-7.1557377049 18.7459016393
20.1041968162 7.9971056440
31.2702702703 6.2702702703
9.7500000000 5.1250000000
-15.6923076923 -3.1230769231
12.8734693878 -6.7346938776
17.5483870968 16.5483870968
0.7870182556 -4.3793103448
31.9782608696 0.4021739130
12.2898975110 4.0395314788
3.4250681199 4.7520435967
18.2327402135 16.4854092527
9.4165029470 28.0962671906
9.6091954023 6.5632183908
14.5905511811 -7.3661417323
17.0000000000 25.4000000000
13.6226415094 28.5283018868
25.5301794454 16.4045676998
5.1904761905 14.6190476190
29.5513307985 6.4258555133
-2.3094555874 10.7851002865
18.9622641509 13.2830188679
4.2500000000 17.0000000000
15.0000000000 10.0526315789
20.2269938650 17.5030674847
-6.1179883946 -9.6054158607
-7.0516605166 -4.1881918819
4.7847222222 -7.1666666667
20.1030927835 10.2268041237
24.6857142857 15.0000000000
19.8046511628 23.6418604651
13.5263157895 24.0000000000
5.1886792453 12.1450471698
-1.9302325581 11.7209302326
3.3653136531 2.7084870849
11.8684210526 26.8684210526
37.3922829582 32.2620578778
19.5982905983 23.6239316239
10.0841750842 11.5353535354
25.3633217993 17.2053056517
18.2761194030 19.5567164179
1.7134445535 24.2953876349
11.4881756757 10.3429054054
0.7729610580 20.3717854519
4.4488188976 23.2173228346
18.2695810565 18.2204007286
25.7706422018 20.8165137615
13.7777777778 7.5555555556
35.8965517241 25.3448275862
9.0000000000 -16.0000000000
24.0526315789 -4.3825910931
25.0451306413 21.4655581948
25.0000000000 27.0000000000
14.4866180049 -5.6180048662
13.2307692308 10.3846153846
25.8139534884 25.5581395349
4.7978339350 -2.4512635379
20.6788685524 31.4359400998
22.1960461285 20.5370675453
24.2658227848 20.7594936709
17.2000000000 28.9200000000
3.6000000000 0.2000000000
19.7992125984 -0.6043307087
29.6363636364 6.4545454545
8.2244897959 -3.5714285714
12.1212121212 4.9772727273
29.3157894737 16.0000000000
-1.0368852459 5.3729508197
20.5227272727 19.4318181818
21.0000000000 22.2380952381
-11.4242424242 5.3939393939
5.6954732510 23.6707818930
-11.2708333333 7.2291666667
33.4807692308 14.6826923077
9.8976744186 22.5441860465
14.3076923077 6.6923076923
8.8275862069 25.6896551724
2.0945273632 7.5771144279
22.9746743849 10.5868306802
-5.4967490247 -4.3524057217
-11.3454545455 6.4848484848
2.9695364238 6.5920529801
10.6144578313 -2.7590361446
-9.5402985075 21.7482587065
14.2979214781 12.6281755196
16.4852492370 6.4170905392
0.0253807107 21.8832487310
16.0000000000 19.0000000000
21.1969796454 6.3867367039
4.4532710280 6.7834890966
-1.5592705167 13.3495440729
7.4454342984 -7.1603563474
22.8028985507 23.0376811594
14.0000000000 11.0000000000
12.8177676538 13.6150341686
10.6179775281 8.1910112360
16.6298200514 13.9922879177
