38.0200048792 6.5603805806
45.2272727273 60.5909090909
-9.7482014388 -1.0195272354
19.9761904762 29.9201680672
26.3489932886 7.4765100671
55.6415094340 75.8962264151
29.9852941176 -0.1764705882
43.0250990753 21.6384852488
55.2666666667 13.6333333333
31.9245283019 20.5440251572
63.4816433566 56.0568181818
41.1807228916 4.5421686747
5.4437548487 31.5011636928
-35.5000000000 -14.5000000000
-9.2148337596 -14.8606138107
32.5154696133 52.7099447514
10.1228878648 51.2544802867
19.7718080290 21.2411711440
8.6781609195 14.4827586207
18.1558441558 24.8728168383
57.2737819026 -4.9675174014
23.4524758110 31.2242458736
57.4240727782 41.7130860742
46.5490196078 7.1372549020
-14.8854961832 29.6755725191
21.4638186574 62.2092414996
34.8923798359 24.8651817116
-4.2253058244 41.0911082710
-15.6415094340 12.5220125786
39.2000000000 1.3333333333
10.1288343558 2.7975460123
14.7308209960 17.3997308210
5.4055666004 1.4095427435
44.0000000000 34.1666666667
7.6408268734 0.2222222222
23.0476190476 -1.1904761905
-15.3889674682 -4.0141442716
33.7311608961 4.4468431772
35.4135528816 57.9138695377
15.8395904437 18.6416382253
34.4240837696 40.1989528796
0.2809667674 18.9788519637
18.3809523810 29.2222222222
47.7768595041 65.0661157025
10.0131578947 -11.2105263158
21.8266261706 40.5418881296
22.4422735346 -5.4689165187
55.2123845736 53.2813688213
55.7982740022 47.0711974110
5.3536772217 -11.7081205312
12.3840074384 57.3010227801
-7.1666666667 -2.0000000000
1.4949562878 12.1075991930
66.3304237423 17.8036819552
68.0895522388 28.3880597015
58.2076923077 31.3384615385
17.0328562134 22.3929733247
19.6360319270 -18.5856328392
14.7560975610 26.3658536585
-9.4451901566 33.1476510067
40.8847609219 30.6257309942
36.0324629499 36.8270995060
7.8345093008 28.8576010263
-17.9778672032 -3.2474849095
-6.7849096149 30.2821587634
6.5163934426 19.7390710383
64.3805899144 35.9628924833
-3.8132911392 48.2705696203
-31.9677419355 39.8064516129
-1.7645519948 50.8338783519
30.5288089274 8.8758824869
24.8639053254 11.7869822485
48.4242581989 28.3550234253
44.7153762268 37.8189749182
3.0630797774 15.2820037106
46.8901098901 41.5238095238
14.5104325700 26.1190839695
23.4235033259 34.7150776053
51.8269230769 53.1923076923
9.5750000000 14.8000000000
-24.6406460296 16.6312247645
10.3300970874 32.4893203883
1.9338235294 38.0018382353
6.9000000000 9.3750000000
4.0000000000 39.0000000000
38.3442485306 9.9899244332
7.9384478145 38.1159678858
83.0534429599 59.0483042138
50.3070271970 61.9836503694
41.5963855422 28.1445783133
39.1079136691 31.7769784173
25.6379794200 38.6052385407
-7.1399100187 0.1390321519
44.5987841945 23.0699088146
12.2661596958 2.0912547529
50.2006745363 23.5919055649
16.6348655681 -19.2359063313
46.0131736527 38.9161676647
55.9958158996 65.8702928870
55.1073170732 48.0620209059
