9.7485714286 63.8514285714
-7.8190120916 63.4495755081
149.8136645963 97.8136645963
129.2537096305 15.3439045679
0.4833611069 8.9089531889
17.3056955260 -24.7646205528
107.7624354667 55.3066459067
86.0904311251 113.4426919033
28.8682170543 74.1395348837
5.8493781667 41.6439428835
56.9714395986 90.1555384022
58.5664335664 60.4475524476
5.6176470588 46.4264705882
-16.1108813130 -27.2172259657
-27.8006344966 62.5500083486
88.6422952337 6.7741786210
73.7616822430 -29.8379242499
97.3267326733 108.4455445545
2.9402690174 -3.7165438103
62.8120805369 93.4429530201
120.5809900990 125.3738613861
49.5067132278 23.4106207478
125.0098136310 91.8427118034
-10.1202149093 -49.4869039624
41.5177228786 50.4532760473
71.3809523810 145.2321428571
84.9337349398 77.6801204819
33.9516768842 11.1795888929
-19.0298281092 96.3003033367
101.4148361993 45.8796284674
44.2465116279 4.8139534884
74.4903339192 42.2934973638
78.2996910402 70.4531410917
85.0980392157 92.6078431373
59.6522315510 104.5563411401
1.0417094720 47.5664680501
38.7786686664 63.8357752653
60.1888793161 -6.8494930082
55.7198515770 92.7773654917
96.3105565459 -49.6040800158
-17.0527607362 73.5361963190
-6.0000000000 28.0000000000
66.9313658202 15.6334934798
67.8028890672 81.8124575591
101.1533980583 35.0194174757
98.0633802817 -7.5607090821
-5.1608478803 -21.4132169576
27.4545008585 136.2949472651
79.5633802817 72.4131455399
119.9777256741 91.8511137163
1.5185551707 1.2241464621
150.2320463320 73.8476447876
46.9411764706 23.2805429864
107.6824707444 54.8060079624
95.9232276813 85.1595593701
14.7608175474 21.7761714855
42.9495704146 78.8972730669
19.4352517986 60.7831449126
123.1314217443 9.2528872959
67.8043436293 6.6764478764
77.6292579879 -14.5421177713
79.8358611214 -3.1567404746
10.8239325250 -80.8285011422
-22.8652686010 9.6475150819
102.3206788745 56.0113145750
-17.6521739130 43.6521739130
17.3489666137 42.8076311606
33.2686567164 18.1343283582
42.2985960055 53.0282776350
17.8193604149 0.1695561544
20.2687500000 66.5375000000
94.5205724508 144.8172757475
17.3674418605 69.1534883721
84.0920421860 97.4055608821
33.8953338119 34.0758076095
19.6861609728 -47.2449334105
-1.4937917861 69.7523081821
11.0695059625 75.9502555366
50.0347593583 18.1303475936
-74.9956300073 27.6198106336
144.1904434514 31.6019250602
1.9353888452 130.1696779262
71.3742827029 61.5269937932
-31.2071033210 57.4729397294
-4.2921615202 50.2648456057
27.6161616162 -14.1649831650
93.8625811749 54.7949540942
-11.3782144383 19.1386586929
61.6274685817 54.7271095153
105.1944444444 2.5972222222
-22.2166758091 53.1376851344
137.4019284110 78.0320961564
38.2087912088 -26.6706990489
-18.9383886256 105.9952606635
79.3105590062 61.1490683230
-43.7865612648 63.3517786561
-30.8620965591 67.0449453188
2.0769230769 8.4230769231
79.4539877301 50.5276073620
71.9475308642 48.1882716049
