45.1188679245 312.6633962264
142.3603547534 340.7259996888
47.3988917478 10.1053366470
228.7573604895 247.2000985505
104.7042072075 -136.4836678306
35.0536255537 283.7015621357
29.5309187279 94.5247349823
146.4066062039 36.3414616932
72.9694270095 208.5679287305
104.2217920354 138.5401610128
-133.1031297641 63.9343855559
327.5612603458 206.0657632430
11.2924159500 159.7857701329
136.7154038920 310.3974569192
203.4270278987 351.2967263345
-67.7267149563 31.8464461865
193.8850547997 361.4823979546
192.8770444264 254.5674515717
249.1102859739 180.7846249965
216.5291828794 277.1383091617
161.4594594595 147.0000000000
97.2836114854 292.3773193739
404.7315085933 292.4370464672
202.2263268861 272.2910440920
186.1131528585 149.0360825700
-149.7884420840 -64.3548677438
262.0015621559 95.2733910482
140.5817363242 108.7825809793
-71.0933449442 -131.8502863650
292.8897881259 366.9857436344
-119.2130804015 19.2976728797
35.0688872067 -12.8793122094
16.7302533532 197.3497267760
189.8797871230 197.2705833246
250.1338626292 344.5605224287
5.1709478793 68.0762993269
-37.4534184823 63.6910217881
101.1694928748 74.0140912348
-22.4400000000 294.1497142857
94.7935943060 297.7188612100
188.0827393864 32.8472265262
99.8360424028 -59.1332862191
-25.4944649446 78.5409594096
186.9255504514 210.4639632504
257.4074947493 130.5750948819
200.1570875105 95.3019930503
168.4897379182 159.1893775803
59.6457116900 -43.3500448719
-39.5156974575 -56.3409732957
40.2995395021 43.8419197007
-66.9204555347 60.0765845976
184.2197336562 20.7960048426
-38.3086971468 -48.7435544861
138.9947789199 215.6162506118
-35.8598235367 76.6614887536
61.9514668927 239.0486542130
319.7235482506 220.9353435253
-131.3193424274 -74.1612451906
-108.9881213533 -69.6354757375
39.3065953892 200.0845573004
373.8105468750 71.4482421875
33.1649889153 63.8608095903
132.0675490733 128.3915206851
171.2776005105 62.3771537971
198.7596713380 255.2825883225
66.2202070522 363.7857865650
164.7655479934 169.9880309786
280.2028030059 283.1392282513
214.2207507455 35.9993422207
223.5518009655 265.7648842679
198.1443327120 101.5002077669
112.3090911192 51.7358877608
110.9817729909 74.6545153273
212.4676336352 277.0314224952
-186.4080188679 -121.2169811321
200.0073452256 354.9800629591
-128.2417308500 -60.3754376138
174.5816356951 178.6073735467
326.6901057872 181.6245592201
148.6726701159 147.4247167463
168.5854235829 144.4243514078
155.0770506634 89.3035283474
-5.2477202219 -46.2257215380
183.9996311324 196.4551825895
74.4919958203 50.4529571578
-21.4731673996 -103.6813815481
194.0164744322 283.4846277999
111.0890860476 169.8069397180
221.1375000000 122.8250000000
141.1526208033 108.3850724903
98.9784995425 -59.2017383349
215.1820343179 147.7594543334
72.4753431622 255.5571936960
323.7065732082 192.0150370836
90.5764039238 56.6236067677
263.9354544817 267.9478589950
-108.8761280300 201.2376230838
78.5710213926 141.0359883484
164.5053669222 337.4455640745
68.0534485283 282.8605945234
