259.5272439521 111.4888085010
207.0333972226 258.9568204831
146.3000540916 88.3416273858
71.6157096694 78.0961968680
88.6566315789 336.0519699248
29.2354527717 275.2928382876
71.6848723397 229.0218050089
98.4521668614 19.4099506285
261.5634647251 318.3093246297
-10.3223572927 105.3611718803
179.2406318571 112.8130129596
245.8608740060 292.9293061939
135.3412772794 305.9278350515
265.8525294332 174.7405352764
161.7121076233 292.2284005979
137.1306530629 103.2481557958
72.5872694532 -2.0541903878
15.7982688979 217.3306405078
268.6906965799 229.3070285535
326.9529823526 338.0857703093
-8.9427412621 -84.6308004294
319.0422898401 311.1376998453
91.2120395328 65.7412398922
11.2232645924 105.6158094868
-119.1128441827 -15.6175393920
250.1604515592 181.7912464144
55.1931358674 169.8127780024
-26.7787264319 -95.3468516542
66.3608999634 140.1474330312
338.5314732444 169.3526081682
0.4366141263 146.7526898797
289.4792203774 119.2295997289
330.2559781721 152.5059037152
34.2234385061 274.5640695428
61.1158738572 -69.3594805883
161.8844348846 156.1597575284
-12.1777021722 208.5938236064
83.5279241307 -123.7987355111
213.7254478465 62.9956379960
270.6581595450 30.9322590054
150.8948399493 76.3510190755
183.4877489142 278.8413504876
71.0696636378 71.0849141825
21.8114942529 243.3011494253
30.2749404604 66.9510452501
17.6767481524 160.5014212621
270.3210854160 127.9240662749
62.1782945736 73.9844961240
-27.4721590540 219.3991943344
68.5872233820 25.1689770355
132.9845772685 -76.8102198823
123.0531426753 369.9473603170
-56.3056433912 -106.7745991593
254.5949820789 29.4086021505
154.6555234036 36.8520158644
290.2744235639 137.3506597361
70.6651937417 155.5649788067
-39.6420219864 -115.0190951261
182.3809771064 158.1392730706
225.7677705977 105.2039579968
-39.4651190877 80.6548331119
145.3366662602 17.5840751128
48.2158071241 224.8075772682
212.3894839338 262.0087633885
189.8070134455 229.0250220630
21.8089205717 27.1904114795
400.7898995536 128.5560825893
32.1425277012 76.6031835311
70.6970554426 66.6169422584
49.7809355288 84.2979617198
-93.9837925446 -127.1134521880
131.7135189214 238.0064474123
89.2685106383 144.0897872340
243.9396899698 302.0844611784
72.9752400202 84.8954017180
151.2412252425 213.9028442059
19.4058765755 68.9112784416
-9.6531789463 199.2381185983
68.0299102692 209.7756729811
155.6842493545 188.5509652035
110.1433447099 206.0068259386
118.4153950492 156.5452695829
147.5706904372 -5.3235647938
46.5603171202 208.4297193058
246.1719515132 4.5512563217
95.6316753422 180.5326778485
-67.4689237304 115.3471797114
117.6289117805 394.4843040570
210.8562445622 223.7703472277
295.0274137021 213.1360603005
395.5595629854 222.3327629327
40.6813458538 154.1994936858
193.0560747664 -27.6043613707
-20.1908256881 179.6077064220
66.0141771112 169.8839120608
-76.0397479399 -78.1455023890
326.2668250951 57.9577233840
307.8559082082 284.6761418385
74.4741553566 117.3003898354
82.0818856065 46.6871904463
195.6220987449 340.6116065345
-118.5832551741 -30.4617019946
270.8212801038 78.1681956114
116.3522692189 237.2171966656
287.6793478261 207.2445652174
116.1287414353 -93.0573386224
63.9204622706 65.3494221618
91.7644789439 261.7300827368
213.1241827460 25.7402328177
197.8000993501 166.5662954837
25.8612691466 115.9676148796
248.0456118917 269.3337405824
97.1124466848 255.4823575029
192.8078943823 245.6392294221
92.4674556213 -24.8084991931
263.8150543749 -42.5721799701
243.5806011026 188.7019680554
198.7071467940 197.9484965399
315.6189528666 35.8793682378
331.5442465688 170.1007096416
-92.5168741563 17.2810859457
167.4788764821 117.5473696328
106.1568265683 192.0846863469
68.3771721397 328.2558279589
346.1342800065 181.4417688030
-7.5034722222 -7.1493055556
-21.8277830637 333.0038058991
276.1495090276 88.6164079823
379.6878219884 297.9827907487
162.1890255093 -8.2520645990
149.6407719753 187.9216672073
337.0800419637 188.4191517883
271.9430306200 288.0873278717
163.1561248191 234.8513145050
311.4709745844 278.1787014912
415.0276923077 244.4030769231
-23.6137171321 -42.7009775450
92.4522575739 54.0412252622
56.3865728208 174.6226312940
71.6270597467 121.3461495348
33.0108715895 67.6011965732
28.9078341014 -152.7741935484
-125.0488553881 -214.2459519821
-4.0191946589 -24.5505946172
-61.4401840491 50.5414110429
166.3358489614 64.1454100305
142.7838952909 355.5199886186
99.0313909583 56.7169507093
203.1314872315 -42.1261643749
64.8243502052 -20.7102599179
350.5201931182 317.4824124454
191.7744670659 33.1441532934
-105.3812636166 54.7625272331
287.4813397129 11.8340311005
61.1340206186 133.9953139644
-69.6161198657 -99.0904159132
202.5835247992 171.6913850888
92.6877852670 43.7542192973
322.7674522497 258.6142964134
155.0621022221 253.1412776680
85.2257079063 62.5459123140
225.2690355330 119.5279187817
-130.5462498542 -22.2611687857
275.7572047185 227.9640137375
238.4348189748 277.0204325487
188.7570746986 225.8240976800
-31.6748287911 -39.9416352201
142.9805712945 339.3371274349
42.9523011149 149.9800486210
145.3523994899 20.6677897845
124.3997176954 134.5000641601
2.5020180491 90.2623010294
286.1816423875 173.9776975635
100.2388934474 280.8845387411
243.7932175352 226.7726574501
259.7870667450 295.1343937819
170.1531004388 129.9070736122
117.6997197543 66.2121519289
77.5219338275 147.2880952584
149.7670481559 97.9347958976
2.0530331148 -79.3781599241
214.4995302224 32.3753001357
116.4655897322 331.7070148263
86.5190907085 5.8242445760
333.2900470629 219.9516123409
27.2033079997 -22.3742983206
44.9962815405 302.5566179726
213.2612674445 336.3683367650
-2.2177668675 80.8464941311
49.7091920857 3.8604699093
133.4765753747 7.6663266107
83.4857584587 156.9661949218
-11.8931116390 189.6104513064
320.7591529743 140.2132896836
-18.6545541167 20.3911819481
-15.0453732610 198.0604067529
74.1346630668 101.2670119566
109.9448568399 0.1442205726
314.6634844869 102.1837708831
-2.6775718735 52.5361776503
30.5133910177 153.4651833539
73.4493546173 152.8447760533
-57.2066610675 -49.8075669406
-65.6920100925 198.3384356602
-0.9042372255 -6.3368335429
-27.5842293907 -142.5376344086
117.1740041929 78.9573225517
60.5123716277 210.5282285958
210.8299831812 126.2939860551
147.6033481011 72.4279135877
326.2006688963 0.9691278621
115.9722816409 -30.9355254169
232.6008559201 211.8490727532
135.3091436865 189.7636671505
-114.7325168217 -87.8903757466
153.1023953632 165.5131390277
179.3253502657 153.1355511077
89.1353936718 94.2001471670
89.0452556500 303.7391509478
73.5626844604 211.0509431541
176.0905974399 212.4637969644
86.4859695234 57.6737819237
265.7853341910 257.9383661774
385.8663743662 358.6100572158
215.3992521921 203.0219251665
180.3503093765 47.8814850071
187.5013723696 21.4236047575
233.4935751614 194.7206885951
45.9593937596 192.1140581133
51.0847734863 55.1005462034
201.1956137248 196.4987619385
111.1957670594 102.4703926168
1.3751162974 -95.5326815422
-23.2773813217 -92.1362085014
-87.0460704607 -31.3550135501
262.0281081081 222.8147747748
171.9341669938 24.9599057926
201.7778395634 243.1248069200
83.3103448276 132.0344827586
-124.1813527235 162.8709233285
0.2020240596 243.2956845522
272.9677419355 124.6129032258
147.5635683508 23.8634120934
270.3274754985 203.7252450152
-8.4865810968 52.6919486581
238.3225421007 273.3996863448
273.0903601083 103.6538341992
119.1357340720 273.7064819945
160.3272043802 67.6092996650
-20.9091196778 122.7358457998
284.6792831182 -9.8298032335
176.9338512702 -58.6252410362
168.2383090161 261.7489711934
96.6203264876 290.4044233807
144.8044780122 -40.6094476225
210.9322033898 -106.9152542373
181.3125439405 81.4132204290
9.1978214549 198.0132823546
286.1379449605 412.4900478855
239.3020743302 230.8854796889
9.1305933524 133.8967554279
219.9877069271 229.3350427995
101.0604364857 110.2518186905
-22.0739802318 47.4757162210
-60.3380351809 -171.2344839031
463.7107652399 265.3553826200
90.1982749088 300.9801319621
235.9120250729 131.0495958652
163.3866992899 51.9451374087
105.7958630976 61.9711515818
147.3860388145 342.1045584474
157.7252767287 59.0739419195
156.5459627105 119.1441451188
115.4501280799 254.6822827264
84.4899899285 289.0092117222
32.2475159992 70.7101801148
220.3322314050 193.8168962351
-118.9794192591 169.1080278890
328.9827942300 118.9915922655
228.7467509155 283.2092338623
201.1823151988 58.8427925976
213.7847953216 -12.3315139701
208.3164315669 302.0751048418
4.1915626021 -105.2552576698
211.2358636744 18.9536172844
-118.4458888184 -59.5587613612
127.3801858613 -135.6408894789
39.3361665221 64.4369470945
152.9933630491 -81.9404441652
380.0311011760 77.8962970162
151.9843550817 70.6574342334
258.2421646969 110.1465141873
72.7798309073 44.3338272466
60.2220202849 44.7898809873
-65.4784563615 42.2667082244
99.0951183263 167.4068823597
-54.9577069778 106.9598384564
67.1198186528 61.4708549223
50.7620687799 -63.8817609386
23.0471932686 91.1059834500
190.4658748231 -77.2285679119
160.7925420168 81.2754201681
243.6388751850 65.6713010719
247.7727566519 253.7569212539
87.3557316665 121.0698738699
23.8255386754 90.5633005660
46.0995423341 95.1581274483
199.3850827521 -107.7068559069
187.8428643300 30.1667225669
0.0184821721 48.3117435394
171.9563072586 337.2082892882
22.5419513528 91.4722601804
137.7947962690 248.0806087383
116.2030922755 99.9338425527
369.2820064159 221.8506853310
-50.3138301033 89.6413607900
-14.9173693086 -128.6168634064
-111.4228967863 -128.5065259350
218.0499899597 225.9135581153
108.9935483871 -30.0000000000
110.4585481952 58.2023006743
109.0840920377 282.1963251117
406.7702634245 202.9118541033
266.6988443236 355.3150917743
327.9695552840 111.2977525105
189.9059103182 40.3306178025
-16.1059782609 -143.8586956522
31.2262496729 122.0057576551
124.2664576803 153.1661442006
145.5920412191 200.7508995176
140.3202668891 -41.3123436197
312.4023630702 250.9155065030
121.9956010768 18.9031580330
61.5976951283 -46.2598967298
84.8514274158 115.9611715932
153.5184466019 50.0737864078
289.9585682153 230.3495876260
227.7657329938 39.4939978174
212.2438958586 295.4921084581
197.0266863562 84.6114129002
-95.1712271628 -48.1532910653
183.7953624148 280.9969862787
80.5951145902 31.0830896916
205.4661945939 261.5973990604
193.7457784483 194.8373469506
52.9775141255 31.6444453728
132.8098257797 45.5878898635
117.9974035198 162.6228947991
120.5636728001 238.5243213700
256.4692661596 168.6969722090
162.6970299013 247.0722740705
235.7437017131 122.6305005039
130.3867706050 107.4057731277
73.4111675127 254.0781725888
34.7029041949 -3.8942917548
83.3991873843 116.7365033390
243.6445814132 273.2848841579
320.1393998064 -48.7744433688
11.3515631558 23.1441979718
92.8864428137 -71.7426432436
117.7392961256 89.0357962966
-61.5217018356 -158.9776977183
157.5183486239 115.3027522936
246.0277961615 168.9013898081
39.6285866835 79.5830844984
339.8609134241 44.4861032256
361.8429744638 165.8316612554
350.8071208961 99.7536711746
118.6637264933 99.4717566948
155.5100336085 221.4620354358
-99.5837233882 4.2051940208
-42.4396681750 155.6119909502
227.9989841622 -25.2895599575
231.4077961019 108.8980509745
67.1628933705 63.8487267333
208.1137308589 11.4647601663
230.3692435924 118.2532819337
128.8109255824 96.0364460936
190.6249961681 40.8372520769
-93.0680177679 -13.5895335924
258.5944304980 390.5286356471
171.8963039422 192.3667275398
110.9599570008 -107.4673474872
137.6692674247 199.7120858250
303.9974839251 267.5996645233
55.4712140175 283.0957446809
238.0461428059 29.4619303911
183.7280221331 249.7799672520
231.4140055712 82.6677366392
147.2415974694 15.5674179518
211.1560523326 345.3667460696
353.0594198100 253.8888520999
-43.7311365383 -138.5069037904
-41.8919722498 130.2973240833
199.2639517345 161.4630467572
-59.1016655212 -56.7339202084
150.7020649828 -185.2886309281
-23.3438465985 159.9756477595
123.4811995304 99.7425207214
231.4806113349 37.2544666195
-10.2764230261 -50.5858003415
81.5546277431 191.9278950533
120.0702279530 43.1146672807
-104.4475786567 76.3315908867
168.4454183726 159.5718816677
-69.3389269154 281.5166703467
289.7771706132 110.9001214329
96.0119157911 209.3244958704
-120.6892541431 85.5379197927
275.1854318594 48.1994688699
-6.5499938608 153.0554168543
-10.5193194467 174.6172682461
231.2963535229 180.9613527503
70.5242977651 35.0609919655
-66.8768729642 202.6436482085
240.4737036821 212.4033529996
139.6503357461 226.2351268858
-22.2169390788 215.9479940565
142.3641770671 337.3548166927
137.7651710188 215.4280066201
-20.4606978836 232.7188485394
268.3509333750 46.2196360228
77.8989611917 -107.7402979224
235.8224578915 127.5106674984
195.0000000000 159.0000000000
268.2400561900 316.3994953305
-75.7688440961 184.9395296753
155.4871147794 328.9795736595
156.3428578188 170.9997397574
75.0720720721 90.3513513514
155.9375085129 124.6289738211
74.9988435964 188.7183193601
18.5692307692 -67.9384615385
-39.8443960827 72.8726877040
41.0518548065 15.1763063422
90.5009307135 -65.7373319545
117.2886029412 450.7472426471
99.4215408276 56.7829576585
68.3927578029 103.7660961904
74.8147143800 5.3918392265
29.3738794829 53.5681322537
141.3551543463 -130.9261410265
289.5778451594 295.8955400430
332.5295030654 -15.2077502134
274.0900748611 189.6819608790
138.3351472025 78.1488767964
-60.6253644315 114.0422740525
29.8313253012 64.0120481928
-56.5822065113 -99.1626578993
-38.7224211048 -2.9177727598
244.3626528141 251.5118931375
48.6879968203 -33.8159777424
281.5075169738 149.5814742968
67.4382174207 58.3193787981
112.0727932747 179.2928926251
84.1252724708 119.9967944608
233.8650178044 125.4867640158
136.4312489878 -8.1360149590
96.4382524426 111.9078029777
268.7669412099 291.5705197387
177.4315727834 272.0747971892
-14.1504775968 -25.7233630197
46.9496004917 135.7523048556
8.4809052690 -105.1921053294
221.8538467807 107.2941573635
-0.4687283721 33.8737842859
99.6194858775 193.6493176769
6.4104477612 165.8656716418
99.1202244978 73.9608113430
342.2448645637 260.3214260845
-25.2465721590 239.7315826168
-38.7353306427 -16.1648556349
364.1128220673 65.8357684147
89.3420456769 143.3797556817
197.6939564052 224.8147979568
149.1051556285 294.2586172205
126.2061033299 -29.0429691123
-13.6609967111 52.5467876071
116.9580062293 175.4855713963
10.1123892583 -46.6311635524
-17.8661202186 188.9895264117
-18.4844181651 -106.7251005671
185.5911365261 116.3831308077
7.2089148686 45.9402973595
-40.4285714286 -39.0357142857
309.5760907860 -13.3354225000
113.9250000000 326.4808139535
310.5385808453 390.1329972858
299.0422051366 73.3147390806
196.6885245902 167.8622950820
-89.0707692308 -11.1076923077
127.8053161791 51.4519966015
109.6135497600 156.9705052705
-46.5640262993 38.1855040701
-104.7778604190 228.8881864386
203.5364365971 146.0192616372
249.9655364091 260.7126181212
305.0867208672 233.3468834688
318.4531105972 106.0855474878
343.4779582367 289.8692575406
107.1954309657 39.2723463687
207.0786859546 189.7701827464
42.7924528302 96.3207547170
199.6841152902 138.0683986041
313.9460020768 213.5961338765
114.4336109750 88.0460558550
333.4408217954 249.8695846360
228.1454271089 223.2941681214
156.0593569053 301.2041394604
-17.4647971808 36.9274949389
320.0302993699 294.1273580157
82.2735503341 91.6783789610
75.2707997853 28.7203435319
143.5954599632 346.0626828475
73.1417322835 -116.9968503937
-65.7045680365 127.0567374080
10.6984667802 -83.0477001704
193.0121961202 63.1745518540
97.1265477767 172.6311813722
218.9867659222 123.9669148056
81.7412587413 57.4510489510
418.0850439883 81.3936950147
330.7083333333 367.5798611111
192.4202252543 33.8829153765
152.3273912210 100.9808318957
138.7481287512 -74.6382406785
-11.5037159372 188.5970407873
159.4154446772 292.4996191202
10.3127386589 119.2734840385
193.9826237770 155.8520566772
-40.4497239418 32.1865355658
-63.9827211608 -54.6305302219
71.7133560982 -58.4996026888
-44.6913905179 148.3403518689
164.3167161542 189.4849083458
260.8130686518 86.8125172319
97.5399650960 102.7532286213
240.9472046357 262.9332546411
252.0636480137 157.6689448953
290.0216649765 296.8311975661
183.9079118461 160.3948254593
208.2235294118 -6.7129411765
208.1718078046 228.0110432705
191.4036904940 86.0121521474
246.1888565446 154.9532710280
182.5491514183 -57.6268049317
116.3082080609 76.5752923866
7.2917306738 104.7187152884
208.9574468085 29.3091364205
363.7392568659 262.9838449111
249.5091618595 228.2226719666
181.2467823632 50.3751556921
327.4077669903 342.5346501507
223.5377308938 177.6217718638
57.7805695142 -75.3005051504
4.6236041165 70.5500328443
58.3561643836 116.6849315068
65.2909180814 199.5251359815
-143.7823545529 -111.1541693305
250.1756335283 47.5948667966
187.9275010427 69.4521837574
-120.1857536727 -36.7084893626
29.8202902888 209.0962142750
287.9366127927 193.6869381227
193.0007988018 161.0072890664
297.8055121827 156.1610806493
216.4652001222 192.5432936144
18.8263388260 -52.2545056643
312.7973768188 90.3590772023
190.2741885926 206.5386742565
171.8786686838 82.7727685325
353.2853272516 158.6407732811
-74.3281853282 98.9845559846
104.8096778938 -33.4155022797
305.7206580957 166.2885542821
355.8068935522 341.6775035338
-45.5346350535 28.7229195723
273.4953582726 315.0325264750
99.1140301140 181.1831411831
177.1998107283 -66.9613713597
192.9369120383 -11.6158915759
345.0900978505 272.1478929163
27.6168499730 366.6595643286
125.9203764832 169.8794272460
20.7152447832 23.8843809333
57.5386136376 63.2579515282
105.6396560271 -115.5845900471
166.0069417663 175.9849595064
59.2207492795 208.3677233429
-30.5249735790 111.0281670726
-128.8282069971 77.3126457726
38.2765721251 49.6958272567
-21.0733039900 -40.4178266153
263.7466712694 450.9224775619
22.1964271280 -60.7396599574
50.5800543064 22.0929997142
293.6206185567 334.6742268041
313.8693601635 398.7927998742
265.2737627325 11.5409377768
170.9721823284 123.8789412051
-40.2398539298 95.7867042908
-17.7349349668 -10.5473529295
379.7816133721 146.4625726744
237.1606003165 237.4234039963
-46.9839251657 67.3654981382
118.6180722892 43.8327710843
9.6939319003 130.0935894997
-167.8671345103 -77.0912764924
-58.6198558917 -32.5971852025
-10.0928738318 100.5245327103
217.0849818150 363.2424376830
15.2706338206 75.6051852319
-110.5906568820 249.3857168427
340.3220346201 347.3937232525
135.3241606574 -158.9322106434
270.9169085474 197.9978772257
-34.8243036149 79.2434267857
9.6033234537 216.4237403430
183.7285382831 19.7401392111
332.2201584839 356.3785166240
65.3177262888 57.0504556509
6.7313004827 161.4021889786
256.0866256951 215.1252978803
77.3843509492 20.4403283735
135.0137934281 28.5190660013
50.3701431493 57.1431492843
6.2336182336 63.9230769231
151.6972408650 118.7561521253
150.5563409563 132.8270270270
137.3986749805 54.7515588465
291.5436375750 145.9580279813
226.0810890284 181.7126597824
101.3274566474 21.3219653179
88.0924930558 68.1419140724
141.1891223994 235.2401098321
101.8907960535 68.3560391044
-74.2959105268 73.3710976408
9.9052174591 28.9193334546
263.5694744420 210.6457883369
76.0753656378 342.8674855567
23.5607627825 149.1442717780
-25.5371423610 163.7538314592
-11.0028821483 181.3445045868
-42.8688811189 100.7115384615
165.3799232210 115.5359253995
142.4576722640 180.4603937464
175.0847606500 258.1418533158
5.4458245177 82.3781082763
228.8260657536 -127.2980859105
284.7918185131 -49.6791180758
147.5908781484 83.4445200817
77.9849803596 324.3178731898
108.4633501364 -18.3141889100
99.3406616097 237.2297811298
404.1263142085 265.2442174827
-29.3310548743 115.0446473606
212.9084482262 61.9796231726
167.7117182668 26.2994870302
220.0227437416 218.7587946010
162.9716142883 305.3662909734
134.9185143074 132.5311730150
384.5401140915 298.8738924627
278.0980438231 227.0527815309
-75.9569485768 179.8936001060
162.3815358313 -7.8783896092
59.8340600603 51.6098415886
248.3688020833 275.2019791667
214.6811904170 213.5538257482
174.4751498061 242.8561861121
160.9615384615 34.2692307692
1.4471718250 208.1088580576
207.3805884936 258.3299077734
293.8880764241 127.9146125722
10.4280480176 57.1356527956
-69.5891056499 139.5950342032
248.0589735662 291.0571958572
2.9008605662 31.2234719903
-59.2196007260 -43.0980036298
-74.5664739884 -30.0000000000
106.2921919695 28.9827312215
179.4293237482 -3.3285965059
175.0493533450 252.1523870350
17.7518843019 -26.0089528255
-83.1890366335 -26.1432763729
106.7987115944 194.5433900548
160.3150790167 -153.1046971027
104.3084270187 136.9409315669
122.5852454659 424.8994722387
267.4138932641 243.3447337738
-13.2858694996 79.2089696384
318.3096586886 408.6545815040
229.5998691066 218.6945191145
152.4472780646 245.1824496108
118.1050320716 60.8589574487
-5.4118107312 -29.9283080922
-34.2961646985 53.0943672275
195.2659149301 386.1030902084
147.8948273969 148.8269209650
91.7705206278 -85.8224118707
125.1580222976 52.9583131362
-23.0444403467 72.4281762862
-117.8911876596 119.0217312002
50.2792238523 174.4330336015
69.0707573028 158.7920353982
268.9696757565 35.6261813091
-37.7466849839 -65.2692629315
91.8872799250 147.8226898635
167.2867115916 205.5563096912
-9.6231447124 58.9939703154
415.0280373832 201.7383177570
-25.7888031130 191.3870583067
28.6918992550 280.1492271767
108.2589040295 122.2875021931
2.7041249289 152.7697825992
188.1283769254 19.9844834026
151.7704263357 -42.0128440367
-70.5617343741 76.1217594439
-70.1172350620 89.3269588501
182.3750526119 111.8357106112
58.6816384028 163.5596250745
238.3656956376 228.4689734607
-100.3209488156 199.7563783937
227.2822558567 112.7622120537
171.2078848036 246.8210541032
145.2668452167 199.8280040500
185.3473294011 229.2620007927
284.1143998649 186.5943953632
196.8309005165 60.2366943634
202.9016566796 154.8484314417
156.4287249284 197.3889684814
-105.1216440172 104.2260523699
322.4312832194 157.3386484434
168.5239005736 276.1491395793
129.9221760633 106.1230860534
247.3076030629 194.6450614897
119.5130956656 8.5942139010
228.8739644143 170.5477680288
62.5219715715 -180.3001426843
120.0769069478 210.6715990954
179.8014974752 217.8709733589
315.5504978663 170.9082503556
285.7932591032 191.0624937306
53.3626239533 63.5776961162
210.8440751930 189.0057066130
229.1873876230 233.6800483834
227.3222068966 197.4300689655
175.5087471783 26.3112302483
151.1571412718 185.7567972478
288.3314467634 27.3682348780
102.2435269815 57.9922465265
15.0172527904 53.7160917606
19.4988962472 5.1214128035
41.6607357057 225.8554578169
123.6397271057 232.8278667017
231.8887331839 211.5404288117
-16.1327916309 56.1198702896
151.2333981038 12.3121869294
208.5127602541 246.9589101458
12.1596858639 33.9450261780
249.8534999455 222.6598496131
47.6836092329 29.4751690371
16.0965485981 17.9160784822
299.1764300482 196.0289455548
24.3815375822 71.1680480137
215.4768833328 -70.0840633073
281.7363465721 -32.9442540893
229.2666129361 6.0307150006
10.8184034126 119.6715417428
146.6919952086 121.2559762512
53.5314127096 17.7563523479
217.0282367077 201.4728146591
-110.4506008011 123.2229639519
78.3653213752 -49.6699551570
116.6601347214 -35.8572817982
327.7656382268 106.8196480285
259.0714876091 413.4672541081
108.4357158663 296.9882717415
215.9518449031 -31.2507817386
231.9129904394 180.9933331442
-67.7157014025 218.3481809142
6.7208818579 238.4030079510
116.6128984990 -139.0318098417
169.4503840519 79.0687297429
-23.6325995242 146.6091621927
122.3819742489 3.5407725322
67.6252052856 130.7955481442
-93.9055604590 148.0741394528
197.3473238772 183.4200432248
302.7175630343 263.8154095877
142.9367360069 90.3648938452
-123.4966297724 -63.7185673424
-16.2201544944 -83.6678370787
170.2722176648 104.9205633033
114.8911200357 -78.8279785810
-3.7029404906 10.4099090504
161.8135431062 175.9391942171
1.4000306733 65.4442513164
277.3826611167 357.1550370112
120.2646645367 60.1167199148
210.2003552398 197.2053285968
50.1939114161 124.1625701809
302.2822479990 342.4879023485
43.7900855805 -20.4077722159
100.6362775029 98.8191388567
208.7008849558 112.4017699115
114.5633850879 73.0827503839
233.7255269321 317.9976580796
76.8532419180 190.6911513825
292.7593035909 182.1778019587
77.0687448728 294.8154224774
249.3351120598 290.7513340448
187.9173382805 83.3653629756
62.9369936529 -22.5576999157
101.9105691057 74.1807379612
-98.6972570369 152.2629894409
261.7726851136 188.2884526202
95.7183098592 185.2785794522
21.8516684770 -98.7944779852
210.9986834027 -91.9379572032
49.7790973872 113.7779097387
18.7196390756 126.3697633735
-71.3713254255 -116.4545642084
319.2743073609 315.7164079329
91.6492827256 -53.9457561267
230.3774646485 76.9749053973
185.9165615665 237.0127447727
93.2250934849 47.8750038002
12.1560841136 -7.8293349737
138.5714375412 191.9858726023
263.5914587748 106.5216047576
56.8905579399 179.1459227468
299.8556701031 376.7570235012
59.0556558363 312.6435018051
166.6261713191 177.6265740650
300.3013893837 290.6806198789
231.3980932036 266.5921750138
347.0107745477 333.6054076032
142.4361610749 131.9162703042
218.6218215533 103.6403645474
352.9138029379 395.4137547873
42.1652927204 113.5482636687
186.6908557910 7.8905574985
-28.9130230371 56.5303244006
7.2314297428 -8.2622915971
119.2938775510 144.4122448980
66.5645514223 104.3158749206
136.6442393464 207.5871053213
4.2230267922 438.2787834902
106.2289599482 54.7528520007
335.8671625930 292.4622741764
184.2598168187 377.4468952147
109.5134828583 87.5203980828
28.5628904032 -25.2261499148
164.2547169811 -18.0000000000
78.8616990670 344.6567753072
288.6384547273 103.8042763913
54.3478940060 -25.3867160380
254.0785627539 276.8388542234
61.8396882371 57.1362937135
330.1009802369 148.4766731781
70.2639264813 -25.9220007315
63.6381445803 166.2847081681
155.6197642097 189.9732579316
57.6441216523 -22.3513390831
164.9126593715 -47.0626443128
-4.6755086273 -25.2212207056
219.1578160060 170.3762154076
224.2056336377 119.2046077411
-91.8274524655 -64.8465837860
-23.3561784135 -13.3141525699
65.2993628636 22.6871188966
273.2476114650 269.3674363057
250.4130041080 127.6684924246
191.9024378989 68.1541336615
287.8221486356 231.0985874167
-38.1923076923 304.2384615385
218.1412443874 97.8384862091
61.4021821004 29.1205405035
134.9706749190 193.2568523431
88.9601619088 357.2358329783
44.7577774759 317.0940089662
-92.8768724322 9.6518488274
74.3163038044 195.8280078178
73.9625976161 176.0433327462
-48.3474576271 52.2754237288
-5.3248440748 -61.9009875260
74.2087714028 184.7290477621
261.8978788541 182.9292805598
168.7844303076 98.0841638299
-94.6392120366 84.3784706065
-44.8963719313 23.4474255920
213.0867526377 142.7381789762
313.7570216261 279.4501724610
-92.0237362892 -124.1791538506
-146.3152644457 244.2439299831
9.1702442303 45.6041227874
114.8298107795 -29.0523031896
141.6441983356 85.7374756645
200.0575640031 35.7685027153
91.1129927423 99.2861818699
-48.6070535115 248.4060650436
326.6625597837 189.3735703889
47.9813238220 182.4261824960
415.9109621580 276.7240532074
142.3764939380 235.8502826078
181.2041599056 -7.0182180263
314.9249445997 161.3503709413
60.6391176014 275.9805810160
313.7422098634 375.2705181156
157.2791397980 212.4488380582
229.9801585102 348.6069944023
-74.0000872200 220.9638560522
123.9803792033 221.4670674506
305.3276776246 233.3319194062
266.4740940237 296.9154116742
320.8090990187 129.5093666369
248.7003874050 192.0302059363
331.4526276135 237.7888491241
191.6727946627 348.2102297999
275.9681958083 185.1940495383
-17.6177906155 105.3429405750
-55.6173136379 143.5984197870
30.1299546851 56.8134277827
125.0963597430 -30.5769348425
148.7893220339 164.4676271186
196.4060923946 259.1920516441
160.6098669810 68.5644047819
240.7837910248 272.4883858004
146.0377447222 243.3999433088
375.8713692946 167.9585062241
119.5478052248 17.3010485161
189.9593962683 175.5767859623
29.4305652477 107.4738311235
350.7592914717 202.6266016611
67.8255911727 -74.2529172530
154.8675496689 -105.2052980132
5.2903199411 109.6448735783
92.2184722556 139.5982464569
27.2359550562 7.1296456353
80.0662353586 -5.3735684658
256.1195248701 189.7312546399
45.5744680851 -22.6595744681
4.5924170616 -79.0592417062
-129.3890461568 -58.1639477977
211.4928983668 94.7244893782
261.3677289532 349.9989704712
-19.7282703138 27.2251327434
221.3052037506 132.8216237835
52.8237330669 111.0947092037
283.7409955539 159.0208710077
197.0426435007 109.9659363981
253.8551930326 166.8921097101
62.4181301560 122.4856078605
24.8252569750 163.4755359765
306.3161905133 238.7476517130
13.9216361660 77.1882029401
172.8443229334 175.3637825667
218.8715277778 328.4791666667
236.6676376347 314.9935916108
-8.4346674292 157.0326641829
187.9349814901 -152.7929875324
299.4449760766 194.2979098464
308.2125000000 204.1517857143
265.0515514694 -29.4813659498
213.6023040578 91.0202148471
114.6788689132 -28.4172734664
122.1369863014 52.8493150685
27.6436905791 5.5491573034
-19.1130531796 166.9685384901
109.1855279126 298.5611347087
304.0515023275 104.6054591621
30.2372636114 45.9234645365
-51.5266774454 51.8464025869
215.8778482588 134.1634623362
157.2404534052 177.3825141689
281.3205340265 198.9395085066
44.9581979640 117.4232185402
336.2782136391 265.5853952927
-53.8574038462 55.7221153846
90.7419416183 39.8738233337
27.6718750000 -9.5312500000
341.7677546334 88.0431359685
143.8560144588 116.8518642479
152.1811546906 85.8577701299
29.8249184863 161.8971445509
254.4770279182 70.9100901297
232.0296358830 296.7979916913
155.2881812154 249.7830402470
244.8423857580 410.1798389840
-50.5289766607 5.9017594255
116.1197631253 -118.8092628602
203.2023751380 148.4803733315
157.2744943525 198.2716049383
34.7255793939 -75.7904346222
-4.0114292834 97.4665843547
177.1803502067 225.0376362611
157.7225448226 104.2174585682
119.7984785128 97.5137790317
40.1330798479 63.1832699620
21.6153276825 67.0043526530
