39.7173511706 215.7773377926
182.1926279625 115.1405112677
216.3580246914 110.6334283001
28.1772506164 -152.3959485573
-22.6014655594 -15.0969223254
102.5298852478 151.6933785040
216.9491304057 230.9039539193
190.1964785914 211.8463385354
232.4422905242 240.5302895039
177.3166205792 277.7711395721
85.3117818374 229.9744241461
17.6467517811 134.1493969105
75.1352619234 127.8054417514
181.8165964283 -82.0009080537
45.6281725888 141.6015228426
82.1295289178 226.2261493915
275.0720842509 32.6360900944
203.4518061226 -4.1795527427
209.6805854522 194.5815676618
-124.1287977999 -32.7646673651
140.8739808799 245.3899350246
144.7705630156 194.6195859805
-64.0259792072 116.4531459013
-0.7306432281 44.4174990012
33.7267014914 168.4412900295
194.1373085807 31.2941226794
269.4596245193 248.3995188254
60.8971988601 77.4209355668
231.2190120131 93.7457184485
-24.7671403879 11.9396005377
-96.0707236842 205.8048245614
286.2482763107 165.9192142578
142.1797737464 240.2597136549
-7.3179300493 -6.8047371089
277.9059094045 -43.1740630030
38.4514941281 102.7857059804
113.2993608367 13.5143521209
281.3700000000 57.0500000000
244.8223195620 401.5094275759
81.2532910811 93.3381113859
140.6342737722 223.4629049112
124.6484346887 -39.4947822958
171.9393739824 122.3694638055
97.5808704997 43.3347662547
60.6167690178 81.6813744631
-37.3546249669 44.3287834614
43.6265060241 328.8511305496
-45.3762856994 -2.9096225134
48.0494305791 34.6607705355
54.5914953933 51.2583982991
319.8843490305 195.7884349030
35.4312406577 234.9880418535
108.1236548044 352.4821770793
187.9545324016 14.5272065926
202.1850074727 148.5716458219
260.3499060558 221.6374476080
131.9096375310 -24.7368787580
175.7835803137 253.1542671714
230.7262658228 81.6350210970
-104.0744421526 5.4744046503
-163.9859756912 -92.8144784293
4.7290502793 159.8491620112
146.2810810811 5.6689189189
132.0133160500 32.4617016262
337.8562436695 282.7905512950
191.6030459781 196.6879407551
74.9813927650 156.2741143275
30.0106902891 133.6400786559
179.1406282078 227.5708273455
155.7742470951 127.2039364477
187.1140433553 354.5447690858
212.7951757309 55.0596098071
213.7978441823 7.9905024253
52.9550325953 68.3852907341
213.5772042667 240.6364907515
20.8680451929 93.0196546579
199.9973396565 203.8088601006
129.3047210300 196.7725321888
173.1889947501 221.5299436127
91.8973744212 215.3594715934
406.7359206054 359.3944337211
90.3774413498 17.7948688316
125.6072439489 209.0261683323
74.6635644244 121.2312019716
-89.5991398295 59.4576003316
-2.3302886372 242.1242236025
148.2817249475 135.2603484493
16.5650690831 99.0683595769
257.2004095214 122.8784233427
165.1325941677 -90.1510024301
165.8533930207 73.4882490589
72.4500068816 46.7584915501
120.1975510991 16.5577516390
-117.8840062458 143.3815525318
335.7972834444 219.8946694003
299.7909613199 97.1372392393
255.1898734177 82.3860759494
207.6838702432 220.4524802670
102.4717870939 166.2135696850
-48.4391989906 100.5264327957
81.2104775092 59.9821013453
338.3453962437 245.8412734769
266.5744297143 206.8370009401
153.0245644726 141.6001166266
-15.1056127290 -73.6263046493
171.3836049623 87.4682558988
106.9809001957 136.5178604044
185.6547102133 64.3368416085
-61.6907328562 201.5123652505
193.2891792742 48.9185337901
76.6710723192 108.8710591941
340.3596995139 71.1683605833
100.1013363578 113.6490458109
120.9609517999 113.0597925564
280.4694156822 277.3195274369
179.4092086682 262.3318229384
-86.0642590196 195.2291820370
82.6146788991 -14.2293577982
205.2781723736 146.8033499417
118.6701221590 -107.7712561444
173.9967944008 182.0202531413
60.2721653823 171.6824649536
-65.1493791088 -173.0470233747
104.3659077171 272.6300912467
353.2546777663 326.4600871474
-12.8909811695 8.6523290387
-22.6163757951 -118.5227532213
261.6013007211 164.5563410151
105.7850093905 236.3061721018
-67.4987645954 46.3735298686
-97.3745594361 107.5802627363
164.1209194514 88.3086729766
196.3677414316 314.0447196803
269.4132081188 235.1929718267
42.4601657106 176.1472275335
164.2469645459 200.3346284604
125.3231651794 54.5484429066
149.8202860624 174.2519243785
-10.6498637093 -21.8140472723
311.3037835460 206.4401671799
-92.2854690750 173.2090802651
83.9989220653 217.9678991053
-67.9866523014 159.5640150835
136.8131031589 -82.3109153030
-36.0047755492 3.4944285259
110.8178738606 67.8901207194
-83.0452544918 161.6733806244
175.2266376466 247.5992417328
209.0070699136 165.8947368421
179.6091253154 296.3862489487
-12.6714372825 113.4869615122
201.0939040519 63.7579255340
-23.2389646654 -192.4029642359
45.7360173905 120.9341062452
265.0332785909 322.7514211980
97.9087133493 140.4471685165
229.0471915733 223.2466579584
240.0102838779 127.9031601500
134.3597174730 166.8060429396
197.6318617934 308.6572409330
53.0345558618 71.6283654865
4.7203960002 -42.3553475670
305.1944975162 211.7481849446
135.3479295287 -127.0029112082
339.1555939738 91.9572734008
163.8849364654 169.7262088636
68.7198275862 275.0474137931
-48.6009311170 12.7204026098
-68.4975704568 107.1243926142
-28.7976710335 -59.9972420133
245.1925930790 78.0488541598
143.0159076600 46.4330325289
131.9383585420 232.6481527399
-46.4652223489 183.8836944128
88.4631964633 147.4999397932
-22.5772367971 115.1965356429
163.9333646176 324.4486156734
126.8818719428 213.3568664671
130.8184510933 268.6115086365
-113.4646252705 -126.9080060324
47.1466961893 75.5108262440
76.3771814713 2.5796642382
248.8489636549 243.7448912568
-150.4086265607 -64.1645856981
241.5740181269 -96.9758308157
-49.2622698205 179.6435780877
159.2016252786 -45.2998625585
161.6284697509 204.1882562278
216.9236379987 -67.2315922697
29.0481085981 110.8087152617
242.9779816514 206.9816513761
99.0852445345 260.8265324358
216.8263037869 75.3787432828
160.8746832199 208.4877132037
-2.7879752705 269.4036166924
365.2624514306 178.3718440396
126.5289169295 -33.1282860147
-55.1264331562 185.3328707281
117.2011834320 -6.5369822485
226.3811511424 310.3005272408
193.2365084274 264.5397402196
121.0084167425 205.7363512284
208.5066090103 99.1790106419
117.0000000000 329.0000000000
193.3014487927 92.5492089925
345.2114492006 140.3865394533
309.5358779670 217.2749846091
225.0965909091 258.4347283814
225.8540787029 292.1381523391
-53.7521277232 123.8386717426
-6.2678093803 -44.6645319269
132.4162471050 291.5411086497
138.2303251083 -25.8063784453
212.5818118138 193.7619729248
241.5226228533 63.4314028697
140.6747796090 248.9373323112
232.9423076923 -159.5865384615
134.5842550423 339.7524862905
-50.3553094826 -56.5350034277
182.7543402296 210.3857673748
200.1566849477 406.9582231739
44.0624717067 151.8791308284
140.4098307555 -81.1512673091
247.9461881880 84.3387179225
47.9229444009 85.6225528583
219.7552095260 153.9425234715
-6.4707094495 -127.2428613482
88.1097841066 343.3752870923
122.5025465876 -30.1324824735
-16.1586580591 117.4847451904
136.9569250877 150.0568412678
199.8613209509 346.2142213598
244.1432674252 -84.5566110682
10.4102711068 10.0562274317
51.4376805976 -24.7960391853
191.9403429584 184.7035074312
89.4123382746 124.1201527990
-141.8324564338 13.9819348560
58.0860136674 128.9121640091
235.6332590281 338.7199286670
272.8077401419 57.1872850977
70.7830293832 99.1299594470
-49.5761838469 -0.4930080828
193.2880147835 31.4790126716
-178.4428571429 -4.9761904762
85.3066931265 125.9608515244
-157.7359550562 -167.1573033708
32.8254269217 54.3494652357
99.2193708243 222.6602362727
114.7018436899 262.9492209324
140.7631472777 151.1900965843
248.2545072641 192.2490810432
45.6495208662 69.0898792716
135.1466367448 -56.5870784858
-16.3321947054 169.6037574722
264.7501363884 153.5635570104
74.3985858752 221.3207267944
22.1393503966 211.0513396198
152.4797687861 -1.5953757225
242.7730870712 323.5461741425
342.2715873956 151.4946385106
136.1568051289 82.8909443035
54.0974756691 212.7120915885
64.2966551521 55.8246693066
78.8743052587 361.2458315519
176.7081159348 111.1761989165
-30.3469642383 72.0317677111
-189.9821998646 16.4245912741
128.0010976948 18.3435784852
-4.8360413134 91.7552212117
281.3432363326 188.0126628516
12.4339713688 8.2236264620
104.4340781989 20.9046876125
263.4593014388 150.9361431695
148.7504798464 267.2181701855
-42.7639424901 73.1178063554
131.3743662543 56.1541269519
-17.3844700177 -144.9780893718
244.8852021816 -51.5418178323
120.8097735052 97.7851576724
210.9431927905 254.2372465401
272.9525392914 155.4730282516
125.0377031851 -99.6492424126
141.4824447334 184.2275365536
246.8282880664 3.4281616646
178.5840944531 -124.0494860453
152.1432710882 181.8087572440
-19.5948634073 110.6289452745
174.1596353615 293.5919016324
126.9940125033 67.8284758299
192.5852271298 293.4002162742
-75.8231971242 230.6973809698
247.2602179837 255.5497275204
261.9192878470 369.3214696773
237.9301075269 106.2473118280
264.4741737015 -37.1304907712
160.6167979770 388.0252875915
141.8687231632 262.9394829437
24.0172315849 -64.0433629994
363.8523419322 343.0772078907
86.3318081601 65.5938455703
220.7139000218 262.7522624498
-8.9067691545 185.9261095958
248.5601804608 204.7201246039
126.4386788353 -28.5581486310
154.3788860104 128.9789507772
120.1742160279 281.5505226481
136.8890829694 7.8978165939
155.0615228883 92.2553143628
176.7134386515 -1.9228749312
262.3933686354 218.1415397149
190.5350600126 362.5552747947
80.8478442281 144.5863699583
-5.3105678617 126.4271655597
180.6709940554 75.3649668115
111.8216104392 195.9326066200
-38.3811370454 -142.0737542987
197.6015186530 115.5536480687
114.8529650690 85.4118602762
56.5094798491 25.5195552908
-36.3518501181 236.3944283203
227.4115761199 272.2798717615
-53.5986060510 188.0720734991
55.8176145908 59.3966882649
-91.4102026197 161.7154113795
105.8276990185 256.8996728462
189.8689320388 306.7910066428
46.9886204608 -31.9319790017
265.3143055349 45.1782369556
291.6551054837 290.2745841421
114.3564862104 -45.7089485251
63.6201423051 66.8938331590
60.7845354645 320.4050349650
-8.3778801843 -30.5299539171
165.1265975191 245.2265632767
38.1304189814 392.6464531090
59.1429564089 60.1774215963
83.1201548907 134.5925258342
175.1015980252 -106.2120306613
272.1856523037 292.1807514623
163.0661478599 110.5058365759
-68.8709738180 80.3286871351
249.5313757992 -5.3199147525
-32.3624726720 127.1863375685
152.1166481511 212.9560387240
69.0474463770 279.8636838547
204.7648298705 334.1178109003
320.9159587629 268.9542268041
145.1204050893 180.4162420280
22.2843809366 -139.1230692988
250.8471739479 141.2533019625
113.3960364201 209.7591808234
130.2083383540 -82.9456561031
1.1298701299 177.0727272727
13.7156288127 -29.5698667496
63.6923631933 32.4604370761
-33.6101694915 163.0000000000
8.9337941069 74.0803928701
412.8891642960 123.1149480326
17.6695443645 49.1803780505
251.9092549161 139.6955920380
129.9175178134 208.5910083607
-8.7410118206 -99.2915853102
163.2581449845 50.4651145211
87.4736804075 39.4614689837
-48.0886229359 -87.5194667475
69.4850101311 89.4262498449
290.6466841514 205.8643686774
-0.3318418845 140.2944350315
122.8929231068 121.9602896860
61.6703200351 113.4173608067
254.2496433666 359.7926338996
120.4012308226 117.6188783913
2.0550813815 91.3006153235
-66.0551250582 176.3985175916
366.3647961672 281.6498368687
259.0435774584 375.9737622633
5.6601197565 260.5593834387
233.0719407819 141.7057598890
246.5452139391 288.1878032642
73.6519403787 229.5774137236
22.9761030031 40.3260912063
149.1709288150 -32.2369087896
255.1195592604 55.0971473074
33.8249986246 112.2793090169
107.1996884294 264.4165663504
28.9274179502 204.7582423051
225.0099812851 119.4656893325
238.5545354175 150.0361438782
-44.6173298624 -92.9340833023
93.1246056782 156.5763857594
179.6425956658 312.0113481062
71.0268848518 126.9208708917
-24.6311311746 253.0356584773
239.6551673126 49.8004378828
242.5616008599 68.0398215156
111.8617742104 198.4345877202
275.9286385403 260.9142874462
-39.7387360145 256.6694889628
249.2235262009 200.5563932860
221.6798499421 251.2983996488
369.7545387704 146.5012065683
189.2021924482 47.6661845311
33.2066574202 -35.4507628294
141.4159901527 333.6392837256
61.6568525274 102.2076602397
-26.7180518320 10.7381590706
46.4144177532 68.9457340835
347.8345160724 239.7717987002
136.1626043406 193.3066777963
199.3892723775 57.5075251782
93.2379334520 208.6556382462
26.3858156555 88.2037374150
279.8215536596 -50.9450381679
51.7174437402 220.4077262580
128.5158494345 133.5028153061
-40.3686568990 -189.8435597834
-192.5941126280 -52.8981370876
23.4686472522 180.3903240958
79.5833744539 153.5226564286
-12.6855098978 -131.3388081485
159.5951603827 76.1893078222
116.1132637854 168.2924150914
145.8144696505 170.7445738811
183.5739031407 159.8640613762
-12.3675934974 118.1079328418
-56.3324277120 143.8277702309
-9.0990654206 -34.1084112150
148.6533765154 354.8206048405
114.5586095392 226.6809485314
-33.7019739615 81.0286142462
164.3939619459 -94.2508744511
46.2948000000 212.7752000000
18.9378857451 127.2649882882
149.3482142857 191.3482142857
160.3470152637 310.3850486122
158.4475982073 285.5795652997
51.1520593870 41.6538553640
208.2511934017 138.8965341920
100.3837638376 133.3321033210
92.3932150409 113.2223958812
181.5972939065 168.5026600391
107.8074412533 161.8550913838
129.3967414009 244.3183400641
-36.5371057610 159.1953750892
-63.4854368932 205.2621359223
180.5185539350 273.6192288767
80.7002024715 125.5238148433
195.7543725683 254.6546549822
226.6501845311 51.9472598119
88.9512644400 363.3217988053
231.9986865868 173.0083730094
-47.5445623251 221.7046111668
97.8312330121 -11.6069218596
152.5979368969 156.7687025441
312.7828916161 222.2912657966
189.9747766684 -69.6957435628
167.8207989749 -12.7500155000
218.5311473118 89.9033769139
1.8795654184 46.8294036061
119.8546462755 284.3201586857
106.5363505588 117.0440411641
44.7060243041 98.2201154874
172.4393655551 195.6094667166
-75.7697423491 14.4450801652
-62.6102315633 -18.7441947141
71.2921738623 -63.2885541641
108.0307959479 -8.7316931983
-56.5928606161 161.2374360001
188.6798936720 136.8061433951
191.3409862738 -5.0136616608
-96.3758511875 167.3131262802
-19.5752888760 113.8355127323
157.8905795184 221.3024609685
137.1347473487 6.7170929507
155.3631631894 60.1117526134
152.7229687500 154.6410937500
76.4277115149 113.1241779066
116.1863647480 130.7690033127
-37.9210118410 143.9864970677
221.7309109862 72.4673318194
28.0979170084 76.2109234050
172.4621444974 17.8896661367
-45.3903061224 169.1301020408
38.8261414327 -6.0057515077
103.0871900174 194.6888327278
-118.6113304767 -148.2908900115
-105.6801010728 -48.6063017616
57.7075343088 -89.9509679178
346.7129567293 1.5849807210
194.8369865329 -31.8467346594
48.6010074692 200.4968733715
189.4123871203 -11.3933229955
-79.5608860004 108.9330459580
192.4998898921 182.0786170447
67.4618196109 117.3918255060
150.8529934795 92.6614181980
183.1096428709 327.2691374196
146.3478442863 164.0219757221
182.9810924370 -49.0987394958
56.7828196059 89.1436078828
292.8301686484 59.2797864596
212.6624509376 173.7797645007
283.9251770551 136.0961412141
177.2624258966 79.5249561030
34.8725650047 45.7765382305
42.8168279970 14.2271034996
191.0465616286 47.2991903786
189.1605053878 141.1268082762
58.9107611549 -105.8123359580
61.5222158766 76.7810394061
311.1104480194 134.8706106210
4.7114420464 176.4657166816
148.8666903662 174.1581940988
15.2053082033 213.4393895368
98.0785195087 100.2552594202
279.8891994575 253.6934273321
-40.0228322555 92.8106110598
334.6134216874 293.0865521551
108.5801057288 236.5596072931
341.1577513791 98.2725857767
111.4445891326 -63.5106289425
180.0735040276 258.3098388953
304.9631163047 199.7858216135
251.0462378014 332.7752513458
201.5595267039 11.0182348651
164.7187020097 -18.3076049943
-36.0687314807 99.4915912549
139.2643301670 14.4674091058
202.6544117647 -5.8546380090
272.0842702532 -127.2142481875
-95.7684421663 -8.7747460919
227.9926214459 243.1332944386
138.1026028432 165.7643019023
233.9043206023 107.6856879448
89.3079337114 86.0495512856
367.0000000000 78.3031674208
185.9965751901 189.3014722235
421.2094535871 242.9969160896
303.3019494970 132.9359959645
100.2517018029 73.8759849829
-102.6561751078 -56.9634126857
-17.4382786708 133.8837406062
65.3634831697 160.8889076126
153.8236397749 -12.9768605378
101.9565635904 253.6415593791
-8.6792452830 28.2201257862
4.5899232882 163.9531205607
-58.6920109958 107.9578494257
152.2196878552 -38.5806705885
271.2316205534 171.1163184641
104.6921717729 120.4450194049
180.6172002804 -65.3958868895
312.7137901127 346.2549869905
90.5510037184 239.3197970840
102.5932584270 -53.8022471910
7.1879991666 106.2918258212
-127.5176933159 53.5111402359
177.4857019064 244.4644714038
-42.7123555384 60.1342678602
-14.6609735269 32.2860802733
72.5516136274 73.7448696016
205.7840239369 385.2686553631
115.5012608850 142.6405098704
-101.7636048527 167.4790294627
49.1367792271 70.6474460563
49.6145038168 190.6781170483
330.5969400552 263.5623275646
230.9327217125 306.2110091743
71.3262404580 262.4838740458
216.7859294607 128.0540108235
150.5486891386 -66.3515917603
137.3568847852 15.0493777599
90.6601941748 203.6283710895
86.0979258756 91.9717783067
59.2101660795 79.5222445898
233.1775644943 134.7014270822
146.6329625885 273.8088978766
51.8293980319 -52.3353970271
192.5848888228 150.2599836395
161.3047231125 183.8673212712
275.5924792304 318.8972452995
73.6173238794 -95.4490193639
-95.8045820483 -63.0318820844
73.7149496514 162.0511231603
-138.3174061433 52.3515358362
128.4169875990 112.9873493383
-14.3537906137 239.5126353791
340.6696959990 114.2359229159
139.1043725125 23.8930668819
-65.1400504369 84.1474400328
310.0231170141 247.7652151984
120.8497317575 190.3802615528
19.9191629297 80.5618535127
-1.4842328306 88.8002617475
11.3132940812 -8.9838859622
230.8729548935 292.7976519894
-94.9620253165 -193.0393159527
66.1578136204 67.5724576166
94.8931945556 115.9053642914
-70.5610331464 45.3059961967
-7.2502394063 101.0165190328
276.5156298905 165.9561032864
-21.7007382699 184.0244340514
162.0968695705 189.8920352364
192.5459743824 37.9855901189
176.3743839579 149.5465176544
205.6000000000 183.6000000000
76.9386516136 193.1940568751
242.6045112069 70.5178884519
39.9593066042 77.3146174603
85.0336606531 68.4975565198
129.7178237921 301.1571254568
15.5458150985 31.1608315098
130.2590544022 -10.4931681568
321.4835164835 154.9762178120
172.3747256110 144.6105604853
233.7401280973 178.5866691997
209.1719270056 275.9617812464
151.6918429003 128.5528700906
-77.9415441395 230.6613488898
107.9623848887 193.3652200711
36.3654647581 393.4094944736
68.4747538154 122.8312605438
4.2033175355 107.8521327014
351.5078864353 135.4272150930
136.1462325220 155.6230580010
101.2069069704 290.7606248300
92.1163801889 61.4884842720
237.6633139862 313.5759013020
-47.9241726934 -54.7950909489
-48.6819666183 53.4629898403
32.2751736586 101.2391292457
80.1879699248 -49.4511278195
42.8825301205 80.2740963855
81.7719762817 33.0001246145
333.3939250891 201.9783748148
81.2347639728 200.0536662623
135.6856670797 129.7649731516
390.9616948427 385.6661673443
190.2180052957 129.3940864960
65.0834343246 51.2874522234
174.4290573652 5.8990487172
-59.3584766827 100.0100349369
-30.0221581697 -2.8058007566
208.5459132190 322.8900100908
222.8759689922 -67.8182854537
57.0034679636 -23.6380207232
42.1317611565 16.0994096197
-37.7484478075 204.0891540551
419.7757300293 358.9956416163
115.3674465287 -116.8551602409
146.8062356248 176.1012011245
319.8350785340 327.0049083770
-32.2464697576 82.4959402212
21.9151280909 -124.4639003434
312.2475425592 279.0921028842
160.7840923669 285.4986957451
277.8396108917 72.6218412991
-3.1443428273 146.9470081003
173.6578822224 108.8115241341
50.0627260880 118.9093699378
71.7359683794 -99.2134387352
121.5312855518 117.3902161547
-93.7575918577 176.3387570772
215.7669421488 187.8446280992
148.9324728769 169.2899364010
-97.3075029139 -44.6734942441
2.5919178961 105.9415009622
246.0398208819 299.0029094037
18.7102793202 35.3362552496
324.0856053384 361.8533841754
-30.7970071568 174.3591411841
-45.4210763801 30.8835362939
109.1203007519 214.6334586466
-34.2230576441 257.9573934837
84.1416849015 267.8579504012
140.6458840936 103.1690307764
-61.7352982998 -58.5372950903
-100.2905904412 63.1741476294
-50.8689057421 -38.0671722644
88.9845885821 173.8779147682
140.8620126927 173.1978241160
21.5896578625 163.7126936365
138.2439078793 207.1783862154
147.3316842332 253.3439449344
80.5446776259 37.1219193477
196.4345114345 205.6153846154
235.2823752369 120.0720151611
143.5805677729 109.7225109956
-6.0643776824 1.5836909871
60.2075597307 -101.8590872106
137.8607886049 39.3656292889
258.6477747784 272.8654117197
94.7049864247 127.5471160850
-23.8409660245 102.6429812503
164.6373978299 -46.9925911763
193.7645051195 156.6075085324
420.4600760456 259.9467680608
53.9969372129 200.1653905054
40.3292645609 135.4653700996
-34.8866348013 56.5212901813
72.2562857901 97.2416094657
201.1878286520 198.1898898844
-73.6558310929 201.6952377371
148.0077372669 -133.9088783746
-12.6940647819 59.1997753230
132.5090909091 125.6181818182
-53.6525855790 24.7995762431
45.6032757052 204.9836214741
-12.5150716930 169.4330409284
326.8831673579 228.8519258947
219.0000000000 267.5000000000
208.2079675895 200.6616269853
54.9032208488 49.4245065537
0.8546557709 -41.0551805187
-101.7390191898 14.5650319829
-21.3180778032 75.4027459954
353.2898451501 155.3405690582
249.9371402374 154.3674035964
338.2860035828 178.2363891269
-2.6581350900 132.8270769277
262.3140954495 99.7169811321
304.0432632880 305.9134734240
16.6828791602 -34.4134465044
129.2674839788 181.4867651156
340.8567259417 172.5783147429
89.0558555518 182.5499493756
122.3894208646 99.7031794377
58.3117464692 -1.6265931795
60.1393567284 216.3700219681
18.3570420782 -42.2163665034
90.5825987407 75.4892959359
-26.5860523347 -59.4343498354
256.6204873470 130.5432393320
157.5960887552 -0.9176382099
13.2136109068 78.3283362562
0.7667413346 1.1342254185
33.4101735481 121.3803084785
-87.4337214609 -115.7082419443
387.9053796496 356.1173071011
147.4191917909 127.1336262731
31.8188775510 41.0000000000
130.6148394363 163.5232810483
47.9334584829 -1.2306627451
60.4912547529 280.2661596958
-101.9908296565 10.3482135133
-60.5768388614 273.9844294867
175.0932737050 217.8788486723
197.7438644463 112.0414640160
303.7429636609 52.7722151665
201.3270241851 18.4549596916
-62.1295450182 149.0716836245
163.4593556646 352.5178152336
139.2346661842 170.4912248960
318.0978260870 282.2127329193
372.6624902114 113.4894283477
136.1432532348 290.1326247689
-31.3593491076 170.0354785254
97.0239796235 77.9328446294
224.8317221923 388.3420736008
399.7934787360 238.5970977753
348.8235603597 262.9634589631
-116.9261461730 176.2484174180
100.0531665364 21.8084440970
315.1926166467 233.9583598763
291.8215451578 212.7202393906
80.6201244116 235.5548924008
371.7030118185 191.1906214258
280.3883265130 73.2674133104
47.2944334132 -59.3674495036
128.6164902599 199.5954449981
-89.7318087318 243.9827904828
147.9266225713 -18.5454216618
86.7052468046 172.3872137090
206.7464503043 159.9858012170
49.0197242544 219.2587225661
94.0985313087 127.0125596868
75.0728378274 151.3437668369
50.5530680685 341.7920783105
14.3295107664 -107.1131094794
94.2326965236 -79.5004697776
-98.2852576017 282.0936733328
349.3934426230 188.6721311475
12.0385588980 167.5864190263
109.7970950216 60.2687659386
-8.4072909301 -52.2651196546
316.0269313345 336.0050849373
185.7177886664 338.6183212612
217.2092777384 126.7300244761
140.8862063889 142.5369825147
282.9213354977 187.0721493441
40.2357765249 11.6765761148
-1.7886967524 -38.1640657950
4.1404713182 -89.0727440755
191.6740840068 107.9251984199
32.5977859779 -0.0811808118
-140.4679877351 272.4672555032
59.3236666998 276.7410865031
35.5738567775 337.2506994067
271.8579380093 341.0548057334
128.1739130435 44.4347826087
212.0381040316 209.7128416788
105.1341415414 -6.9096276470
296.2334109817 49.6485856905
271.0550102716 113.9454462451
-47.0103019767 231.7033030713
67.5598611505 211.9414139983
9.0386660222 132.2382793620
335.3686260623 196.4068696884
-56.6007105178 36.9467111637
209.7641190855 -78.7187827505
176.9177817310 113.1715523242
246.8934818042 127.0080635050
92.1613027509 381.8770965505
225.6740642000 260.4998378787
202.4104544598 338.9194250823
250.7027321742 52.2031865269
32.9991911130 187.2410483175
-1.1472536385 27.6018113820
188.4053778946 8.5442725058
85.0937938066 180.7023490931
156.8166548043 175.2368683274
-7.4422699396 -194.4056246291
246.0569904955 18.5310708844
205.6055194805 202.9669237013
144.4904353181 60.0135098726
-77.9348943461 3.1998857796
-189.9518569464 123.4718019257
78.7189292543 218.0114722753
188.8143644588 -3.7388979435
-123.7782625942 100.9981118604
318.1116943684 342.9251679675
208.0863364569 119.0986345382
249.3852708460 129.6780956245
67.0965627151 3.8631605636
71.6681018108 16.0005735611
121.0537634409 330.0215053763
297.2374413350 42.8417347471
162.0760929670 261.1254104026
120.2105338691 152.5564724455
198.1870566743 62.5265918903
207.8452798259 229.0719207059
51.2708731618 -44.3220741331
183.0501143175 348.0112463696
52.4297050072 70.1445207744
84.9897455817 122.5098854146
116.8596433070 207.4634356560
90.4312308852 -38.4224990027
14.1770573566 222.8865336658
-37.9204545455 21.2215909091
184.6324883307 171.8874590608
368.7060349536 124.4791780448
185.4731052873 -0.9637306779
243.2004555809 193.2574031891
5.9208801498 -79.9653558052
171.7286223568 185.3232407091
145.3782837128 239.8507005254
162.9230769231 192.0000000000
361.9780808165 369.8245628712
-54.1485714286 143.5321428571
168.0415486308 -10.7903682720
272.8365067520 322.7222155357
236.1062573790 220.6977567887
122.3410910239 156.0533038604
103.4527076878 76.9694555113
2.4756527876 198.5208186309
245.3380171741 26.3356752537
112.9812613591 284.5842821032
328.8344924534 258.3591299201
218.5760971175 182.0489300944
37.2736842105 -27.9105263158
165.8770949721 83.7118914605
179.3262986383 298.5766380882
214.3572045057 175.5180693562
328.8093401439 309.9408944022
-50.4225012071 48.9471269918
62.5448493700 300.4718948477
225.1529305067 54.1638136266
-30.2512049901 78.8445562801
222.8969836822 189.7903411900
-58.0732345248 204.1028770706
262.8243717914 219.3915158065
163.8398668910 118.9764865063
316.5746715833 89.4353249597
265.1581550637 211.7865710399
212.9350000000 229.5418269231
116.5001257229 226.7513200905
108.4149005899 -98.9894134705
151.6631342325 203.9971098266
249.6348174341 31.0442315248
190.1890179514 -59.6668426610
157.1018700787 72.0236220472
175.6503113795 304.1117191923
109.2793471438 50.1029504080
127.7431630255 276.1104360693
55.1139761977 17.5100701861
-53.6835633324 74.0930819879
116.3299236889 156.3638577691
292.6009784265 321.3101451600
89.1968613126 30.7547731385
262.7306216351 256.7061824079
-76.3849614396 -34.2365038560
175.2650205290 56.7037688319
343.5153995535 227.8280731048
147.9177012090 204.5521376941
272.9341222253 90.3926855418
217.6233379382 25.8336427215
118.7125532612 102.9062602425
161.0566352027 63.8159355913
243.6996466431 127.9681978799
249.7507456880 77.5605628323
-123.2483885917 -58.3006277120
127.1127291417 54.1060476272
131.7900256611 224.5762579493
297.5119000397 246.0278659262
369.2058645988 112.7299173477
140.0396825397 57.9603174603
190.3295512566 138.5318545413
149.5038198633 -13.4993968637
83.3413173653 94.0958083832
301.5471153846 65.9631410256
39.2965641953 56.5678119349
29.3000000000 225.0000000000
218.7366917818 201.0835907311
209.5205045221 181.0235081575
265.8400096090 34.8746021260
38.1652257445 197.3170028818
-114.5611325611 -137.5148005148
151.7548298463 -37.7796445233
244.8331089833 151.7535620857
-122.7738061195 -72.1489848442
26.3845462713 71.6296495957
15.0956979807 77.6255229045
316.6683285850 265.5125830959
196.9821312338 256.9610435930
177.0551249990 164.2693460100
78.9718875502 124.8433734940
395.1512466516 124.1772099732
128.2714285714 -3.2868012422
132.0984544934 256.7946479679
78.3688592570 172.8323890870
50.3823509370 13.1940034072
1.4922822245 48.0363742114
117.0140931407 184.4965948138
9.9295052652 -55.8265448043
123.8367346939 18.6428571429
23.6017243714 44.6149505710
308.7915594442 245.0468347916
213.8710344542 8.2247590685
115.8396080454 274.2661165549
135.0823870311 29.9288902811
13.5744470485 137.0029295445
199.7287027479 95.0419800423
232.5539366053 -9.9097648262
-164.5312771503 61.0939762525
-89.2172131148 59.6475409836
-2.8193534756 -136.7195753222
-111.0454347826 241.4828260870
162.4391144375 107.3362048397
-26.0612944229 -5.0777485546
-46.1159675871 21.3924593165
416.3609222584 317.3757020396
252.0126668284 258.9802475127
284.3419217945 27.3919369506
394.9240917394 284.9482443678
316.9727891156 352.2244897959
21.5310327067 -61.1890291012
244.9586929716 290.5339087546
45.4334516415 318.2209405501
-113.7420676736 29.7088162979
139.0503433381 376.8334834529
37.8176176782 39.1422733465
88.2164094955 223.4266172107
96.4587686728 15.5291425611
280.9510205234 200.4641617028
-10.5334233967 88.8521250388
105.8934988818 165.5793938459
244.8328418439 128.0392674220
197.1169747131 305.2246912252
61.5171335818 145.3934110857
46.6525924907 -53.7623435566
72.9688526454 48.2944998534
122.5051010501 -54.1644211092
114.2921997524 182.9966983079
248.6369520917 155.7226195709
-39.8885582011 62.7148368607
84.0774577002 -0.8942625701
-5.6443087595 222.7950756002
303.7167555859 28.5962533595
162.8109891850 190.0449125793
206.8672148097 -29.5242479445
49.1171875000 23.2265625000
196.8580001297 247.0836126549
176.4336765997 252.1359410249
295.3674475956 333.0863131936
82.1235159378 178.8664300327
-68.9853327496 14.7125656743
-12.0396865045 3.0506850549
70.2053639847 -24.2934865900
