1.5433389545 193.8391231029
96.6022476558 59.8829288472
115.8834828021 128.2264036538
-58.7422298752 65.8525756924
182.6949602122 227.6620563345
86.1041507512 6.4812834225
-27.7773560492 30.4463769679
-72.6827590973 -60.3518678508
215.8021750388 320.8171931642
304.2924247436 27.8402249421
94.8987037979 249.3240726404
331.1712750075 259.8988354733
87.6179713341 180.3158765160
20.0719067848 55.7457604078
57.3187713021 149.3708438813
361.6045186717 122.8407148710
-54.8246461493 96.2824477398
346.0470510390 50.6290103366
-67.8831903460 183.4929763364
77.0057915367 128.4425245980
-85.8721404209 164.2728558356
70.8201859832 162.7843501928
-14.9981865807 51.6433608704
65.7542963307 61.7803065490
80.2112168768 374.7653717520
2.0079470569 16.6907223707
114.6589753618 261.0402815800
277.7857142857 80.1785714286
189.5465643530 128.5127310778
295.1235544969 134.3687809751
53.7099735075 214.7076186144
134.5185364610 309.7068077511
-58.1131386861 234.7664233577
209.6160010760 -78.8176061153
156.0410212595 107.0049555209
134.7138011222 153.8073091119
342.7391841780 209.0543881335
272.1591600596 170.4106571184
-131.0836678228 125.8730369043
-12.5830380074 112.6353214629
271.8895941963 245.9056903197
52.9992138365 180.4933843598
90.8030295843 -37.0114162832
221.1594594595 234.9351351351
73.3207345065 -103.6938026014
172.1091932917 245.5845268699
-41.1069394096 125.0644743656
-13.0010528142 -161.1985990393
49.7382287980 -19.3751443965
261.4803011292 170.4544542033
243.4632248939 321.1944837341
-0.1835075242 67.5375449933
157.9562040621 369.8762231984
178.0801670571 109.0031577875
36.7698916098 -89.4353985459
294.2764426877 253.9939525692
293.4025083228 161.1688669498
204.0295887827 11.8147721245
145.8382978723 233.1242553191
270.5042795922 27.8593514637
86.5348837209 -112.5069767442
297.2694865164 292.1903002797
119.4909655887 68.8870986305
-19.5714285714 132.4464285714
28.7704654896 -12.3852327448
50.8503168779 -84.3984322882
266.7509431749 10.0552808022
177.5718167409 226.3286285757
316.1626850017 -4.5725439925
0.3958683377 267.4526373778
206.4612927009 -100.3285819612
102.0144097812 232.7937994275
-2.6750000000 -19.0527027027
225.4132600481 307.2701820680
114.9419699431 355.7689514106
347.2010287486 107.0739148816
242.6506787330 156.7036199095
66.1225399299 129.7182080249
34.0663179916 -81.6121338912
205.2688471850 33.9387667560
252.9540240604 321.8461406945
113.7230169051 79.2763328999
135.7229362766 54.7172503862
213.0054840619 245.6083881220
219.7678469368 280.5793756634
104.2424934842 356.6740690492
215.9185773188 139.8674810219
278.2826510436 312.2802196997
93.2038149493 219.0328982005
30.3568951627 54.1673613787
138.1012260766 95.6253305213
106.1677068136 77.8457197581
-65.8552473193 -49.1270295607
110.4704785502 5.1872309991
108.4771203301 222.3049148920
37.8528627285 90.9212844908
233.9287429944 238.8278622898
66.7292817680 93.5138121547
11.2421769964 102.6471053091
86.7817941128 301.8548603578
183.8256532067 105.1698812352
35.5716183896 129.8966250332
423.0155463250 334.5777591697
58.4440873453 -46.7774120391
136.0136383634 191.2608886934
269.1384491548 318.9270922263
-3.8076767837 69.6528971554
-44.9471731314 100.4310305256
121.6643926473 137.0939927989
186.3207658902 66.8530398737
419.4320538202 407.9527508831
109.7481037020 -40.9251669874
69.1006200676 -51.2471815107
115.8192942291 54.5013815426
77.4153340410 146.3799267199
35.5003749707 294.8349660183
-22.5607380134 -49.3404888388
332.8598585323 248.8032714412
23.2745775371 50.5588180375
103.0616851255 109.2653161363
14.3316262234 94.3104705725
-21.8234096481 10.0420908298
103.1340884956 250.8058053097
218.8216718882 217.2809189915
18.4642819569 122.3677012099
43.6032508076 109.2720540354
-6.0535769588 71.3474759988
6.3019163082 25.4649980446
262.8341539664 -27.7230949590
265.7622875292 115.5776069951
-18.2601800257 5.1950278611
68.4151676237 -114.0588853518
171.2920921670 20.9378457939
130.1924684612 154.8551481883
187.0418553803 56.0265500547
-127.0600552801 -0.6565104699
67.1171820507 202.8082306440
286.6268461462 87.9010366387
20.0158940397 -15.3421633554
-63.7239579245 148.4246016171
118.3978756777 139.4711528625
111.5198427146 178.9594407631
53.2108351926 39.7999320982
217.0341178329 284.4893381772
47.7297297297 -30.2162162162
230.6828748689 216.6401616484
238.9129132461 166.4365431551
-57.0745748709 29.6864716007
35.7244073978 20.4131284189
42.3268515932 62.2718033562
84.4496723398 216.0253641978
39.1717478053 167.4198723065
137.9654763919 300.5256388560
300.1106471816 46.3528183716
279.6459577052 70.9685318223
186.9848399140 6.0383527548
-65.5946220193 39.8554208436
-0.2627867935 -74.6613318411
36.8002715651 106.6564189276
161.1161055505 121.1816196542
-188.9196772145 57.9262151156
130.1011124845 150.7364647713
233.3400327179 123.2376723534
-3.6945475921 255.0253193594
-1.3095723014 132.1247454175
189.3417097807 118.3020448386
134.0346445757 169.0056420856
210.8032786885 99.5491803279
303.9642677403 269.2125242649
331.7831715210 386.4563106796
195.2403520650 379.1279620853
222.7075874203 11.5374532659
130.2460453920 -2.6656636864
-56.1246347165 60.8256867329
241.2156653441 426.6941652736
100.4204445423 381.6621552230
-55.9833104584 96.4490255284
138.3629342207 93.9223099498
103.8497495826 73.3489148581
-26.2999911793 129.8564876070
202.4347350196 14.3550916436
57.8993773576 191.6267781666
325.2526563727 355.3451452499
-99.2347965820 -104.4679536596
-153.2037404778 90.4186452723
57.6242504320 139.9155401972
17.0760498406 427.4547613125
258.6366906475 231.9284172662
159.9144385027 -118.6740782437
135.7362384615 148.4844903533
118.7142857143 170.4187192118
33.4544222684 131.5130565827
23.2469505178 -23.5601841197
173.7757926522 166.1679667841
23.8101629180 105.6571578021
-143.6121870572 47.1745394426
420.9711690363 241.9549198826
-40.3202413309 52.4616648248
283.0839112344 337.9639389736
148.4096181730 77.6263895602
161.0367033172 144.3143216549
143.1257325741 169.2894966541
356.6681956904 346.4595579395
191.2756450702 25.8625344536
180.0627375790 53.0933929348
-99.1231434573 -16.5712838255
295.2945518453 136.4579964851
224.5989168327 156.6085657371
-93.4384607145 54.5574688019
273.2388645812 293.3042772128
231.7673892815 102.9537131739
203.7679895607 336.6654035810
41.9983736738 -15.1228918821
405.9069316529 228.8933591857
-46.2874493927 196.5587044534
-9.1310072416 157.5867017775
301.4221078299 264.8033053373
347.5582109187 107.6575312431
-41.4617283951 210.1777777778
-80.4192992679 74.8747751628
323.0361799722 101.8736277895
-107.1183002349 146.2423660047
148.4392154680 358.7827091262
96.0840035746 135.7774798928
151.4334727487 75.6175663312
-8.5709792409 23.9396099811
217.9545892873 -76.8077496274
-32.5563114039 29.2251191726
138.6129272769 66.1733195687
-79.5709261430 -23.0070339977
-28.5089953880 -81.4893843994
-29.6735014123 241.2862224082
386.3875079669 126.2785213512
186.1279251170 77.8814352574
219.3819773306 -78.3618723608
214.7695793032 273.2176025918
124.1537316100 -1.4075883019
-70.5220323192 46.6970819516
85.9104289684 210.0825373394
290.3104859168 386.2052339569
-44.4117214321 -101.5039234919
70.6987246330 129.9253228523
207.4175742370 64.3612727122
26.7560452733 32.7328784491
258.9748574787 82.1320717014
-77.9098162421 -32.5273150555
280.1418181818 94.7163636364
156.5202274922 139.0541903638
119.8044077135 65.5785123967
34.1713781635 211.4493024010
30.7628402367 201.2776331361
200.0132253184 294.2739739398
198.3389733882 36.1470409812
-16.7032810271 102.5848787447
76.4215182061 -26.5044229582
378.7683449384 90.8227102303
37.5759140673 172.9629553123
56.2519690112 113.8572325930
286.5328498733 243.2240878469
-10.2344517526 55.3131296312
65.6302074592 92.7366029357
107.4767891599 203.6991719376
49.6204081633 286.2530612245
152.0000000000 73.8750000000
275.1390721649 197.3317525773
178.3143055848 213.3870276997
307.8962560973 331.7306628376
162.9104631218 65.8889443318
76.9630410766 198.4438083760
160.2428029915 -17.5735068128
184.9826898256 8.7175867537
281.7468353257 359.9910480956
196.7849169784 182.2175875823
138.6904625928 172.4860079954
94.6797247515 200.4863001321
232.2762973691 150.7385710838
-83.0515395879 -22.3818343061
81.7289430005 120.9602030145
18.5810055866 34.1396648045
248.9907932011 251.8958923513
27.9408999981 -117.0915341141
119.0772717403 110.3245214056
111.0902937266 135.8045449051
246.3977217774 252.5737467089
38.3923699143 23.3903175178
169.6521591756 144.5076943936
32.2899277934 196.6816791090
24.4780767194 127.3624921789
18.1902291804 274.2620013204
188.7319704713 148.5854628052
198.2483660131 109.3856209150
-44.5499868022 14.6917315560
61.2611650908 94.7688815302
-21.1728826482 -42.6983289917
-30.5388717053 24.9727129547
-11.5522620905 109.2901716069
266.3823870220 67.9119351101
17.9547300852 -123.5029569610
170.4416590702 361.8696444850
178.9834307337 302.3782046976
151.4380689097 193.0681006001
124.4483311246 156.8862760810
199.6279641126 -11.7196569197
-7.0583811396 49.3374551499
182.7517934003 158.0157819225
170.6918714556 119.2689035917
87.8484557796 148.9172731633
291.5687939352 154.5651274983
238.3178027326 218.9875535502
115.4791074099 296.4158382938
124.2084682118 -19.4697656351
178.8366420874 85.5445263755
69.6921324402 115.4867941774
47.5871338873 147.7436177012
4.7859204974 108.7115256496
183.9376548516 79.5598928048
41.5939952606 138.2674522251
186.0812962633 135.4762546740
59.7455199446 -27.1486427809
33.6536091549 69.5809859155
198.9135105416 76.4041531857
190.0939161252 309.9066745422
294.1819252281 -4.3070356197
30.8924205379 18.1075794621
129.6080225445 188.3968466299
-103.6408163265 -66.0612244898
131.0997554141 -25.1978769545
172.6294680562 227.4718384853
117.7312036141 290.1494030332
17.1058484349 174.3383855025
11.6603555023 110.4476799148
213.4580211832 416.9845517954
179.2736111111 0.1229166667
-85.6105108383 16.5551941542
217.0532791688 -65.5516581384
-25.1496461072 144.5485338726
293.1720096032 115.0067787036
41.1114106603 182.2743365706
158.7905004241 76.3621430591
7.5527209655 25.3534725735
289.1335453100 194.9602543720
23.2981715893 120.3839662447
101.0368985290 274.0225213995
13.0337901670 -29.2019559577
80.4319454084 179.4841369200
83.0984108750 -17.7794371051
53.8083492107 124.6676646707
98.6120377560 88.7081021918
28.4765048306 121.0687758646
227.3084744502 98.4374965147
188.7933346631 179.8328448898
46.9544592030 106.9430740038
-0.0477117369 95.1125326612
212.5754421246 344.4307091737
299.1989070160 344.8874065740
253.1960975894 128.1571901477
218.2029347738 125.7774731920
105.8344802931 326.1548842613
270.2103714601 179.1342405296
85.4589470903 149.5265869608
162.2398293622 207.9870634343
254.2465422264 340.6667062973
32.0902329802 157.0018543726
235.3268078733 204.4884734703
92.3560231104 -11.7569262319
276.9160188165 104.4320659286
190.8178642715 374.7814371257
299.3644607063 171.7818962774
188.0180537772 185.8483994878
-49.0326308972 135.7291386439
304.0159014952 86.4407036060
239.3677003377 -9.3041449186
220.6482213439 278.9841897233
-70.9015817223 14.9356766257
413.0465809543 323.0783847547
255.6124979868 300.8050813335
71.6264762480 230.2449911331
106.8529411765 294.0000000000
252.1280388979 363.9708265802
185.8766748524 201.1988496833
274.0466175436 342.6791942830
105.6415727313 200.9779812609
328.4295702006 234.3275644699
149.3743774884 162.5081998694
183.3698189176 38.8691444572
16.6746775541 -15.8332560082
154.1972060802 56.7340623479
-43.4813586684 42.5066864460
-50.6514252677 56.0446433060
306.7991902834 331.1396761134
100.6221059918 89.9952311361
168.6264802824 384.3445589442
147.0968592664 148.8105969791
137.2792384406 261.3839528558
-56.3164522310 150.8699698878
158.6694026448 242.6387368901
180.6824404441 161.0716826560
-40.8395540475 12.0974309258
175.8619024524 84.6383189592
281.9163690217 102.7180939106
329.6246723207 86.0457208944
126.9260851655 197.6714252613
-53.1000000000 188.8500000000
86.5369706166 9.1430542144
108.1175365678 272.2993565662
87.9894231586 -13.2476849885
222.8894275691 257.4968707579
119.0365488648 182.1655618127
-11.7356809042 143.4526681882
141.8444357695 163.9413601762
9.5969849246 93.5256281407
138.7528163622 137.5559444384
5.0137699932 106.9490876323
175.4186503829 -33.9243772856
30.3583704647 2.7301082113
137.4959868029 29.8652841122
289.5301059002 349.0441754917
390.9295007564 28.4459909228
438.7757803379 219.7988634286
67.2449242267 232.4163587295
318.7486007891 193.2977520873
216.7413127413 -63.3281853282
26.8306468068 317.6215058151
201.1762754699 151.8068235666
-49.7577295636 92.2775494156
286.6257209998 252.7195043794
270.1165432949 191.6322947151
-9.9501975475 93.4752980291
137.1932850941 165.0837047757
175.8346785183 255.7417454561
-103.0045229190 -36.5570148734
42.8476477482 190.1870082036
34.3735408560 312.4675246932
45.7444416347 -24.4329397576
146.8790845926 141.4284207388
169.0522412286 284.1121488326
-2.2099783699 46.5947802524
225.4267928933 321.8738166256
171.1115973742 197.8468271335
104.9626505059 228.2844328163
259.9307485309 167.1104948103
136.4246191560 161.4559621783
1.1149425287 124.0229885057
47.0000000000 103.8709677419
114.6460813357 200.3512027377
132.2302364461 -31.9259613088
166.6765697264 217.4657051031
274.3323767954 295.8750811799
93.3279054205 231.6544724515
326.8878048780 356.9414634146
70.6377588146 171.8960111133
33.8339600641 344.4473983384
70.5201401604 67.9645179620
180.8520645930 177.0352227159
-52.6889589905 37.5261829653
38.4359215318 -23.5540937390
92.5147606180 280.9016978535
131.8753557758 107.4784571597
-111.9105858171 -0.3360739979
156.7449556955 181.4016938899
39.7163358976 44.7560928308
101.1462752223 2.5393325045
38.6565378865 -67.0847200116
199.4176685046 180.8265690440
-6.5997152349 -20.4434741338
-65.8294614572 201.8347412883
181.5823707429 222.4056945569
367.3802623793 191.3589314321
286.2106965461 268.3406491856
165.5206572211 -34.5138706989
284.3221757322 171.4560669456
-69.5570032573 -48.6938110749
87.5457128531 185.5764666555
8.6338977119 95.1421446384
111.1516509550 8.6832831548
-5.5741615352 15.2929395588
88.9403965050 24.1764345205
-10.1557676415 143.9445629282
-39.7012676484 301.8907696979
373.6577893101 104.7367303004
129.1405989223 41.2697057842
68.9979884672 163.8394796835
118.2035341019 -12.8849261933
21.1861498620 156.5039058753
189.7292663921 229.6654792386
287.2655650047 297.2745527461
34.1992996790 34.4085205719
-9.7034108110 304.0880501365
245.6359338061 96.3309692671
127.0127477343 192.8985160841
162.0331868759 143.2465049929
0.0654813826 -62.9498934306
54.0104406054 70.2339230525
-11.1681299508 -49.0561583892
170.9121291776 228.0950056327
190.4274875072 129.4154533582
149.7894603817 103.5396183496
-118.6383748579 -8.4815465729
63.0336695838 57.8466163404
209.5119546980 167.0486577181
237.8022449028 174.9326292358
182.5461678298 277.0297039722
102.8734353268 397.2809457580
277.6709101844 179.7938051323
151.3189755530 116.2956926659
-11.5266821346 128.8143851508
152.6286004608 -79.6236003099
103.7570552147 227.0601226994
-144.5803919779 20.4974103904
-30.3922188834 63.3063419263
404.9035714286 89.7687012987
297.0916731452 -39.1944403589
46.2140760355 -10.0939600532
12.5738418587 89.5574220414
358.5890410959 108.9315068493
-107.8191065342 50.0493263838
78.2455516014 15.1374101242
274.1509879092 142.7118843999
223.2655691074 212.1536439254
195.2886693866 0.7907809033
123.8661050765 49.4378925589
244.7728806727 251.3826029882
240.1569244604 272.3812949640
48.4646814798 279.5583527495
94.1551789833 200.2920886393
256.7402488277 263.1259588540
91.1812588997 210.0360439609
150.5433692620 128.5880035960
141.0687307934 320.5333245217
-9.8504926331 101.3383349905
-27.7715716487 91.6995377504
144.4092236607 451.8576929224
3.8855246014 98.0694297946
160.3823962320 103.3146894319
-76.6646498515 -135.4923807472
127.6348982648 244.1965119352
109.2915180127 132.1818573556
312.1847704367 134.4658454647
144.5312127237 282.6978131213
38.0624264215 83.8624200579
341.5471296064 295.8592379042
13.4818836855 -113.6914292123
15.7849829352 53.4470989761
162.3434266002 147.8984285167
234.7525445762 157.3469191792
-34.1524771983 -38.2079321194
262.4790093372 328.4859097160
316.2567975831 270.6283987915
-39.1395764987 265.6853563973
268.0982451562 295.2118859678
35.9596177937 261.6682469112
24.7347353838 270.3936745612
126.1195324951 -36.1101469807
313.4437896141 170.1974869343
0.0572115516 195.7330947242
53.5312974373 162.8122823466
154.4420894201 111.0929496828
197.8049667716 287.1083945435
-19.1710974778 356.7828902522
109.5791855204 286.0271493213
85.7535346212 130.6138588223
324.9715661272 197.7005982315
32.0461500102 -116.3168393136
259.8781015396 74.1451838656
71.3584284378 55.3362768943
56.8701275847 77.5485261769
37.5065789474 160.0000000000
-17.0572587796 157.3833731897
248.8283261803 152.8712446352
70.1015583471 347.6036986263
110.0152011736 43.9107282205
183.6622954577 183.7121059568
122.7428004651 82.0018469116
51.4602981442 -124.2442957104
307.0906015372 94.9819271745
152.6360448971 315.1526408464
236.2482607453 258.9059372915
210.1287607123 185.4362426305
338.8009307778 220.4734710553
219.7223154362 222.6764429530
-90.0064008424 188.0010806617
118.9585404167 145.2011776925
155.0039565371 285.9510157080
184.9000974046 133.2195374851
195.6311627907 190.0146046512
257.1795557934 282.5375078048
-95.6102773988 209.8420494164
146.0000000000 132.0761904762
336.8962001854 112.4670991659
56.4754440961 -33.9770114943
186.0811934713 44.7901029213
31.1084146402 41.1712644247
117.5566340962 61.4131524814
141.1243389720 48.5005641679
92.2442004868 106.8744722070
202.9319287653 216.7189311580
-22.8155971223 93.4361438849
142.7492122335 -17.8750695088
347.1280179674 296.6327905671
1.2794055666 241.0965329920
93.0431084799 438.7288418244
17.9624080268 -56.1717725753
-120.3788425320 209.9977974271
176.5154939292 246.8511974195
264.5994983616 332.5151907440
72.6136979234 156.7410034825
43.4265994069 -46.5597327789
234.7688653264 275.3936931975
179.2198256889 96.9631129501
121.4206884354 336.3579466319
79.0048609849 210.7982009813
245.6936383929 174.9877232143
220.5797411909 333.1822811926
150.1444509689 136.5666470934
-10.6923314039 -145.5568209063
5.0751876673 13.4431966834
282.2197360209 152.7939714755
58.2066942562 19.3194097049
31.7192061613 84.2037599273
251.3249683296 263.1258973276
231.1759031979 23.1179602420
39.4515457312 202.8710555823
214.2903726262 201.3145631626
279.2425607010 74.9697559788
154.8038783605 281.9202291758
151.4105124064 92.3980325943
-103.9089726918 -56.2483745124
223.4131860545 244.6520538488
235.0623367155 120.5798043624
303.9382460820 238.1451150383
75.1659385816 156.4440454740
-53.9714285714 2.7142857143
5.7925142392 -14.5211554109
-75.5269526953 -58.1619361936
35.0776956358 238.1011732301
240.5526964402 -23.5098220084
-82.0494786370 -87.7621120286
-126.6825071692 187.3969684556
191.2364167217 21.9229413936
238.2916751132 180.5169268194
101.6169069142 214.9081358417
-25.7734840699 215.8487153135
124.7629000653 146.4570253967
257.5842640899 289.2387941803
82.9517882263 149.4155761115
432.7940097103 295.0484830526
-78.9018986178 -139.0450489551
91.7405289492 314.5889921372
182.4531242445 115.4955114671
65.4565788460 44.5693052787
-158.6954162325 167.3915340094
279.6661533723 376.3079765938
291.7674298592 259.6504099030
118.2408162817 182.2889201640
53.3960396040 152.2445544554
52.7075831846 116.1633648829
166.8181163150 84.5249613999
139.9250734574 186.1175318315
70.5683033682 299.4621643150
130.1326143981 153.7711551540
154.9498634099 93.1446247790
-47.4961365552 -106.1032593425
142.7893793337 52.4839167935
236.8883780691 38.6559193752
-69.7757662635 -36.1601462464
-11.9657760091 38.6847072200
-6.1379411765 129.8644117647
324.6723978064 284.7942882878
155.1952681165 305.9692710916
60.0842116942 209.9295462110
111.7887640449 -8.0022471910
231.5748554417 76.6388332284
218.1742447054 314.7458596808
245.3573414385 232.4533498509
96.5171360706 130.0190023753
16.1960085531 218.0919458304
47.0000000000 106.0000000000
251.3177570093 70.9933244326
353.1603707664 93.6034130038
-64.0000000000 164.8985507246
193.3138493944 207.2469720906
177.5369338294 144.3792646372
77.4868651489 83.4973730298
163.1805583053 148.1427440111
-27.3873142412 16.1053073957
63.8886646485 337.4231416078
16.8601834198 46.1365521377
195.9111152446 225.8486169054
108.7117122173 89.1443683708
175.9037033394 26.2026754537
87.3922058118 272.0766260438
137.1895280562 153.4042205642
151.1672025723 332.5630485791
225.4993850828 357.3723504304
64.9228230269 289.2219202019
23.0255160660 33.2620379093
179.9503053859 173.2445863409
208.4982415006 -51.9519343494
-142.7894483025 -166.6952160494
238.3379519772 -81.4672850671
82.5336108221 189.9531737773
392.3214310428 208.0538371047
328.6315540860 264.3689182806
276.3430656934 72.4612057313
-67.1956358164 226.8532731377
143.0127056524 35.4269424988
274.8115998920 175.9832593210
286.1640549905 226.1990611378
124.4086094978 269.2671677485
309.6379647750 109.6046966732
138.1354616390 181.0080009506
-30.3812844713 -53.7115555481
29.2772963605 145.7712305026
130.1828820532 -9.6494013631
211.2387494761 -49.4244289606
279.1609023680 279.6142526332
219.2388704319 208.3767441860
-80.5136022514 -161.5454971857
232.3479213522 203.6233624707
43.1704067321 280.8856942496
215.4459142683 185.1725167033
98.4026677099 -8.7611554187
335.9971751412 164.0000000000
273.1668238782 263.1251852850
0.2682410293 26.8447214897
162.6892603158 291.8788219695
263.0252335315 104.1272594929
186.5151887574 186.5662454247
188.1826734614 298.3069384555
2.1686661962 -5.6824276641
260.5447024517 159.9121503402
221.0884363169 110.4848343591
261.5048147800 317.5959348828
367.0128978324 402.8994446767
62.9347623486 255.9450139795
121.7429409740 1.0740586456
282.2309098327 285.7586617707
289.6857015301 171.5249604286
30.7488823836 127.7827853042
-73.9667631877 270.6287548785
235.3689568834 131.0773491333
-25.2753626213 -22.0712511740
132.7490566038 247.9566037736
120.1354562483 42.5159753813
208.7230769231 118.6000000000
17.9797654941 -57.1219095477
106.7259667334 325.3316387083
208.6121302465 164.3610173101
-19.7234289248 283.3824688877
17.0465106841 407.4658373749
24.8968905553 301.4941926864
312.2187054390 248.3221379100
-7.0686855788 -92.6291161179
178.2053204425 -90.3591224105
357.8303850156 246.2486992716
283.6598526113 94.2280038449
127.8284896877 -72.3999967673
99.1111111111 242.5555555556
348.3901115803 103.7551106015
323.5057461727 219.0226527818
216.1785793909 100.4373300040
87.5669594049 78.3523731996
-41.8527945832 -91.0901852607
103.3374496644 164.7512988551
176.1242576293 123.4284280661
108.7352941176 358.8810160428
152.2703850510 176.8085185447
-37.3109697211 91.3003465318
56.4763254959 98.3328367354
230.9642857143 55.7755102041
168.6758486227 -16.4512323152
55.4281671006 263.5692290275
138.1534077096 -112.2280450579
28.5754592929 122.7174362250
58.4590410341 65.9024500225
120.8156841824 129.6100293412
161.2932353050 104.9610226475
39.2853484713 199.8905994508
164.5245355328 104.5572773473
99.0042210138 42.5712438681
131.5782110706 285.2975444133
142.6238476954 -23.9771543086
102.8118811881 150.0297029703
75.8137757480 146.9317736975
-95.2698104664 69.7486253962
24.0427008217 114.4724970652
105.6917498360 -10.3435438754
150.2984959271 241.0879460608
157.0622703144 304.5646590445
-79.0159228996 -59.5958516656
243.1289583384 80.1770556544
121.7016565819 42.3424448864
185.3515102481 120.1335490831
196.0673563249 225.8475648409
85.2924742681 212.4388450742
15.6096091457 152.2411555693
-44.3563690054 34.7679430883
43.5410890205 201.3588024347
195.6483276781 66.8892389724
43.2839095745 18.6695478723
204.9604130809 -43.3939759036
225.3829524884 124.0011281056
23.0000000000 55.5922330097
169.1344207824 141.1478628606
77.9125367386 67.3187392318
232.9890674156 263.6157323144
369.9068401841 55.0241231551
4.2441599468 177.7469448832
375.4504246874 289.8818985019
223.8030371509 45.6598571816
85.7948271469 -92.1022254311
312.7832595167 261.8668498066
290.4352419905 186.8527845151
87.3129820051 130.8862467866
156.9305568873 132.0585440172
3.2935205058 -5.8626370439
159.2812887237 191.1206408214
92.0735674025 252.0783231564
42.6458742125 34.1161623464
116.4493676187 54.3823603317
123.4080852226 -31.8314668123
175.4802856081 215.5485567556
245.1826580551 121.2458634351
100.9540271946 239.9189746158
6.6513334483 148.2731660469
135.6077669903 302.2990291262
304.0519411053 211.8842656457
182.3205024034 198.8818865947
128.5451905411 297.4759082558
407.7577297992 357.6818702343
261.9091722095 78.4272539266
247.2703364469 -91.8545388592
229.1041312084 62.2927433081
249.0704505300 122.3655035336
167.6473821017 173.9787968808
51.4975065140 143.6649373343
98.3373372250 189.5381679389
-43.9843173432 -69.1201975255
349.3071734336 302.7963419380
179.6758367047 22.1568959176
21.3559644670 139.7893401015
112.3118973656 13.6558276516
113.7049634170 114.1266890778
67.9693017337 131.6225544775
110.3457808494 147.9511760116
23.9483263598 139.1502092050
213.1748304446 217.0248681236
213.1066060818 77.8011184900
146.8043845659 377.8368046464
59.6180592785 -84.4553113273
203.8464168972 113.9226049786
124.7455652634 290.6613714588
143.1118061715 293.9562111946
123.7532720906 36.2329026689
-65.8087534340 133.4630068797
304.5175438596 199.9017027864
189.1761133603 23.3522267206
-8.4381144781 -20.1870707071
29.4803886290 137.8447882932
302.1118774745 62.0485101063
171.4772845500 -66.9260555748
375.7810234373 173.4507131370
8.2177137636 188.1692911270
-9.9287493772 137.8997259591
55.9370247148 3.0893536122
241.8764530802 73.3455382715
86.0431394378 284.3593097690
2.8413151548 105.4810995718
19.9163936761 157.3982338698
-12.8755166966 28.1095505010
199.2846549221 -66.9291795817
250.9368873372 135.4121122600
-18.8224471021 139.5512419503
-21.4648085657 -3.6161799406
-15.0000000000 196.0366972477
0.9807403539 55.3972383626
-46.5139320321 -19.8767212203
196.8425208417 373.5069411289
211.6571243592 3.5408479282
139.9324228867 51.0968683777
153.6450038059 -70.3694060212
2.3343600917 -57.2337628188
189.2042294620 45.8084039960
250.0000000000 218.4975609756
390.2878650463 128.1815708326
44.9346897764 117.3311084796
335.5971223022 421.7338129496
220.0540457599 156.1989975108
153.2864968922 26.9282912993
9.6856601754 -29.3963110873
87.6533170978 101.4410930067
117.6178542029 248.4597091375
25.6512595332 -111.0537901548
57.5729905119 26.8582478586
177.7280128980 211.3359129383
80.8796870158 354.2979547567
117.3839774192 138.2567167300
253.3117821862 61.3172435949
190.1891149227 144.0905907902
-9.7463196780 123.3233721123
-41.2006611229 -74.4082950261
350.7087008821 213.9110866079
243.8618143460 148.2067510549
16.9282804303 172.1862012368
197.0080428954 184.7137437402
-59.4517552085 218.8344094087
29.4073793840 -5.9502180879
255.1286884054 361.5026890838
171.4152604549 142.1164098802
-32.1983674908 9.5751952552
50.5388141625 39.0639815429
-24.0629334845 49.8699217913
40.2656489816 207.3506450409
-44.1479089858 36.3027334802
-184.7016697230 101.4176237815
187.9258950231 290.2985676540
117.6065879428 164.3470064222
156.1812989460 154.2072660896
413.1867145422 130.3055918486
167.9423554746 25.9099718403
265.3396640871 293.4371261532
115.9454434771 45.8631545382
42.1843220339 99.1228813559
122.4209507633 -112.2276381016
220.5632183908 189.2517241379
157.5335347432 172.1854984894
26.0102784232 32.4495727169
198.0395021177 51.2455700579
345.4165224913 298.7352941176
236.2817923056 64.6046276742
64.5309813754 261.4149355301
379.9583333333 200.1250000000
-90.0617283951 -92.4051627385
191.0099581201 229.5658445789
-84.2597601039 153.0928260371
136.0959349593 317.3691056911
59.9882117438 115.7468861210
315.7332361516 305.7441690962
161.2847063500 220.5283712611
-22.6122867065 58.3817673071
218.4387423202 183.1033610408
-29.8989769821 -126.4859335038
259.0000000000 220.0390879479
39.3816867226 -116.6228890687
84.4058297329 145.7731394146
48.2694684157 -5.3218148129
100.7788911722 152.2240853336
-62.1096419355 202.2909909401
-24.5424744448 11.4829044766
-186.0642345879 93.3414453937
264.5877172102 85.0164246608
121.6459004654 31.1790189760
56.5799420911 91.0916032048
132.3757038457 96.4783754642
94.4188774971 226.7689462002
127.2034418293 86.7580173530
-117.0370334651 -138.7039251615
104.3163295252 -55.2823390705
217.8813466684 205.7822639297
259.7359790095 53.7689406363
54.6009710813 125.6965523559
18.7934943322 185.4677180877
119.9695620922 51.2412639611
246.2229997667 202.9177746676
166.1565338924 109.5953878407
158.0564222887 -34.6261383981
29.8006216474 -4.8300496315
-48.0558079925 140.2884772224
97.3533920305 -65.2123538865
101.3105330038 47.4291620248
117.3216080402 17.0977966757
-58.3880704570 138.2240801854
88.0006738544 69.0586253369
126.5670239806 305.5149740303
66.5442038357 123.4501829788
252.7582335961 282.1907527136
137.3052179186 227.6330318770
20.0050175615 112.7076912049
403.1386233270 291.3862332696
19.8117272680 93.5317961292
187.6867526561 285.6698945388
-9.8366948601 58.8132726090
169.1330323829 276.7155557603
145.9578774087 -14.7696330009
344.4556311748 310.0992820399
82.3152709360 -21.1330049261
373.8432262947 231.1568818251
127.6513272863 15.2977448614
39.8641038611 113.7984903311
253.7466809971 85.4157699965
60.5810258738 328.6445755788
264.3775068816 191.4792076288
221.6828050713 53.2675382990
131.7835826931 204.4676101901
-107.6403000087 -184.3011759447
26.7151444464 41.2774986542
-50.9616871228 -27.7627992134
-57.5818062289 287.8582463637
264.8830178583 166.9656879139
173.5837590608 198.2589930226
