324.7080342672 213.4257930076
-16.4176192891 105.4092700246
134.5168101923 424.5823994338
91.1914992994 22.1567803207
67.2041645505 -67.7191467750
198.7479368932 19.6450242718
-26.2612229070 189.4011836215
101.0212794137 38.4209968655
139.2216852280 160.2536247111
189.8125000000 290.8125000000
346.0756650246 246.2299507389
-140.3186303449 112.3261364595
73.2143808256 -135.8388814913
104.5690474721 -192.9313537873
-78.4170815779 -75.8140559173
41.3108436074 194.0350451412
11.5225128524 8.1680696006
141.4622850555 162.5209059594
354.3092550790 71.9887133183
-29.3195794450 202.4113288761
93.1243175624 115.4497699147
-35.3334533994 184.8819450698
158.4604194858 3.5412719892
21.1876408492 100.6439331040
145.6133287939 186.9270576219
15.9331078323 8.7864932641
247.3346246326 314.9328079081
142.2156688511 135.2710392832
84.8208707116 234.8091198303
165.8398400125 305.2477766450
215.0311903404 366.5448392135
143.4203597452 -7.3828364251
147.6311989122 225.5270462467
114.4017857143 51.0000000000
128.1669725689 -23.5993959821
77.5802421494 59.6933577734
24.5743142784 108.6167136632
-38.2123299368 60.8107815791
125.8024070322 45.7850667857
255.1277528946 166.4778932109
-18.2255233247 -16.4062842849
-89.7926566066 14.3997116422
-23.4743359544 -173.0182032072
129.6160743543 236.5474098126
85.1136712750 156.2380952381
15.1718091613 314.6711974990
-77.3391364903 -134.0748607242
3.1392664194 170.1518570395
71.9047973620 1.4141580683
140.5387197969 318.4170050255
32.1647338270 186.3415304364
-45.6332182577 27.7888653397
46.8320806201 96.3049868591
179.9325428195 285.7807641634
36.3271748136 66.7468102734
170.5427542754 231.2646264626
111.1064379345 6.2382530834
217.9850422650 117.7577224020
-9.5056660385 24.5036327118
219.1645189659 179.6124835561
-40.8865932466 270.7188950578
67.9356176885 101.8218700738
167.5031353655 99.3817398252
365.2439928065 232.9371655147
218.4791770574 158.5727867830
41.0159276797 82.5854498493
176.8672649742 195.2520329234
321.1127186353 188.7786655150
183.2590538774 195.5977085903
208.4933515554 91.4938220435
188.7163420271 195.1947177286
-67.8118839863 62.5305048221
127.8429420803 200.6852829180
258.7777777778 130.3333333333
242.1453446191 31.0886336155
-5.9795249795 14.1734234234
295.1430163730 154.2152584029
-71.7729985594 -86.4561844001
178.7606098009 125.4311807343
314.2276813715 143.4044184264
95.7518054588 96.2006395402
32.9722687022 -48.6745943710
7.0351807229 -55.0766265060
221.3598549488 5.9820819113
245.0090417556 -42.0490708347
119.1173344117 157.9223258904
161.8780733218 184.2331392370
-5.6274262931 105.6316231245
-31.2770753643 125.8428767483
268.5535972262 -100.4515072715
140.9776006197 106.2438111222
161.4326923077 94.2307692308
8.9036110287 24.4626452617
-72.4174977512 171.6800552753
126.4640067094 180.5008775063
91.1943043607 59.3458914269
177.9026860625 126.7581108240
-3.4293601819 -195.3998051315
114.3269219684 196.5143439079
285.9262213360 317.9581256231
156.0222611592 338.6495354253
271.0716139869 250.8554486690
39.0009393651 -65.7407810477
30.9894219872 276.7431054023
32.7535292888 168.5674032414
-16.3212471132 215.0078521940
185.2813856095 51.1490591423
169.4815235213 277.0179089419
204.6745803119 37.9986093176
181.3628005450 281.0486164884
321.4936708861 240.4936708861
195.5024354794 196.0336056880
77.7201981841 253.9208172066
218.7930937065 29.7751977573
-38.1348497354 153.3341020537
275.1916010499 -37.8740157480
-35.4791625828 115.8370643353
169.4186191815 63.7641362074
157.8473804100 380.1412300683
-67.9581673307 118.7868525896
112.8023879711 96.8726910271
-70.8404823449 42.3815231174
257.3580496780 148.7372585097
355.9458585171 135.2482335916
-161.8352215928 228.7859046984
200.5055470959 181.3193386992
-23.5946823922 66.0236321866
249.7313485886 209.0539003518
151.4934257247 116.7676300329
309.6393057954 238.5922986674
-128.9725156394 120.0889908727
247.8316675434 272.8395581273
127.5576131448 126.9198044095
-142.4966694165 223.6345038600
298.4392523364 177.8212616822
-45.9379310345 130.3083426029
11.1125150421 -87.0932611312
58.2099447514 -90.1049723757
203.0637631390 246.3837622108
302.6293562624 51.8032262974
75.3676689013 345.4170848220
97.4599310760 280.9339204639
81.2194428481 9.5122652067
57.0551069557 107.5975350616
345.6103896104 260.4112554113
218.8551769332 102.7117955439
213.7148063117 26.3791771437
227.8818731480 -23.8426920890
380.3539486204 59.0326397220
309.9597997349 217.7808864674
170.5328683781 -77.4690606915
99.9740356083 59.7501442466
32.1980379050 66.3097868827
48.0255916810 132.2330936223
237.3215780480 279.2254884965
80.7361287102 50.6266559152
233.5045492142 53.5607940447
23.0951744362 106.9167708827
338.0660624464 96.3286085163
371.2209647206 326.3116999688
151.6260939246 300.3957740242
52.6900381679 71.9448473282
33.2066978324 13.8990901374
136.4116207186 -185.9409851882
317.7002198876 175.9799657953
51.7381900968 146.2766078543
-36.1617786239 -7.8583054541
68.6175750834 64.6791991101
311.2099603848 75.3305036786
-39.3796301984 -56.6428527551
56.0453368497 104.0205706066
76.3002098196 63.4848510281
141.9385656169 -104.4581523975
74.5899914545 157.3506135703
-51.5756609788 -64.3333958372
-96.8705484689 234.2778962617
354.5366919840 129.8742691656
88.3343257855 31.7399514221
139.1363610914 52.6208801463
106.2008303062 114.2433834977
274.6717475927 108.0762958410
156.9264805072 19.3062188048
-68.1575168391 -91.1850427054
-15.1938817354 -79.2398917412
163.0249152169 42.4263620424
253.9415204678 273.6953748006
158.0368042936 176.1903225259
102.3213186457 187.7209622550
65.3330988393 -97.4713330988
257.5749423520 31.7528823982
18.6540349970 20.1410403131
226.1085600651 59.1429991865
116.5031185031 162.7491113943
244.9381200231 120.4122514347
118.4559618803 -25.2015278145
-1.7211670257 7.3134912865
236.4360297152 286.7991384647
164.8562370276 248.8096389389
-1.1982752577 72.0084133773
49.4155705220 119.1653091493
180.4374864689 304.6862416107
116.1411644153 181.9992030123
132.4004323605 155.4511931487
51.6622552958 -21.4560060885
67.3581346977 -60.8944540383
-30.0334360151 20.9736976666
-44.0005628013 222.7125553625
269.3235850730 197.8965048199
182.9921239170 321.2210553951
37.9570222130 -71.6365414637
33.6127497621 70.7687916270
9.0966188183 127.1329104869
368.3898305085 314.3297380586
100.3886792453 180.6943396226
73.9314131737 237.2112095808
137.8605855324 84.8837541819
42.0991543735 -104.0652866327
378.4586329298 160.1955947938
-12.2649799320 103.9766998567
15.6039838418 19.9589079259
153.6000725986 84.4126775262
216.5780380673 204.7983894583
387.9413298566 185.3702737940
274.3133654202 163.4389485376
138.8350515464 166.6597938144
111.6051695518 66.7780412616
-87.3893175412 -149.4634854654
357.8489616111 105.0805538074
199.6133458142 325.3149109428
-103.7947040857 -63.6107733533
36.7213835952 50.1440001544
109.6842447775 138.8338141825
52.8390715103 96.4556071924
79.5816489285 344.7639416524
-73.7866034381 45.7617071725
90.7936062210 -30.2436548223
28.2679636674 53.3501070441
-56.7111246447 153.0298416565
187.4459561602 239.6114890401
217.3512092534 60.8023133544
223.5157092986 326.8540145985
128.5771678534 -23.2341265273
359.5241178375 380.2066688249
62.6384180791 -133.2623979912
41.1725203420 145.2422494593
19.3274831622 56.7911331982
171.2903005674 334.5886137096
202.9835065916 251.4580986120
238.4499756842 193.4056324329
133.3781321185 106.3120728929
-95.9146953209 128.9135714482
61.9482310159 111.1144725877
-10.7593687293 47.3595097348
83.0317400340 147.1876062724
-107.1546356145 -148.4487097252
383.1155583242 334.4583398225
55.3480180180 -3.8744144144
57.5226666667 122.0880000000
89.5618486633 -148.1300407793
326.1102082549 266.2875208524
259.8189705453 188.3733595801
180.2291094899 61.6776878474
214.1132145855 332.2808293699
143.7528300186 124.1427175111
117.1543647977 157.7686302342
115.3700543057 198.4080682700
37.0209512342 46.3049969898
71.5547014329 98.2614845335
211.5923076923 316.9131147541
17.4811792486 284.0289256198
175.7592684301 140.2296145768
30.3890538821 -62.4336020365
75.2682524729 102.6855864343
240.8070341716 144.3275608073
98.6139080043 278.4686378453
-50.3141041310 141.4544121242
165.5344664778 52.1759071901
233.3711080094 39.8838844750
36.1498685244 152.5757176659
103.1836553060 227.2026595466
93.5029064431 108.8647433152
147.5842880765 47.4141469320
26.5288907634 -78.3634042931
60.4063157895 11.6692260062
182.4598727537 118.9456412546
92.7671670960 -32.3108288176
54.6164463595 32.7725115022
208.4451373240 111.1607951630
206.8761980041 259.3470012845
325.6319158859 371.1488107856
110.6886738759 152.6363118953
182.1822778212 133.6216314829
58.1578947368 41.7719298246
38.4172745559 86.1462327024
276.9055077058 138.1060457550
298.8997097004 110.0044914279
275.6356876483 37.9856480958
154.5897808100 -20.7665844099
51.5475178831 145.5879094283
324.5578300921 206.2986182190
149.0760656904 -58.5102567143
139.2143648251 252.9560671200
99.8763963865 238.4460490140
352.1505423856 182.1193469280
328.9372557304 323.5678673286
174.2222196275 250.7712767821
5.1369712305 -0.3669948842
136.2992531042 -151.0752079292
-5.6077389523 -118.0816281003
160.5372894948 315.4529270249
240.8362249477 124.9334430153
199.6676750772 306.0791709578
40.3502538071 7.2842639594
-61.2391614085 -0.2764095257
329.9247377533 143.1462470720
132.9575841985 126.1704228919
332.9053833605 261.2838499184
325.7722402810 61.6910339198
181.4096463023 61.2469453376
136.6863442663 151.2923102517
89.8166711752 -62.0857904703
220.5893993354 5.1901682338
-20.5618409490 278.6402680141
330.4593575748 192.3462656090
141.9704267005 48.0422475708
39.2772723677 42.6327822166
87.4286415913 55.7136659436
-90.9662795653 215.2969671141
185.8520252718 -106.3174369007
98.4167932227 80.6117687959
33.7731262660 1.6387575962
51.1463018780 5.5794110828
22.7178031957 -7.4002881341
231.6921712302 304.1224836097
475.1513647643 80.3885856079
133.0486605952 201.9913500743
104.6489071038 -2.8313979964
307.7926459649 154.3361495676
95.5742553191 70.7880851064
142.8750976221 107.1868418927
209.7895442787 41.3063264459
122.3537774167 118.5747359870
-89.7783208239 176.6502007331
9.8142302541 171.9045213352
178.8861973253 119.5674993692
150.3246291159 132.5185140514
56.5742341765 53.8968940122
362.0945317804 108.6103828276
174.2968223153 148.0335138449
291.4032459426 301.9463171036
359.6638802004 354.6334597393
135.1584268675 -46.3533686956
66.1813297903 160.9829588123
133.1010319545 -101.5603633304
113.1391286686 136.0770793135
264.1335405067 143.8069834693
-91.6099354147 146.4277180711
41.3800870876 195.2661195780
238.5010211375 178.9100377821
132.7096807790 224.9617247305
203.3336735128 -0.5911468300
342.9252471364 65.5343166484
58.5531914894 191.2765957447
422.8181818182 341.6818181818
72.3542454676 -69.1610799530
82.0000000000 91.4457831325
-26.3260469867 -85.7740551583
-112.7828220859 188.3574642127
332.9491041288 206.3388530452
-105.2895222624 -71.5740234808
194.1324278438 179.4176570458
145.7808496363 180.3754672574
279.8058161046 152.4903443575
-0.8665906499 210.1322690992
82.3777689049 -10.4665995417
228.2220172202 316.0143501435
192.7616982234 -40.7648677955
15.8175770448 -16.1399430930
300.3758979206 120.1929820416
51.5092841566 -94.2400118566
167.1202584766 79.0281427563
268.4665284558 335.6000133752
163.3091733306 -21.4436917435
223.4396381036 150.8446265537
-28.6996205588 -79.4253880648
210.8654668830 59.5098729269
14.6773215261 -69.7854673379
224.9540229885 336.0114942529
24.0249836250 171.0460684321
165.2222222222 -117.0000000000
172.8198262496 142.8521398863
241.8258909403 201.8896522112
213.4198714572 101.4864257367
248.4323502994 -133.9972604790
-14.9368587214 -29.2163275111
181.0932616947 244.7614235717
158.9091780573 197.3809563162
119.2307025152 136.1086296618
277.0000000000 233.0000000000
103.7825611301 169.0617250777
18.7437798997 55.5367250091
281.9248324958 -15.8421273032
54.8823274930 261.7433268440
148.5829796154 19.6306660378
122.9864220183 260.3208750882
69.5822358690 71.5502453356
-82.4612389846 14.9877153755
12.2732336830 -64.2809395599
109.1793269913 85.8121539117
85.0851913055 1.5120884708
126.5583294936 82.0553344783
217.3874429942 286.7714263249
256.6565566459 85.4103479037
-58.6188677507 186.3180247823
182.7207988191 25.3864155627
5.2482517483 106.1188811189
352.2229699417 107.1341408703
92.0033741038 86.2353437368
49.2496790757 45.4685494223
-11.5622914349 224.7640235182
127.9174964438 239.5163584637
275.9573459716 139.0853080569
317.9763948498 160.2129828326
241.3536851757 167.4900892640
336.6551724138 150.2413793103
288.2587679659 208.0931168188
89.0752931600 116.9747157429
-12.7155385037 103.9232666484
14.4722994900 -89.2152294854
78.9278368260 209.7677610913
35.7988394584 -68.7988394584
330.2538339026 184.2426051506
253.7771025114 -9.4333720618
212.3848647683 81.4036657434
172.3973994311 262.2381145876
233.6238972295 265.1495743693
166.0285064080 48.2037369745
95.7449843342 194.3770361266
112.1193687814 141.1891335248
139.1886839112 262.1450615757
204.5067377562 40.3794515309
5.8074908784 -63.9473553575
31.4351059693 -101.6969667509
117.8781725888 104.9248730964
29.3595605905 2.2717816684
352.8356321483 161.1467625453
153.6311830922 185.4094065736
296.3061553335 191.5532065743
136.4626303006 14.7082785143
116.4301389905 184.9224579371
171.2782410917 48.4617134193
161.8861557868 115.6884263639
83.2484046530 225.8438385700
71.9219648431 152.8559881715
92.1896935310 33.4948744425
31.1341759844 134.3198833252
-83.0343999126 94.2381784427
77.2938529227 160.7243997486
203.0190327714 100.4141305878
286.0278948133 55.9230471209
16.7732238320 240.1454249632
235.5269025105 23.9086734540
-25.7382304771 142.9428860160
120.4991850645 -88.5012594458
305.8730214562 168.8227224763
134.0067012265 137.3250727020
114.6666325119 -70.7310483802
164.8122640838 155.9833345203
149.2953945439 210.7516302999
110.3410981697 -38.2845257903
94.2165970708 100.3377923950
63.1484824215 198.4565550001
304.0912364946 117.1534042188
48.7161290323 261.7612903226
133.0323456946 126.8501484617
28.3000106727 190.8892881284
-30.2680361545 -109.7529991783
307.3126976954 205.8969724356
271.6361507844 137.0639194568
123.3765718068 144.4067143974
-114.4871140432 6.1793934147
110.0822893920 9.1843466268
213.3456865328 306.3738887060
-0.7123496180 -48.4492286977
-73.4422759345 -151.6013861783
95.8941256831 -4.7795667447
285.1572222371 216.6430086168
274.3663936548 314.5313008431
245.8196202532 341.6487341772
200.0496132302 200.0816217658
80.4800339847 272.2694704050
109.9864219794 78.6748700541
289.8632335730 285.1681992978
24.5291811332 151.0795011691
110.4365228268 138.8140504482
46.3229691344 20.5577832721
-40.4982528805 164.4514345960
216.9496402878 28.9811842833
33.4129950495 172.0941831683
-33.8347915755 117.1477407662
247.7140846096 -2.2478095192
327.1477995515 139.5008640024
61.9298221552 -2.4275362319
97.7092033240 -62.9741974320
359.1797518097 187.5614684592
45.1078776856 216.8357394566
137.3617526244 132.2990415335
-5.9881979119 14.4852473899
80.4694208984 111.4163748713
230.1997931748 -104.7199586350
87.6207889013 250.3058849276
205.9921815615 256.6658703442
110.7370153494 241.5034822078
26.7915309446 108.6221498371
80.9502728927 226.8999393572
285.2439745874 270.0934149047
349.1713570626 198.4794442627
-12.4992396976 -72.1479143648
90.9890131450 303.7131646066
228.2445326803 291.6443596419
220.3909311864 165.7952301382
165.0114213198 258.5014503263
361.2900712378 45.8613089938
274.6587346484 146.1208781182
103.8234774934 397.5975286849
50.3610826259 55.8511389426
85.8403361345 217.9329685363
69.5165400470 49.1329336013
200.9356435644 -47.5990099010
116.3380575240 161.9658190913
46.2729462135 183.4533047899
184.0086169063 50.7810235386
116.4019556850 16.2006657651
25.6610106972 -15.9044632977
48.2587242331 87.2150624899
-72.6598597072 -14.9773435267
180.1702903037 276.9782051055
-24.3748742552 111.8332817457
167.0000000000 145.4501992032
103.1971038825 29.7458132214
159.1516998251 374.0837614779
88.3819044443 10.5035772752
239.5688904372 332.7705974569
-25.1711351968 26.1654306902
199.4887439512 17.0498866213
15.1537522654 179.5190294781
153.8256595965 121.9674081738
221.8605968199 130.1185653089
213.7762953234 169.7138363693
164.0468717479 96.4596428423
256.8891464661 344.6340537383
221.5352895659 175.1999266922
131.4470694009 265.5414147984
42.3951469873 132.6394613344
-66.0206536996 135.4828554241
425.7448405253 203.6135084428
96.0155547874 287.7318815532
198.2926045016 58.0863573725
10.0543636976 195.5050825564
346.5270638670 75.7934780347
71.3033698255 216.0874101950
259.4391927703 9.3340218795
-2.1142010861 36.9670890242
154.4351982448 208.5597868673
137.2460649177 -9.5462872388
234.1951123992 349.7263256834
209.6954954439 108.4211023217
163.8326200737 192.1164874819
249.2248440891 116.3163379015
273.3211300765 186.6350794585
12.4254937163 240.8384201077
-1.1291844861 56.2421471759
263.6220423301 164.5766096678
124.1472027637 58.2632185011
-57.7982870427 -18.7877523553
88.0442112107 26.8980634375
295.1114230908 383.4045759084
121.4261092298 76.7232352175
163.7797419259 -105.9740434102
244.8345199706 262.6077392165
177.4741094945 337.6822052318
215.7318169099 167.8476274235
314.6350209521 278.0952634471
205.2489915595 117.7719059309
130.4248861912 357.7481031866
309.9999762724 314.5127298612
175.9845224057 194.7455778302
268.5871117755 223.7772795217
284.9941525250 239.0227356369
82.3026441542 284.4552405225
375.7866526198 -43.0926877513
170.4405867264 9.4392138444
127.0592991914 -136.6026637070
119.8947086260 80.9804857128
-69.7010254167 233.2620401419
8.1499348110 -54.0756192960
-4.1500490356 58.6492317751
246.3002336449 261.8714953271
304.2171779497 197.0351921486
180.8614017181 84.0784213660
114.2332947084 -14.4283507146
192.5722106173 68.9998559389
325.2289012739 220.2189490446
35.3709677419 82.5564516129
274.2916231460 23.3751827867
42.2350809500 67.2837552468
220.5321147074 213.6864909365
137.9648076186 237.4989327349
131.7397127093 -27.6296818414
142.4202819401 300.5230911015
15.7378651728 -7.4942662706
79.4615345554 145.1757477276
-113.4974874372 170.8341708543
171.0952324124 223.2717942598
-120.2241102517 161.7146967454
259.2889135170 134.2645316620
261.0375176037 278.4220295267
-65.0123886557 27.3237432170
126.4584042971 103.0691078213
-146.5856393375 132.7690566814
234.4033084642 220.2021786285
113.6356492573 12.9124101581
179.5305150342 308.7910092289
-37.1555910832 51.7477904136
384.1163348680 289.6362752091
60.1100962209 191.1324780365
222.2549203374 -111.6232427366
-76.2578741610 -103.7759091244
309.1704428424 118.0717473395
60.2363451605 167.0830722330
126.6571473776 -95.2297286607
261.0462555066 273.3259911894
67.9461989507 189.1244727909
150.6376840688 52.4645914764
159.5383566697 83.2082952413
80.3390581106 54.9902597004
46.2659289599 153.0307528682
101.1736127649 93.6051440819
159.1910347899 206.4674421888
287.3168596488 89.3248872665
223.1229849665 105.8701322224
336.0813882184 59.5289190423
131.7703331700 228.6648701617
221.1337132967 208.8285688709
126.7538758589 174.5424498836
72.9455400894 -15.4256743563
22.8715093405 28.9087598993
18.3371675054 22.0934579439
192.5653828511 263.9069162943
219.6158536585 54.8045193687
280.3297368398 262.6169949363
-11.7207970935 -112.4562369261
120.1997143603 22.8456721460
101.7969771487 233.3415252204
305.7161193876 278.4278742891
107.2766983925 333.8154837908
150.9318978581 139.1296451270
56.2541066623 164.5045961822
18.0180568657 42.4803934780
234.8706169402 51.3162015104
352.1788358645 237.2720910123
266.9360599178 350.3517918133
357.1386909626 170.0805738098
-211.8206188074 -48.4038052398
42.7773322474 194.8585145041
91.9936225537 158.4102915013
81.1067889663 18.6606855919
-47.5897778793 -23.0920121335
-2.3947727006 226.9563138729
354.6798206278 303.2941704036
227.2531816951 249.5985197220
162.6353948713 53.3013478663
427.5221318880 164.8738331828
143.8918723769 200.0690464371
279.1692745377 329.6678520626
-48.0859461669 105.9550417469
129.5481496220 237.5284520493
134.3269450801 113.6573226545
191.1914397217 181.7702977857
114.3029963596 70.8944273313
45.7083313256 195.5655567870
234.7550490876 194.3507514059
436.7111593417 383.1345632122
202.6547408497 320.2518327505
255.8400628745 -40.8174673347
40.7625033497 67.3034909498
-166.6274936941 10.1927596881
223.9754708334 271.1500774720
185.9939879760 97.6893787575
109.4994903000 187.4419591374
240.9430067986 170.1093044352
-145.3410209899 -43.4386823011
204.7739523309 158.3017673565
90.7823639775 72.6735459662
319.1710972782 115.3481752716
76.4059805872 28.0879001628
99.7695283254 65.7971050661
49.3495816381 5.1364089967
103.1736019396 -2.6227553173
140.8216716580 251.3726858154
286.6095238095 94.4262626263
-68.9684466019 141.2912621359
38.6997025808 174.5436054879
192.5585373859 130.4932186700
260.4915862688 165.4654550894
194.0536930910 285.4791794771
104.0774976657 -76.2502334267
59.2037727572 185.9258609344
80.7196205637 28.2811426702
165.2875130099 386.1596222679
247.5119368062 220.2242395454
112.6580497382 180.0536649215
172.0793898220 240.0684332877
268.8390763766 126.3605683837
230.3372046456 44.4825790949
196.8345328919 -111.4149273068
103.5034832172 300.7219759341
20.5937506869 92.5696755545
365.8759918545 194.0761650633
39.6334091213 -8.5042129196
258.2518625906 223.2324992121
300.8387381425 199.2326431565
262.7034164197 293.4167683458
239.5967971071 259.8459899264
284.4552982417 92.1766540617
38.0840975947 -92.3940128050
110.5468255264 52.6714215766
259.4874783834 232.5166848139
240.6136082572 196.8515030441
-15.5465958900 205.7727142574
128.3309557775 41.9857346648
155.6416184971 171.9653179191
270.3851614839 46.1719494717
103.1463803712 -2.3009140860
-91.6394492625 -49.5023259076
44.7200218023 242.0258902616
408.2941277768 429.8963320131
148.3648019097 294.8529241905
185.0931667477 250.6245423590
323.8654445274 141.8599346018
100.1094414517 167.1990360079
190.1834524200 90.1541394198
-50.3981931305 92.2201482997
71.1235074751 -31.3860037403
171.6929684331 272.6436734986
87.3324801293 191.3237370335
349.3115738887 195.1033239888
216.8164905232 139.1438553585
94.0511913958 135.7414284865
27.1403417918 176.5717244951
76.9704475572 9.6255551759
-37.1258711790 59.6216084800
163.9634474162 79.6501824626
255.0584851390 275.5081495686
39.7112117780 99.5334088335
239.5616320593 241.2475201693
286.3925789417 78.6773806390
84.8291934760 -60.0190034416
96.6738047524 -71.1101440977
135.5931598030 83.4131717084
-99.0111441308 125.8290407793
22.9524173514 149.4679915918
369.9386856653 271.0252045772
23.0304023669 146.0552781065
38.9050059125 68.9644124106
73.4818266542 156.5906004527
128.2144629564 306.6139666785
252.8761773733 143.0104772992
235.7613636364 255.5227272727
243.2626642842 267.9114565854
88.4784053156 89.8583509514
125.0266711681 66.2691009193
205.1981355715 163.6687596105
69.5846210001 229.1332278866
141.5327930774 158.0504086258
264.0615880498 217.3199667279
260.6648648649 272.6459459459
-12.0363847494 78.5802206309
10.0160496029 16.0463106490
112.7206266319 152.2088772846
212.6994285714 -17.8098285714
138.2237054732 237.6426438558
-27.3745749192 137.3078494759
-58.1918060334 227.0511322717
-85.0414154026 176.6656483277
188.1463470581 224.8371372864
99.9951955559 66.4687335786
69.4535323608 149.4683533563
79.3355137225 -96.5557710591
291.9890320812 198.5449684672
38.9142266017 -4.7924045306
53.8956866761 167.5762191220
142.0347077321 178.0143856349
196.5397489540 117.6712492528
150.9043957979 41.8008685956
90.2814576791 289.6766230921
157.0077991226 153.3488357560
82.2224603515 109.3129018431
38.8033707865 56.1797752809
286.5754884547 221.1367673179
98.7600000000 48.8369230769
355.4492738371 137.6916438644
340.9240998058 279.2761093680
286.9806549227 256.3438884686
149.0500000000 253.6500000000
330.8749708964 336.9280558789
187.8911411411 159.6297622924
57.0164206013 186.1998245870
271.8070639171 103.5231400251
48.9802063371 261.0303205313
99.7530101983 -37.9798134889
215.8643497758 211.0493273543
-60.3193943764 209.4484498919
155.7391894715 7.5968769584
96.6301835826 124.2076934621
233.4433641225 112.5092367526
204.5825040844 243.0977276103
59.4226742407 -0.8657026168
168.5716524088 65.9685366952
199.3209253783 107.3692816142
-86.8763965651 36.7385207951
53.9955752212 -19.6548672566
279.7457157567 76.1813969453
73.0024221139 -162.9841048775
179.5241897605 339.3813997182
-29.1608605032 153.7522703588
-2.3864427846 180.0165097382
92.0736971040 48.9951879612
114.6395407308 36.6757877975
30.7415548429 311.6229957346
152.3519637462 305.9086102719
78.8824476651 173.9710144928
352.2373996499 266.0597573489
182.3244816264 113.1055188234
217.6237374596 2.9694269682
307.0677034768 277.6168909018
148.1819287400 78.3166017576
188.2911332942 202.1604227833
122.8812879019 51.9025784215
308.0198028470 294.3318158738
-103.7572386717 68.4127269753
164.1241263206 42.8267300981
-49.7699403632 74.1390632329
91.7664660331 106.4447165549
59.1502010969 270.4059232176
148.1515558078 87.5968832241
-72.1983671583 212.1799206685
36.7500000000 -37.5416666667
235.0906207522 179.2152242864
204.0077954475 196.3073900842
-146.6946736684 -1.9533729586
421.4100796160 317.0972915318
191.5057423579 30.9890616937
87.6404070114 266.5836082515
375.1275663206 206.1558118672
51.4076029567 225.2228088701
264.3643471082 241.1357742922
146.0741249343 276.3019926372
242.8332309582 4.8344594595
83.9504708504 150.1212709367
316.7538668057 178.8735603683
203.7019381875 161.7317967522
30.8297047047 -60.9879254254
52.2361938172 -7.4267487459
85.1710047014 81.0086226711
79.1521109154 189.4380362521
45.9402105263 13.2976842105
-32.8727157303 21.6485285449
283.1072961373 313.5522174535
175.4954425169 40.1150641968
275.2438246493 291.2231587854
62.8515709642 152.5016251354
119.9678560896 116.3633146564
66.5876602216 -41.1806702151
84.1545496113 246.1147690901
288.0184911717 34.4937399679
139.5613841746 11.2677981045
44.9465379314 -78.9223965216
93.4128232506 338.0157295763
100.3651539949 27.9872042851
229.9076537363 -98.0323142280
198.2195636875 241.9078114004
84.1940760937 180.8126161854
148.6406470688 23.7804372799
242.5650967589 134.0262312587
119.6684513604 -26.7282520785
-72.8556610020 -141.6156845435
134.9118964659 104.7608262817
17.9952634158 16.0056076802
69.4950783813 91.0462996719
142.5482761257 -0.2221542696
-195.2869490399 79.2808087919
290.3848631240 17.2270531401
105.2517174210 141.1047020249
282.4646635965 74.9365719420
300.5210390400 226.8432325687
350.7102335929 220.2903225806
165.3103036574 23.8829147929
217.0234193942 145.2334376906
-34.8275862069 15.4275862069
89.0804878049 234.1365853659
-38.4610458149 -157.8889823581
138.6300767743 413.5110668308
12.2463967056 -90.5888005168
-0.3795780496 -12.5584170796
142.8077964266 -66.5100162426
190.1418626364 -35.7435312232
-105.5498657211 144.9154694548
-44.3939813213 281.2528536838
154.6156215154 -59.4103568205
230.0237529691 158.3099762470
164.2657813353 163.1060578497
82.4016277605 -32.2471267303
31.4812005604 145.8162508667
302.3853194382 63.9741730856
310.5185015391 107.9014997708
261.5371807774 169.3042815436
176.7909737502 269.7712736018
165.1097470106 236.0131994465
227.6611817502 -7.2311144353
202.2841587946 72.9476766428
5.9703528822 82.6151724714
237.8532110092 -13.2408256881
239.3871379898 95.9033219761
-68.2748958728 -193.6664142370
243.7590432741 122.4309466089
-124.5332271551 185.1111686243
57.9066249527 7.5763743253
220.4532508674 137.6756675215
103.7553094463 310.9643648208
127.0489130435 -38.0943503539
150.8021208105 81.0070062488
106.8071961150 10.3413617188
268.4143845922 58.3596148059
212.0343969147 189.5777484543
-72.7243306485 22.2838495083
33.2985685072 156.2067115894
195.1183477963 -154.5843675158
387.4257146413 50.0145210140
-28.5675860978 94.4635831443
318.7243243243 172.5441441441
121.1601070369 88.8607841672
58.8618812723 -147.3509440381
65.8912676056 149.1297887324
50.3517017828 167.6272285251
92.0154705630 128.3738719381
240.2390793800 100.0056364490
148.9804500779 249.9334550728
314.5361938678 194.1197081560
188.8888888889 226.8888888889
194.3234033765 281.7839330890
149.8033853292 140.3287950584
180.3308504403 265.3567946939
317.5419254658 290.1692546584
-128.6233766234 199.4155844156
136.9016383073 104.5669555317
72.6933877785 254.9151085321
4.7476404821 27.7692754465
85.5969139145 65.9983757445
216.1834572011 190.3554732375
394.3162363060 281.9639090218
227.6462640148 153.7636358885
249.7858347386 204.7313586040
340.0480832565 1.2481227770
139.3278316367 -128.4655406274
114.4018586850 402.9333389721
349.5625936299 224.7376408520
216.5861061516 113.7568576530
-9.4239244024 -109.4032017788
260.3921741042 329.4359199824
78.7330731418 2.3220117086
-59.5939201723 -12.7424450960
78.5178758980 111.3765491745
183.2652431181 142.0306148701
38.1860938096 97.4517605186
104.4520547945 -9.9726027397
-38.4114320508 184.1644632188
236.0156250000 80.4375000000
195.1040541867 89.3754785511
169.8065303929 107.2874447456
157.6033004688 269.5557850984
82.7427131572 -59.2818714247
190.6277151830 17.9272907867
-47.5235380355 210.1088125102
201.8909155513 177.6183820917
264.3489465720 -64.8717262251
128.7392465144 375.3767428063
134.1190306232 195.8104789778
-34.3241319192 68.4591021357
148.8827066580 95.7612113309
99.1883782201 -14.6263173302
136.7098769723 108.7435879614
82.3629346148 45.9278523125
161.2542192219 239.1698347842
287.4575940113 100.2790221650
245.1007650880 151.2267267909
129.1043798850 69.4343607138
104.6059068567 39.0109402251
360.4882919586 318.6965618337
197.5992561925 265.6073959722
