55
30
15
INF
17
25
24
26
36
42
INF
5
INF
38
41
0
30
15
49
5
7
25
28
INF
INF
INF
35
INF
27
21
INF
48
22
52
51
INF
35
33
60
37
19
36
32
52
47
26
25
INF
INF
14
INF
22
INF
23
INF
62
16
26
93
27
4
INF
46
16
23
INF
INF
60
59
INF
16
INF
50
26
3
INF
12
INF
32
17
INF
17
32
39
33
13
34
INF
16
INF
0
33
57
3
INF
17
47
INF
33
35
35
37
18
51
78
61
57
39
52
43
39
36
INF
INF
34
15
19
1
32
25
INF
39
29
49
36
13
INF
INF
26
31
INF
45
INF
52
17
45
2
14
7
INF
INF
20
26
11
24
10
23
79
26
INF
53
18
43
34
89
INF
25
INF
59
33
51
INF
INF
39
38
13
INF
7
3
INF
57
41
36
INF
34
43
47
51
INF
INF
