INF
INF
INF
463
819
936
946
499
670
531
502
281
397
814
INF
INF
387
176
594
967
INF
311
1047
329
473
INF
488
628
INF
INF
806
INF
398
719
689
611
584
610
INF
INF
707
INF
INF
327
756
0
306
INF
586
673
INF
644
INF
910
774
945
INF
645
INF
623
838
INF
744
327
INF
639
INF
840
INF
366
504
INF
839
552
1175
INF
715
676
INF
769
495
668
199
INF
INF
589
404
586
678
INF
563
INF
655
INF
INF
INF
512
499
452
INF
707
735
654
715
488
INF
832
741
INF
INF
713
INF
INF
758
707
510
INF
902
733
397
789
538
524
INF
796
1020
177
INF
INF
383
546
592
429
753
702
INF
310
620
659
632
908
870
560
INF
INF
352
418
INF
1095
83
INF
640
786
757
622
491
545
INF
765
808
664
INF
924
577
171
INF
INF
INF
INF
671
896
INF
699
647
INF
INF
INF
515
INF
734
494
541
868
449
680
477
INF
INF
563
751
1150
370
525
INF
677
518
846
INF
928
INF
INF
779
1104
INF
INF
992
367
938
491
INF
721
731
861
512
INF
INF
INF
INF
INF
INF
942
211
INF
661
619
502
INF
1121
INF
691
794
559
604
INF
INF
830
300
919
829
356
INF
INF
INF
INF
1012
218
INF
1007
347
INF
