0
4
4
12
12
12
17
20
20
29
29
31
30
30
29
27
25
27
30
29
25
4
2
1
0
0
0
-1
-3
-4
5
5
5
5
11
11
2
2
8
6
4
9
11
2
1
1
2
2
1
9
17
16
18
18
18
18
16
0
-1
0
-1
-2
-2
4
3
3
2
10
9
12
4
4
8
16
1
1
10
10
16
18
18
17
26
24
31
34
11
13
16
19
25
27
31
10
10
2
2
8
8
-4
-5
-6
-7
-1
-1
-3
-3
-4
-1
-1
0
2
1
6
-1
-2
7
7
0
-1
7
-8
-8
-9
-6
2
1
0
-2
-2
3
3
6
6
1
1
-1
-2
-2
1
5
4
-3
-1
-2
1
3
4
3
11
10
3
1
-3
-2
-2
4
8
8
11
1
2
8
1
4
5
0
0
8
8
7
7
13
12
11
4
11
13
18
17
15
16
0
-2
-2
-2
-2
-2
-1
-1
-2
-2
-3
-3
3
2
9
4
2
2
