0
-20
29
53
127
170
228
158
171
156
147
212
206
260
241
237
213
206
293
288
362
360
454
349
369
354
331
306
352
447
203
191
171
268
265
346
424
408
412
409
481
505
483
544
611
598
586
576
554
363
353
396
464
456
450
438
423
222
227
280
257
123
186
234
298
316
389
395
394
217
197
283
266
330
319
314
344
442
496
474
464
440
533
542
621
305
287
201
190
170
159
148
168
157
213
212
202
203
234
16
54
95
96
117
146
217
296
296
311
311
149
243
285
192
20
51
106
103
91
88
65
64
99
-43
-64
-61
-26
-22
-31
34
111
101
168
145
102
89
84
90
-40
47
39
23
4
103
93
-62
-21
-25
71
60
33
105
179
215
39
21
12
8
-3
76
72
142
214
79
60
46
46
74
57
114
97
185
233
294
201
31
44
20
68
65
52
34
52
0
-2
-25
-49
-50
-51
23
-19
44
35
11
-14
-6
60
53
14
-6
-20
-37
-5
9
16
89
72
-61
-82
-103
-66
-67
-91
-15
-32
-35
-40
-55
-46
-3
-11
-22
-35
12
105
121
120
107
85
177
222
205
205
-21
-35
-53
-63
-2
-2
-14
-15
-20
-22
-38
11
-35
-54
-45
-59
-79
-86
-63
-55
25
24
108
85
-37
-51
-40
55
93
69
76
68
-1
53
43
22
26
12
41
-28
-50
30
64
0
57
-50
-71
-94
-94
-83
-33
26
94
-26
-4
31
79
9
-55
-16
-21
-26
-42
-58
-60
-33
52
