0
921
853
773
624
1370
1076
1019
869
1669
1719
1566
1445
1581
1171
881
568
748
1433
1368
1435
1050
677
490
1436
1578
1194
1897
1897
1679
2515
2281
2137
2025
1951
2833
2982
1559
1537
1271
590
950
889
1729
1587
1117
774
647
338
734
594
420
235
-98
-252
206
176
-57
336
-133
-325
93
475
4
-350
-78
-356
-708
-592
110
-133
563
129
557
444
903
861
384
360
1206
1149
1307
1481
2426
2422
723
1258
825
1090
1790
-523
-927
-1280
-1308
-1645
-1327
-1380
-1501
-1812
-1716
-1878
-1281
-1596
-893
-958
-1377
-1673
-2008
-2201
-2397
-2596
-2884
-3159
-3189
-3580
-3837
-3734
-3886
-4067
-3689
-3780
-4019
-4122
-4383
-3630
-3724
-3183
-3426
-3562
-3915
-3692
-3428
-3195
-3295
-2773
-2437
-2197
-2360
-2391
-2690
-2304
-1805
-1419
-1688
-1310
-1576
-1912
-1170
-1167
-699
-826
-1227
-1676
-1721
-2217
-2632
-2529
-2127
-2311
-1663
-2076
-1489
-1862
-1192
-598
-690
-144
-291
-762
127
-32
742
531
239
-97
-243
669
1258
1810
1642
2230
1424
1785
1876
2378
1691
2291
-2837
-3062
-3118
-3125
-3563
-3199
-3609
-3278
-2384
-1574
-1842
-2334
-3718
