0
446
2247
3974
310
-3357
-6771
-7965
-1235
-2122
-3462
-4493
3640
10341
10400
8446
10201
13500
9126
7566
8573
7451
4549
168
2772
1827
5586
4047
3524
-12278
-15868
-18330
-12867
-8817
-9061
-13182
-6281
2907
2773
9082
10799
-2880
-1151
4821
4744
11141
8461
5194
9374
9987
19024
4794
790
-3689
-3094
-3816
-4577
-6545
555
741
3633
-10120
-4232
1684
2131
-7392
-4192
-8535
-13258
-15808
-15659
-12919
-15980
-11296
-13102
-6327
-1027
-2281
-6616
-9007
-9996
-12772
-16024
-7803
-4810
-5265
-6354
-402
3954
1596
-12442
-15396
-19859
-12661
-12739
-15607
-12499
-14630
-18379
-23340
-18269
-19143
-22816
-24000
-22858
-26750
-29542
-31260
-26974
-29568
-26891
-23019
-14025
-16001
-6811
-18243
-20445
-12238
-2313
-1470
652
2020
-3634
-12954
-14332
-17334
-14609
-24273
-27354
-31187
-26205
-20387
-19963
-23336
-23988
-21341
-26181
-26473
-22399
-26750
-20618
-10860
-20736
-10738
-7275
-433
-27434
-22766
-24845
-33464
-31534
-27993
-30828
-21146
-12930
-7254
-12327
-16363
-13598
-8292
-1839
-9155
-19801
-16319
-15007
-8872
-10836
-24565
-16641
-12024
-16020
-18412
-21304
-22996
-14757
-18070
-8234
-7569
-12066
-13893
-18626
-27331
-31701
-27254
-30741
-29690
-33366
-28190
-19845
-14395
-17495
-33915
-36527
-41261
-44387
-47401
-43486
-34643
-38202
-29751
