0
391
215
0
674
492
641
419
584
900
1153
1673
2234
3041
2898
3363
3390
3213
3499
3368
3486
4243
4177
4115
4012
3996
4660
4458
4363
4521
4827
4593
5546
6496
6273
6172
6019
5862
5852
6739
7226
7353
7246
7817
7706
8514
8422
3292
3281
3176
3635
3555
3450
3767
4153
4605
4382
5297
5095
4995
4779
4694
4755
248
15
127
29
-92
291
243
776
1165
1002
1691
1658
1500
1406
2029
1793
2594
2446
3249
3121
4098
4619
5300
5222
5447
5277
5697
6138
6675
6542
6302
6185
7031
7550
8386
8158
8235
1163
916
1166
973
759
1096
1077
1647
1668
1927
1873
1952
-119
-356
-324
-378
556
1345
1303
1954
701
605
469
308
1300
1696
1156
1689
1445
1763
1535
2131
1977
1938
1998
2281
2164
1963
1840
2835
2996
2931
2706
2629
2587
2413
3273
4078
3899
4842
5332
5191
5590
5639
5573
5726
6110
6063
342
232
869
932
1059
1115
1059
1009
1635
1987
1825
2709
2691
2633
2494
3248
3198
3074
2908
2698
2509
2338
2228
2055
2005
1902
2513
2493
1453
2290
2062
1867
1740
1673
2478
2550
2327
2257
2024
1894
2419
2783
3776
4319
5091
6006
5107
5136
5039
5096
4709
4575
4354
4228
1975
1850
2387
2215
415
375
1140
1707
1623
1588
2260
2989
2937
2853
2705
2533
2720
3226
2695
2639
3352
4226
4105
5059
4975
4888
5886
2295
3171
3380
4103
4234
2376
1562
1376
1592
2381
2159
1968
2099
1992
2918
3699
3567
3366
66
-15
708
993
915
1679
2593
1495
1458
1340
1268
1569
1471
1766
2333
2272
2185
1942
2640
2501
3131
3343
-192
-278
-385
208
4
-202
-290
-457
232
106
-64
763
1294
1818
2794
2102
2863
2745
3051
2810
1462
1797
2015
1960
1956
1781
1934
1775
1921
1739
1594
2261
2013
1934
2638
1901
2008
2179
3141
3754
3892
3786
3831
4710
4703
5274
6168
6866
4567
4372
4333
2837
2771
3474
2302
2157
2880
2660
2461
2279
3233
3049
3223
3325
2367
2312
3046
3648
3948
3845
1481
1888
2000
1855
1864
2245
2849
2796
3392
4232
3050
2873
2253
2192
2070
1902
1862
2651
1963
737
557
370
1013
1853
1639
2315
1496
1380
2124
2017
1960
635
580
760
622
382
323
752
1744
1517
1478
1346
1124
915
1276
-249
663
593
391
752
732
131
12
567
993
1500
1265
1823
1510
1792
1996
432
319
158
393
54
490
868
822
995
1062
2019
2690
3066
2968
1869
2549
2776
2453
2814
2648
3544
802
662
1465
1453
1625
1527
1867
1631
1447
1528
18
246
82
646
1074
1970
2719
2610
2459
2434
2279
2282
2141
1713
1117
1597
2240
3129
3027
1331
1630
2012
2348
2443
2539
3309
-85
-106
266
53
1045
837
1174
2140
2136
2057
1994
2543
2385
2202
1992
1580
1543
-128
-179
-243
523
1055
893
739
730
488
291
154
84
265
230
535
