0
-53
338
78
-258
-419
-756
-851
-1183
-1109
-1301
-1792
-1726
-904
-52
-363
-728
-1168
-1314
-498
201
536
158
541
104
237
348
859
1235
1228
1147
1333
1095
2001
1717
1395
1193
1869
2555
2408
2328
1974
1848
1452
1684
1289
944
1585
2051
2879
3183
3673
3534
4486
4036
4659
5283
5006
5114
4796
4742
4717
4854
4611
5161
4787
4291
4499
4473
4046
4592
4509
4382
4430
4099
5081
4977
4896
5111
4676
4383
4578
4175
4020
4608
4460
5422
5928
5920
6748
-430
-375
435
8
1001
1912
2354
2727
2751
3169
2973
2894
2807
2561
2109
1840
2009
1654
1885
2814
2428
2877
3686
4201
4074
3859
3859
3364
3260
3955
3935
3556
4205
3800
3434
3274
3808
4621
4267
4915
5020
5875
5589
5665
5207
5642
5384
5372
6251
6075
6387
6147
5720
6698
7043
6985
6525
6144
6864
7751
8233
8616
9478
9044
8684
8838
9450
9185
9228
9105
9710
9479
9424
10403
10338
10099
10256
9950
9637
9312
9159
10117
9735
10039
9880
10812
11111
11223
10969
10729
10562
10868
11314
10874
11391
11262
10840
11752
11603
12348
13273
12868
12715
13176
13260
14161
13679
13400
13192
13470
14157
14490
14075
13825
13762
13350
13165
12682
13656
13226
13056
13343
13168
12922
12947
13695
13465
14092
14619
5145
6110
7050
7864
7827
7932
7654
8192
8553
8849
8490
8215
9147
10081
9781
9414
9905
9852
10545
10549
10339
11071
12024
12349
12284
11861
11348
12318
12247
12216
13185
14066
13815
13794
13699
13610
14506
14127
15067
14833
11649
11442
11056
7497
8076
8369
8185
9066
9669
9838
10127
10986
10204
9773
9375
8941
8662
9089
8663
8647
9530
9510
10414
10932
10921
11745
11399
11716
12513
13272
13075
12983
13394
10922
10828
11553
11906
11625
11724
12058
13016
12642
12296
13177
13907
14422
14302
14230
14052
14103
13858
13661
13472
13421
10954
10717
10660
5395
5223
5064
5793
5333
5975
6491
6135
5858
6367
5899
5624
5635
6368
6126
5952
-770
-542
-422
-644
-913
-1411
-502
-652
-779
-884
-350
-480
-258
-697
-1162
-963
-418
-248
375
-99
325
1000
586
474
-3
375
607
305
1229
1006
1497
1905
1705
1330
2128
1950
1815
2001
1655
1377
930
630
1154
1764
2606
3346
3364
2924
2495
2709
2214
2191
2044
2425
2054
2430
2839
3458
3987
4222
3840
3577
3222
2760
2564
2313
2173
1792
2683
2703
2600
2386
1988
2459
2081
1588
1633
1909
1758
2420
2866
2405
2299
3232
3804
4175
4030
3548
4022
4809
5121
4885
4758
4448
5425
5306
5000
4992
5990
6191
5787
5743
5598
5327
4980
5151
4705
4274
4760
4740
5439
6331
6744
2651
3566
3351
2976
3085
3450
3197
3577
3377
4135
4233
4764
4695
5480
5238
5919
6753
6329
7232
7261
6964
7039
7803
8763
8728
8349
8139
7793
8514
9293
9882
9736
10381
11346
11865
12533
13311
12827
13137
13472
13200
13477
13223
13445
13395
13741
13751
13341
13647
13431
13397
14356
14204
14758
15244
4843
5457
5995
5861
6699
6296
5826
6346
6224
5876
5700
5450
5346
4852
5426
5052
4805
4698
5598
5597
5212
4863
5698
5235
5428
5305
5233
6144
5713
5934
5717
5604
5564
5343
5378
5042
4806
4522
4360
4739
4533
4478
5156
4932
5611
6223
5826
6241
694
1178
1313
1771
2072
2593
2261
1783
1474
1226
1206
1876
1682
1438
1735
2433
3326
4225
3833
4026
2481
2916
3511
4153
4363
4346
4124
3653
3211
2967
2559
3531
4313
3611
3714
2474
2949
2997
2656
2533
2879
2691
2753
3617
3594
4151
4920
4941
5633
6342
6559
7322
7111
7681
7807
8195
8432
8849
8784
9407
9199
9593
9132
8870
9417
5124
4969
5066
4692
4285
4264
4061
4034
3819
3097
2798
2990
2707
2250
2967
2549
2180
1792
1573
1364
1135
807
488
341
352
144
138
457
83
514
739
1418
926
723
645
380
179
-206
-341
-246
303
-76
-193
692
1286
1216
973
620
580
498
1092
949
734
323
342
660
475
1208
1470
1032
1148
1514
1418
2308
2392
2490
2646
2503
2304
2064
2990
2500
3172
3742
4292
4277
4129
4824
4712
4473
4247
5025
5353
1614
1914
1778
1896
2553
2642
-243
-628
-833
-283
49
-225
-611
-1074
-1241
-609
320
887
492
15
205
461
73
-112
-579
-900
-44
187
-216
-476
-228
-678
-503
-180
-423
-745
56
762
781
635
1077
1030
895
1699
2045
2041
1366
2351
1966
1535
233
317
97
55
2
214
314
75
221
474
409
403
-63
872
809
1313
1575
1344
1273
2009
2068
1935
1670
2167
3147
3072
2912
2912
2851
-426
144
21
714
415
1070
1198
952
1728
1528
2036
1928
2553
2498
2535
2218
1751
1978
2151
2006
1980
2018
2690
2545
2929
104
-341
-685
99
1040
1178
-418
-835
-293
-389
-658
-1033
-1062
-1439
-568
-1021
-1503
-790
33
-289
617
1032
1263
1066
777
551
1317
1392
1315
1869
2275
2859
3465
4397
5317
5091
4801
4811
4440
4010
3942
3710
3290
3128
3646
3185
2955
1943
1930
1727
2182
1862
2140
1649
1543
1735
1811
2435
2488
2488
3456
3695
3268
3258
3898
3744
2269
1804
1723
1770
1331
1241
2197
2925
3587
3518
3139
2780
2479
2124
1494
1553
2323
3194
2763
3022
3278
790
1361
1056
968
1336
1351
1067
936
1235
1821
1881
2521
2440
3027
2549
2781
2388
2727
2359
2250
2210
1762
1472
1958
2899
3338
4200
3961
3977
4406
4514
4958
5461
6415
7149
3742
4319
4274
4099
3803
1064
1561
2095
2179
1695
1609
1747
2645
3634
3623
3470
3505
3888
3820
3607
3561
3863
2876
3509
3124
3218
3031
968
546
859
452
200
309
-10
477
419
66
592
443
1262
1742
1266
971
921
573
341
1212
1727
1906
1468
1591
1527
2306
1972
2444
2446
3423
3042
3384
3377
3370
4056
4376
4187
4050
3961
3510
3573
3455
3257
4025
3653
4023
3700
4138
4954
5065
