0
3244
2743
2861
4707
7440
5362
8213
13243
9284
16677
24944
24124
29856
25602
6601
1914
10606
7612
13548
11483
7247
5776
6897
13865
11213
7190
3258
1446
150
1016
-140
-1172
1104
-3453
-5566
-2386
-1096
-1855
-3123
5933
9963
8224
16333
20414
22202
21728
25758
1274
-2745
-5880
-7119
-7914
-11150
-6721
3209
7213
4265
2065
84
1155
-599
1122
-2719
-157
-4049
-5643
-7129
-8525
-9000
-9707
-10089
-2605
3087
-1713
5851
8421
16601
11431
9555
9274
12749
16687
13127
11099
7327
8639
11183
8197
3494
-1118
8198
7649
-1364
-6183
-3922
870
-974
2264
-2444
7314
-7814
-12074
-9795
-5957
-8006
-10943
-14413
-19343
-17251
-15624
-14561
-17239
-19217
-13964
-8661
-11571
-11729
-16215
-6239
-7552
-10188
-12942
-15790
-10117
-2298
4630
3389
-1062
-4925
1721
164
341
-3808
-7358
-11154
-12416
-15946
-20910
-24471
-14922
-19921
-13937
-17830
-14232
-15306
-7947
-6044
-8021
-9873
-9062
-10488
-14790
-19666
-21394
-21674
-21832
-20434
-19445
-23652
-21158
-11234
-14696
-15117
-14866
-19397
-10506
-9117
-7447
-12622
-3605
-8386
-9270
-2793
-4758
3354
6953
-12630
-13630
-15256
-16315
-16542
-20314
-23650
-23993
-17145
-20684
-19303
-15429
-18605
-13394
-8710
-10384
-3721
-1669
-9239
-13461
-21286
-22949
-21509
-12209
-17553
-19328
-10928
-12208
-15572
-9010
-13646
-11320
-15896
-19094
-21584
-25848
-26257
-29467
-33790
-32351
-33225
-33613
-37333
-29851
-29979
-33661
-31918
-22151
-22650
-26993
-22308
-21439
-25737
-30497
-22463
-24698
-34877
-29143
-31569
-31695
-36609
-37565
-29852
-31617
-34980
-39169
-36275
-31690
-36289
-32090
-29346
-31368
-22289
-23166
-22846
-34544
-33476
-31263
-26904
-17304
-16441
-9424
-17329
-14688
-9890
-10564
-10799
-8857
-6817
2415
-1186
-4524
-2256
-4515
-7261
2072
-2576
-3815
5655
6261
-40471
-41316
-46314
-47065
-41681
-36690
-28758
-27978
-21025
-25556
-20353
-22755
-27478
-18738
-21755
-26702
-30198
-34730
-24953
-25729
-35677
-34943
-37273
-37691
-33008
-50229
-51646
-47797
-48102
-40705
-36198
-32119
-36332
-40815
-40882
-34878
-31235
-30408
-33176
-37358
-39252
-30468
-30118
-35062
-39429
-43381
-34830
-31198
-32170
-25846
-24435
-27462
-27478
-32350
-29515
-30303
-26001
-28202
-18729
-17747
-34116
-35486
-38543
-43065
-34905
-39134
-37725
-34121
-24668
-27155
-19497
-25772
-29656
-27006
-26285
-27716
-25463
-20902
-11824
-15574
-34168
-38048
-32746
-37637
-35359
-27231
-30767
-33075
-26949
-23100
-25953
-26400
-18160
-14978
-12631
-17277
-21031
-16929
-12994
-7505
-8025
-12619
-6797
-3247
6106
2595
-553
-4566
-41473
-38216
-42389
-34613
-36259
-34086
-32538
-36401
-39564
-42053
-35758
-38175
-39315
-42362
-33190
-31692
-35193
-30200
-28593
-32797
-29940
-32036
-41571
-42090
-44944
-47671
-53320
-54017
-50695
-52912
-43742
-35865
-35195
-38408
-57513
-51421
-47545
-51247
-54640
-49335
-53118
-55288
-45391
-47953
-43721
-36735
-37701
-32357
-47938
-47833
-49824
-44453
-41068
-40502
-43514
-47646
-46505
-47424
-42508
-45417
-43383
-46972
-51392
-46964
-38863
-38272
-39037
-37793
-41248
-40572
-35954
-39404
-36448
-26596
-17089
-21308
-42834
-43900
-47817
-51224
-54839
-50424
-46508
-43339
-35115
-25632
-21693
-21502
-21771
-20586
-14676
-37437
-35572
-33360
-37726
-39347
-41486
-39980
-41686
-43876
-35109
-31467
-26687
-25665
-19431
-39154
-46417
-46832
-49841
-45758
-37097
-41225
-36655
-40636
-32873
-29077
-31475
-22292
-23425
-26883
-43669
-46217
-42817
-51183
-51610
-50568
-51827
-51980
-50628
-50243
-54451
-45090
-49865
-48851
-48943
-44561
-41869
-36119
-40691
-37531
-33586
-37658
-34857
-39755
-38190
-37115
-43693
-41569
-40138
-35959
-37665
-35718
-38931
-43917
-47826
-45381
-39249
-44169
-47878
-49835
-49447
-48184
-52431
-55531
-51466
-54251
-44737
-44013
-48991
-39021
-34352
-27418
-30580
-24635
-37528
-40392
-45002
-45940
-47280
-48633
-44957
-36772
-37123
-35050
-31326
-31750
-34032
-48781
-48890
-57397
-50648
-52179
-56112
-52886
-50955
-52266
-46584
-41669
-45812
-46887
-37303
-35754
-40620
-41559
-56916
-51769
-55203
-55638
-56301
-59031
-55282
-59352
-63427
-64812
-69679
-74634
-69122
-71376
-69138
-71199
-75659
-78474
-74680
-76456
-80104
-79376
-81970
-83907
-76094
-80781
-85685
-79168
-83645
-86435
-85800
-81231
-71667
-71712
-65151
-65491
-63208
-55753
-52765
-45981
-50090
-54786
-81350
-81695
-82626
-81999
-83574
-85291
-82067
-78561
-74741
-70649
-73571
-81631
-82700
-85004
-84429
-80398
-82225
-85895
-88160
-86270
-90982
-93560
-97148
-90324
-91830
-93312
-93467
-96963
-93415
-93083
-85221
-85565
-87860
-91940
-96011
-94122
-95801
-91188
-92877
-97872
-89767
-87811
-78247
-74775
-70257
-68214
-68944
-60102
-52687
-47169
-46321
-49257
-51700
-56452
-50429
-53979
-58045
-51724
-44304
-35981
-34687
-88535
-90799
-85753
-82675
-76583
-86583
-90008
-80973
-83841
-88424
-83012
-76390
-78279
-87390
-91399
-85433
-87905
-87712
-88688
-90937
-84916
-83896
-74056
-68914
-61564
-62691
-64056
-64692
-65003
-67135
-69850
-68217
-58485
-63421
-56743
-72454
-65769
-63200
-56510
-58892
-61647
-60359
-60394
-58897
-58062
-60207
-64058
-64327
-67184
-69698
-72267
-89747
-89262
-89332
-79395
-83486
-77926
-82227
-78749
-79632
-82173
-81487
-85239
-85474
-88684
-82350
-80377
-95887
-99571
-104464
-96202
-87865
-89677
-94517
-95785
-90606
-94554
-94129
-86002
-87335
-90519
-82115
-82467
-78895
-70117
-91645
-94309
-99137
-98252
-94587
-95846
-99826
-102970
-106913
-98619
-97731
-89902
-90917
-87858
-92747
-87291
-90800
-81811
-89126
-89509
-94839
-94891
-90491
-91553
-94625
-97123
-95712
-93858
-94636
-85498
-90198
-86595
-89127
-90060
-92834
-89143
-92807
-91369
-91110
-95337
-93954
-98557
-91437
-81458
-85987
-90204
-80405
-82974
-85761
-80533
-91831
-95949
-87372
-97929
-102270
-93204
-85828
-93562
-95971
-94630
-96052
-87839
-88225
-82178
-84616
-76903
-86104
-82164
-86368
-86479
-88301
-84472
-83902
-84871
-85867
-84679
-84539
-76670
-78033
-74632
-77796
-90504
-92169
-86234
-90562
-92035
-89083
-87334
-92216
-92333
-95456
-87253
-80195
-83289
-80558
-81506
-100569
-101979
-104104
-97906
-94028
-93288
-87320
-93975
-94493
-94645
-95117
-87748
-87340
-87716
-87770
-90327
-98627
-92260
-87390
-95565
-86680
-91437
-91623
-92148
-93457
-96707
-97322
-101750
-104234
-108398
-109178
-99725
-95316
-99109
-96775
-93015
-91654
-87371
-106952
-111663
-107424
-103825
-96895
-94985
-91697
-97482
-102309
-103640
-98220
-97299
-98547
-93467
-97505
-102491
-106516
-97346
-96563
-98933
-103701
-104012
-95678
-93428
-89734
-98206
-96119
-96669
-99392
-95656
-92245
-85763
-88522
-81304
-73285
-70300
-76280
-71767
-73221
-77804
-77058
-88520
-88945
-94405
-97639
-101265
-105551
-106558
-98668
-96310
-92265
-94777
-94917
-100592
-105491
-97686
-101528
-105255
-99578
-100787
-94581
-93609
-92015
-95199
-96882
-97534
-93854
-102144
-95134
-85869
-103676
-107389
-98039
-101266
-92580
-94596
-98050
-101532
-103684
-96105
-93712
-95967
-100957
-94079
-96166
-98949
-103631
-107045
-99030
