0
2
0
0
0
0
10
3
95
0
0
0
0
1
0
0
37
1
0
3
0
5
0
0
2
0
5
0
3
0
5
0
2
0
2
3
0
0
0
9
6
0
14
0
2
1
0
4
1
6
0
6
0
0
6
0
0
0
0
0
0
6
0
1
0
28
0
0
0
0
0
0
3
0
0
0
1
18
1
0
0
0
0
1
0
0
2
1
12
2
0
6
2
0
0
0
2
0
0
2
1
0
4
7
0
13
0
0
0
1
0
0
0
0
3
0
5
3
1
14
0
0
5
0
0
0
1
2
6
9
0
87
1
0
6
0
0
0
5
10
4
2
0
2
0
0
0
1
2
0
2
0
0
0
0
101
0
0
2
26
4
5
7
0
100
0
2
0
0
0
0
14
0
0
1
0
12
0
13
0
5
4
3
0
0
3
0
5
0
0
0
2
0
0
1
0
0
2
0
0
2
6
1
0
0
0
0
21
0
0
6
0
0
0
4
0
0
0
0
2
14
4
0
0
0
1
0
2
0
2
2
1
2
2
2
8
0
0
6
2
0
0
5
1
1
1
0
2
14
1
2
2
6
0
8
14
1
8
45
0
0
0
0
2
0
1
0
1
0
12
0
0
2
2
2
1
0
5
0
0
0
15
0
0
0
4
6
0
0
1
0
0
0
0
2
5
0
0
1
1
5
0
1
2
16
15
4
0
5
1
2
0
0
1
6
0
0
0
0
0
0
0
2
0
1
0
0
1
4
0
3
0
3
1
0
0
2
1
0
0
3
1
0
1
0
1
0
24
6
6
0
6
0
2
7
1
0
30
5
0
5
0
6
6
3
7
0
1
0
1
3
1
3
5
1
0
1
13
0
11
0
110
0
28
0
0
4
2
0
0
12
4
1
0
0
0
0
8
2
2
0
11
1
0
0
1
0
0
0
0
0
1
0
0
21
26
0
0
1
1
0
0
4
5
31
0
5
0
0
0
0
0
12
1
0
0
0
1
16
0
0
0
0
6
4
3
28
0
20
0
0
0
3
0
1
0
2
1
2
2
0
0
13
1
0
2
0
1
0
3
2
0
2
0
0
0
12
6
0
5
0
0
0
2
1
5
0
0
2
0
1
4
0
2
0
0
0
6
2
1
