0
2
10
0
6
0
0
102
0
5
41
0
0
0
0
0
0
1
2
0
32
52
2
0
56
1
0
1
0
0
4
1
6
1
2
0
0
0
0
8
1
2
0
20
0
1
0
1
0
2
0
4
2
0
1
2
0
0
55
0
3
0
2
1
2
0
2
0
6
4
0
0
0
0
0
1
0
0
0
12
14
1
3
0
29
0
15
0
1
0
3
122
0
0
1
0
2
0
0
0
1
1
0
1
1
0
9
3
0
1
61
1
0
2
4
2
0
4
8
6
0
1
1
2
18
2
0
1
1
0
113
1
0
1
2
0
2
11
0
12
2
1
1
0
1
0
4
1
13
0
0
1
0
0
3
1
4
0
2
27
0
5
2
0
0
3
2
0
1
8
29
0
130
0
0
0
1
0
0
0
26
2
2
1
0
2
0
0
0
1
5
20
13
6
0
2
0
0
0
21
0
1
1
0
2
0
0
6
0
3
0
0
0
1
59
5
0
0
2
0
1
0
0
12
0
0
0
0
28
0
5
2
0
0
8
1
0
0
0
0
4
0
0
4
7
0
5
6
2
0
0
0
2
0
0
0
1
0
0
5
34
1
1
0
2
0
1
0
14
0
10
7
2
0
2
0
0
5
2
3
4
42
0
0
1
4
6
2
0
0
2
0
0
0
8
30
0
0
0
4
2
6
3
2
1
0
0
0
0
41
0
2
0
2
0
0
9
0
0
6
0
1
0
3
0
14
0
5
6
0
2
2
0
1
1
1
2
0
0
12
0
0
0
0
0
0
0
3
2
0
0
42
21
0
0
0
3
2
0
0
0
11
0
1
0
0
1
1
0
1
0
0
0
9
0
7
0
0
0
0
0
0
0
6
0
161
1
3
95
0
0
0
2
0
0
1
0
0
0
2
0
1
2
0
38
2
0
0
0
2
90
0
3
0
0
0
0
0
2
1
0
0
12
13
2
0
0
0
2
2
2
13
23
0
0
203
1
0
0
0
2
7
2
0
0
2
1
1
24
0
1
4
0
0
0
0
0
14
1
0
0
0
1
0
0
0
0
0
0
0
0
3
2
1
0
0
2
14
0
0
14
13
0
29
1
0
2
3
2
0
0
2
0
2
2
2
0
0
1
0
