0
0
0
0
1
5
2
0
1
0
0
0
3
6
1
6
0
1
0
14
0
0
0
2
5
4
0
4
0
2
0
0
45
84
2
0
0
0
0
0
2
2
6
0
60
0
11
23
23
1
0
2
12
2
49
2
4
0
7
0
1
0
0
0
2
0
3
0
4
0
0
2
1
0
0
6
0
0
0
1
63
9
6
2
0
0
1
106
2
1
4
4
0
2
2
0
0
27
0
0
1
1
0
0
35
17
0
1
13
0
0
3
1
1
26
0
2
0
0
1
6
0
5
0
0
0
0
0
1
1
3
25
78
11
0
1
0
0
2
1
5
3
2
0
0
0
0
0
20
0
430
2
0
12
0
0
3
0
0
2
0
1
0
1
2
1
53
1
0
0
0
3
0
6
24
0
3
0
0
0
0
6
2
13
0
10
0
2
0
23
0
0
0
0
0
6
0
60
2
10
2
0
0
2
0
0
0
0
0
0
2
2
1
2
2
1
0
4
2
0
6
48
2
1
0
0
0
0
1
0
0
5
0
4
6
0
1
0
0
0
0
1
1
0
0
0
4
0
0
0
5
1
0
3
0
1
3
1
0
4
0
0
6
9
3
0
3
0
0
1
0
0
0
1
0
0
0
56
0
0
1
0
0
34
0
3
4
2
0
0
2
27
1
1
0
0
0
0
0
2
0
2
0
0
0
5
5
2
1
0
19
2
0
0
0
2
0
0
0
5
6
0
3
10
11
0
8
2
0
0
0
0
10
4
1
3
2
2
39
0
0
0
0
0
0
2
0
4
5
0
6
0
0
0
0
14
0
0
2
5
32
0
0
1
0
3
0
0
0
0
9
0
0
2
0
10
0
0
21
1
10
0
1
1
0
0
28
0
0
0
0
3
5
1
2
2
0
0
6
2
1
1
4
4
2
0
4
0
13
0
30
4
0
1
3
0
2
6
0
2
0
0
6
0
0
0
0
1
0
0
0
2
1
3
0
2
1
1
2
1
6
0
0
0
6
0
0
4
0
2
3
4
0
0
0
1
0
10
0
1
0
43
4
10
0
66
1
0
2
0
71
0
0
0
1
0
0
5
3
3
2
5
0
10
1
1
1
0
0
2
5
6
0
18
0
0
2
2
30
1
0
0
2
7
0
0
0
6
12
1
0
0
0
6
0
0
1
0
14
0
0
19
4
2
10
4
0
0
0
0
0
1
6
0
41
0
0
0
2
1
7
2
1
2
1
2
0
1
51
0
1
0
1
22
0
10
0
2
0
0
2
1
6
0
4
1
3
0
0
0
0
4
14
0
5
0
0
0
499
0
5
27
0
4
1
2
1
0
6
0
9
7
0
3
0
9
12
0
2
30
0
2
8
0
2
2
0
2
0
1
0
0
3
3
0
0
125
1
0
0
2
1
3
0
0
0
1
0
0
0
0
70
0
0
19
39
0
1
24
2
5
4
23
0
4
0
0
2
2
0
0
0
0
0
0
1
0
1
0
0
2
2
0
0
4
1
4
0
6
0
0
3
0
0
0
1
0
0
0
6
6
5
1
1
0
0
14
0
2
2
1
0
0
1
6
2
0
3
4
0
0
0
0
0
162
5
1
0
10
9
12
0
2
0
0
0
0
3
1
0
0
0
3
0
1
0
0
0
2
5
0
3
2
6
0
1
1
2
0
0
4
6
5
2
0
2
5
2
0
6
0
0
0
11
0
1
14
5
1
0
0
1
0
0
2
5
0
0
15
0
0
2
0
2
2
0
0
4
0
0
0
4
0
0
0
0
11
1
2
0
0
2
0
0
0
0
0
1
0
5
4
5
0
4
0
1
3
1
0
0
1
38
0
10
5
0
1
9
11
0
0
8
1
0
2
0
0
0
0
2
5
0
0
2
0
0
0
0
0
3
0
0
2
1
0
0
0
6
0
0
0
0
0
2
4
0
1
0
0
1
0
2
0
1
1
5
0
3
0
0
0
14
0
0
0
0
3
0
0
0
4
0
0
0
6
0
2
96
1
0
0
3
0
0
0
0
29
1
0
0
2
0
1
0
7
0
0
4
0
0
0
1
0
0
4
0
0
0
0
0
0
0
0
4
2
0
0
23
0
0
1
2
2
0
0
0
0
0
1
0
0
2
0
0
0
2
2
0
0
0
0
0
9
0
5
0
0
1
0
0
0
0
1
0
0
0
7
1
2
0
0
0
2
0
15
0
4
1
0
0
0
7
2
35
0
2
1
2
2
0
0
0
0
0
2
0
0
5
2
0
