0
0
1
44
3
0
0
0
0
0
90
3
10
0
0
5
0
4
1
2
1
1
1
0
2
3
0
1
3
4
1
0
1
0
1
1
6
11
3
3
0
0
1
3
5
1
0
7
1
0
3
2
0
0
0
0
0
56
1
0
0
0
1
0
2
5
2
0
0
0
1
0
0
0
0
5
1
48
0
0
4
0
0
0
54
0
3
1
0
0
7
0
2
0
0
0
2
0
1
0
12
463
0
0
0
1
0
3
332
3
0
6
1
0
0
17
2
2
0
2
74
7
0
0
1
0
4
120
3
2
2
3
0
0
5
0
0
0
2
0
7
0
0
1
2
1
8
36
0
0
0
1
1
1
3
0
0
2
0
0
6
0
0
0
0
0
0
7
0
0
6
1
2
0
0
0
2
0
0
4
2
0
0
0
0
10
5
1
133
0
7
8
2
0
11
0
0
0
0
7
0
0
0
8
1
1
1
0
1
0
0
0
0
0
0
0
7
0
0
12
0
2
0
0
3
3
2
1
8
0
1
2
10
0
0
4
0
2
0
0
0
17
0
4
1
11
0
0
1
1
3
0
1
0
5
0
3
3
2
5
2
0
13
0
0
1
1
2
4
0
0
0
0
2
0
0
0
0
0
0
2
3
1
1
12
1
0
0
3
8
31
0
5
7
4
1
1
1
0
0
0
1
1
13
14
1
3
0
0
0
3
1
2
7
15
0
0
0
0
1
0
0
3
0
3
0
3
0
0
1
0
0
0
0
4
0
0
0
0
3
1
0
1
1
0
0
0
2
0
8
3
2
0
1
1
0
3
2
0
0
0
0
0
3
2
2
0
5
0
3549
2
0
5
0
4
1
13
0
1
0
1
0
0
0
1
2
0
1
1
16
0
5
12
0
1
3
0
1
1
0
0
0
1
0
1
0
2
0
1
1
0
0
0
0
2
14
0
1
3
1
14
0
1
1
0
1
0
0
1
12
0
2
7
0
0
7
1
0
0
0
0
0
1
0
1
3
1
2
0
14
2
7
0
1
13
0
0
0
2
0
0
0
0
0
0
1
0
1
11
9
0
0
0
0
1
1
0
1
1
2
0
6
0
2
0
2
0
0
2
0
0
0
8
0
2
2
3
0
0
0
4
4
0
6
0
0
0
7
0
0
0
0
3
5
7
0
3
5
7
0
0
0
1
0
15
16
1
1
2
0
3
6
0
0
16
0
0
0
0
0
0
1
5
0
0
0
2
3
0
0
0
1
0
0
57
0
0
37
0
0
0
0
1
2
0
6
0
0
86
0
7
24
0
0
2
1
52
0
3
0
0
1
7
1
1
2
0
1
3
0
0
0
0
1
0
0
7
0
0
3
0
0
32
0
155
0
0
0
0
0
0
0
0
3
6
2
1
0
0
3
7
1
8
0
3
0
1
0
1
2
0
7
0
0
1
1
3
0
1
1
1
1
0
0
0
0
51
0
0
153
13
0
2
2
13
0
1
7
2
0
13
0
0
3
0
0
0
0
1
1
0
0
1
2
0
70
0
2
0
0
2
0
2
0
2
2
0
0
0
68
0
0
0
3
0
0
3
0
14
3
4
3
0
3
1
3
1
0
0
0
0
0
36
0
0
1
0
1
1
0
1
8
0
1
0
122
0
0
5
3
1
0
0
0
0
0
0
15
0
0
0
1
0
0
0
0
0
8
0
5
0
1
0
0
0
0
0
0
6
2
34
6
0
31
7
0
0
0
0
0
7
0
1
2
8
0
37
0
1
0
3
1
0
4
0
0
12
0
32
1
0
36
0
0
0
4
3
0
0
0
0
0
2
0
0
0
7
0
0
5
0
0
1
1
4
3
0
5
30
0
2
1
3
0
3
4
59
0
0
1
2
0
0
0
0
0
0
12
1
0
0
7
0
0
0
0
2
31
1
0
0
97
1
2
8
1
2
2
24
0
1
0
1
7
1
0
2
3
1
0
13
2
1
1
0
2
0
0
0
0
0
0
0
18
4
2
1
4
4
53
0
1
3
2
2
0
0
0
0
6
1
13
11
0
3
0
0
0
0
1
0
2
8
0
0
1
2
1
0
0
3
382
0
0
0
1
73
0
1
0
1
4
0
2
1
1
1
0
0
0
1
3
0
0
115
18
1
0
34
0
0
0
0
2
0
0
0
0
3
9
0
8
10
0
52
2
0
0
0
0
1
0
0
1
0
274
1
0
16
2
19
0
2
0
1
0
17
3
2
0
0
0
0
17
1
0
0
3
0
0
