1
0
18
0
7
3
1
8
0
0
0
0
0
61
2
0
0
3
15
0
0
1
6
2
0
0
1
0
11
1
1
1
1
3
0
0
0
0
2
0
1
0
3
7
5
15
0
5
3
67
7
0
0
1
0
1
1
10
1
2
3
1
0
0
0
1
0
0
0
0
1
6
29
5
0
1
0
0
2
6
0
7
0
7
0
2
0
2
5
21
3
1
0
0
1
1
0
2
0
0
3
0
2
6
0
0
1
0
0
0
0
2
1
2
1
1
4
1
0
1
0
3
5
2
0
1
0
5
0
1
2
0
10
32
0
2
6
0
1
5
0
1
0
0
9
0
1
19
1
1
1
0
0
4
0
1
1
15
3
1
0
3
6
0
0
0
0
0
0
545
4
0
3
0
0
0
0
32
0
0
2
0
2
0
0
0
2
0
0
36
0
0
0
2553
3
0
5
0
4
6
2
0
0
0
0
0
0
3
0
60
0
0
3
7
0
0
0
0
9
0
1
0
1
0
0
0
0
36
13
48
5
3
6
14
0
1
0
1
0
91
0
0
1
0
0
0
0
1
1
0
2
3
1
2
0
0
0
8
0
0
3
0
0
0
2
44
0
1
1
1
0
0
0
2
0
0
0
3
43
0
1
7
10
1
10
0
0
2
18
0
0
10
0
2
0
1
4
0
1
0
63
0
0
5
0
0
2
1
0
0
0
0
1
0
0
0
6
0
5
3
2
0
0
1
0
3
0
0
0
0
1
6
0
0
0
0
1
0
2
6
3
0
0
0
0
0
0
0
0
1
17
16
1
0
1
4
3
0
0
17
36
5
2
3
3
0
1
0
7
2
0
24
168
0
22
2
6
0
0
2
5
0
0
1
0
3
0
0
5
0
0
0
0
0
8
3
8
1
0
0
1
2
0
6
0
0
0
0
0
36
3
1
3
0
6
3
0
3
0
1
35
0
12
8
2
1
0
15
5
0
3
0
1
0
14
1
0
3
5
0
2
0
0
0
7
29
0
3
1
3
1
0
8
0
0
1
3
0
0
8
0
3
6
0
0
6
6
1
0
0
1
3
0
0
0
27
1
13
0
3
0
1
5
0
0
1
0
16
0
0
0
3
0
0
0
3
1
1
8
0
0
3
0
2
18
0
0
1
0
0
2
0
8
3
2
0
6
0
1
0
1
1
0
0
1
0
4
47
0
0
0
0
0
0
3
6
1
15
1
0
1
1
0
3
6
0
2
0
1
3
3
2
0
1
1
0
0
16
4
6
0
0
21
0
0
0
3
3
0
3
0
0
0
0
9
7
0
1
0
0
0
0
1
2
8
3
0
2
3
0
2
0
43
1
0
2
0
4
1
1
0
0
0
0
14
1
3
0
0
1
366
0
3
2
2
0
0
0
0
0
3
0
2
0
0
0
2
0
0
0
2
72
2
271
0
1
0
0
0
2
0
3
0
0
0
2
0
0
1
109
0
2
1
0
0
34
1
1
0
3
0
1
9
2
0
1
3
0
17
2
0
0
0
5
0
0
4
0
2
0
7
0
22
1
0
15
3
12
1
0
0
0
1
0
0
1
0
3
0
0
0
3
5
1
0
0
0
0
12
5
0
0
0
0
0
14
0
2
0
7
1
4
0
0
16
1
0
1
1
0
0
28
28
0
0
1
0
3
146
0
0
0
0
0
3
3
11
17
0
0
8
2
3
1
8
0
0
5
0
7
0
15
37
8
0
5
0
14
0
0
4
24
49
0
0
7
4
0
0
0
1
0
1
1
2
0
0
0
3
0
0
9
3
1
0
0
3
12
9
0
45
0
16
0
5
0
0
4355
0
3
0
0
0
1
0
3
1
7
0
1
0
2
0
0
0
1
0
0
1
0
0
0
0
0
1
0
0
1
1
2
1
1
2
3
0
0
0
0
1
26
0
0
0
0
2
0
26
0
16
0
0
0
3
1
0
2
0
3
0
0
72
3
0
0
5
2
0
2
0
0
1
0
1
0
3
2
0
0
0
0
2
85
0
1
2
0
8
4
6
6
1
0
0
0
0
14
3
0
0
162
0
3
1
0
4
0
3
0
0
0
0
0
0
0
6
0
1
1
1
0
16
5
5
4
12
1
3
0
0
0
0
10
0
1
73
1
0
1
2
0
4
1
83
0
0
76
0
0
0
3
1
3
1
6
4
0
1
0
3
0
0
3
0
0
0
0
0
0
2
4
0
1105
0
0
1
1
5
0
7
0
0
0
0
0
1
3
0
2
0
0
1
2
0
0
0
1
0
0
0
147
0
1
0
0
0
0
0
1
58
0
0
1
1
5
5
0
7
0
0
1
0
0
4
0
9
1
0
0
3
0
4
3
0
4
106
0
6
0
0
1
0
0
0
5
0
0
0
1
6
1
1
0
0
3
1
3
0
2
0
1
2
0
1
5
13
2
0
0
0
0
0
3
30
0
45
2
2
0
3
0
0
2
0
3
8
2
0
0
0
1
2
0
1
3
2
1
0
0
7
0
6
3
0
0
202
15
0
0
0
4
3
3
22
0
0
0
1
0
2
0
14
0
0
421
0
0
7
3
0
0
8
0
0
5
0
1
1
0
0
1
0
0
0
1
2
11
1
0
8
2
0
1
0
0
7
0
0
1
7
43
2
0
1
3
1
0
0
4
0
0
1
0
3
1
0
2
31
0
1
3
1
8
0
8
0
0
0
6
1
3
1
0
1
6
0
0
2
8
472
4
7
0
0
5
0
64
0
0
16
1
0
5
1
3
25
0
0
28
240
0
1
0
0
7
0
3
5
2
0
1
0
1
2
0
0
0
0
0
0
15
35
0
1
33
0
1
12
8
0
3
0
8
0
7
0
1
1
0
0
5
0
2
2
0
3
3
0
0
3
0
2
3
0
0
0
1
0
0
2
1
0
0
1
9
1
2
5
37
0
4
1
0
23
4
0
0
0
0
2
1
3
1
32
0
0
1
13
2
0
7
0
0
0
9
12
5
0
0
4
0
1
5
0
2
0
6
0
34
1
1
13
13
0
0
0
0
64
0
2
6
0
1
1
0
3
2
0
0
0
3
5
0
0
32
15
7
0
3
0
3
0
7
0
0
0
1
1
0
0
2
0
8
0
0
4
3
0
0
0
0
0
3
3
0
0
1
0
6
0
0
0
3
0
0
2
1
0
9
0
0
0
7
7
0
0
5
0
1
15
1
2
0
0
5
0
0
0
1
0
0
5
47
0
1
0
2
1
0
0
61
0
0
28
0
0
0
0
0
0
1
0
0
2
0
1
6
3
0
41
0
0
0
5
0
0
1
0
0
1
0
0
2
10
6
0
0
0
0
8
9
3
0
1
0
0
1
0
1219
0
2
0
6
0
3
1
0
0
0
11
1
0
57
3
2
1
1036
4
1
0
2
0
0
0
3
0
0
1
1
0
1
0
0
93
1
0
5
5
0
0
1
0
6
9
0
3
9
2
11
1
6
2
0
0
0
7
0
0
0
0
0
0
0
0
0
0
6
0
0
0
0
0
0
1
0
4
0
1
3
0
0
0
1
1
16
1
1
0
1
2
34
0
1
0
0
0
3
2
0
0
0
0
0
1
0
151
2
0
0
3
0
0
0
10
26
0
4
15
2
0
0
0
4
6
1
0
1
0
5
0
1
2
0
0
2
0
2
0
2
0
0
0
0
0
4
6
4
2
3
8
0
15
3
0
0
0
11
2
0
2
0
0
5
7
5
3
1
2
33
0
9
0
6
3
0
3
1
0
2
0
16
1
8
0
19
10
0
0
3
2
2
0
0
2
7
0
3
0
1
1
3
0
5
0
1
0
0
0
0
0
0
425
3
0
36
0
3
0
39
3
0
1
0
0
13
1
23
0
0
2
0
1
0
0
0
0
0
5
0
0
1
1
1
0
0
3
6
1
0
0
1
0
0
2
0
16
0
0
0
0
0
1
36
0
1
0
0
0
0
0
3
0
0
0
0
0
2
0
0
2
3
30
1
1
37
25
1
232
0
2
6
1
0
2
16
0
3
1
1
0
0
0
0
0
0
5
0
3
3
1
0
0
0
0
0
0
3
0
0
0
0
2
21
10
0
0
0
0
0
0
2
1
5
0
3
3
1
0
0
3
2
8
8
0
2
2
3
7
3
0
0
0
0
0
0
2
7
7
2
1
0
13
0
1
0
1
6
1
0
1
2
0
0
2
0
0
45
3
1
0
1
1
7
0
8
3
3
6
13
0
0
0
0
0
1
11
0
35
0
3
1
4
0
1
1
0
6
255
0
2
0
1
1
2
0
375
1
1
1
1
0
16
42
68
0
0
3
1
13
3
1
1
0
0
0
0
0
2
7
6
0
3
0
6
4
0
1
6
0
0
0
2
1
0
5
64
0
0
0
14
5
3
2
0
0
1
2
2
3
0
13
11
0
74
0
25
0
0
0
0
1
0
15
5
1
2
0
1
0
0
0
3
0
0
0
1
0
26
1
4
2
1
0
0
0
0
29
23
0
7
6
5
1
0
128
3
0
0
0
16
0
8
0
0
3
3
28
2
3
0
0
0
0
0
5
10
0
1
0
3
0
0
1
1
0
1
0
2
2
3
0
0
34
0
0
32
0
7
107
1
1
3
25
0
2
0
5
237
0
1
1
1
1
1
0
6
2
0
1
2
2
0
0
1
3
1
0
0
0
0
0
0
4
7
0
14
0
3
0
0
1
1
44
0
0
5
1
2
0
0
2
0
3
4
3
3
0
0
0
31
4
13
6
2
4
0
5
0
0
0
0
8
3
18
6
8
0
1
1
1
1
3
6
1
5
0
0
1
0
32
1
8
0
0
1
0
1
3
6
0
10
0
0
0
0
3
10
8
3
2
0
0
0
0
1
1
7
1
0
0
0
0
0
20
1
3
0
0
0
8
0
0
3
0
5
0
7
143
0
0
0
1
11
0
3
0
0
14
0
1
1
0
0
0
2
1
0
1
2
0
8
1
0
3
0
0
0
549
6
1
1
8
2
2
3
4
1
0
0
9
0
8
0
16
2
0
1
6
0
1
0
1
0
1
4
0
0
2
1
0
1
3
0
17
0
0
0
1
4
0
1
0
4
2
0
0
0
8
1
0
33
0
2
0
0
0
3
0
0
45
0
0
1
0
3
0
0
1
3
0
4
0
0
5
3
0
5
0
3
0
12
0
0
30
0
2
0
5
0
3
7
0
0
3
7
0
0
3
1
1
2
1
0
1
1
3
3
0
0
2
0
1
3
1
0
6
4
1
1
5
4
0
0
0
7
3
0
0
1
2
1
0
1
0
9
0
1
1
3
5
24
3
2
0
0
0
3
1
1
1
36
2
17
1
5
19
5
0
1
0
0
2
5
1
0
0
1
1
3
0
0
1
0
18
0
0
1
0
0
0
1
3
2
0
10
0
0
0
0
0
2
0
25
1
0
2
1
1
0
0
2
27
0
0
0
6
1
0
0
1
3
2
0
3
0
0
1
0
2
0
1
0
1
0
12
0
92
0
0
0
1
0
0
1
0
0
3
1
1
3
1
256
3
1
0
6
0
0
0
3
22
2
0
3
0
23
0
0
6
0
0
3
39
7
1
0
0
1
0
128
3
7
32
18
0
0
0
1
0
2
0
0
1
8
6
1
0
0
18
1
19
9
0
0
0
9
1
0
1
0
6
0
0
5
0
1
0
0
0
0
0
0
0
0
3
0
0
11
11
1
0
1
0
0
3
0
0
2
72
0
0
1
0
0
2
0
0
0
1
2
1
0
1
0
0
1
2
129
0
4
1
599
0
0
0
0
1
1
0
0
3
6
0
1
27
1
0
2
2
4
0
0
8
0
0
0
1
1
0
36
6
1
1
2
8
0
0
0
0
1
1
0
0
0
27
2
0
2
0
0
0
0
0
4
34
0
0
0
0
6
0
2
1
0
1
3
3
0
0
8
0
15
0
0
0
3
12
15
0
2
0
0
2
0
0
0
0
0
0
15
0
0
0
1
6
41
1
0
0
1
0
0
4
0
0
0
1
0
0
76
1
0
1
3
15
0
3
0
4
1
7
29
0
0
0
0
0
65
0
47
0
1
0
0
15
3
0
3
7
3
2
0
2
1
1
1
5
0
5
40
0
1
0
8
1
0
0
0
2
1
0
2
0
0
0
0
0
0
0
0
1
7
0
3
0
0
0
1
5
0
1
6
0
0
1
0
1
1
1
0
16
1
0
0
0
2
0
0
0
1
0
0
1
2
4
1
0
0
11
0
0
0
3
1
2
6
615
0
0
0
1
1
1
1
0
0
0
0
0
0
3
1
0
1
0
1
1
0
0
2
1
32
0
0
1
0
0
8
4
0
6
0
0
0
0
0
3
0
0
0
1
0
13
0
1
0
11
1
10
1
3
6
0
3
6
1
24
0
8
1
0
1
5
0
0
0
1
1
0
0
8
265
6
0
0
3
0
2
0
0
14
0
0
0
2
0
0
0
0
6
0
0
0
0
12
3
0
2
2
0
1
0
0
1
0
11
0
1
1
0
2
2
1
0
1
2
0
0
0
0
0
0
0
0
0
16
1
1
0
0
6
0
0
3
3
0
1
0
3
6
7
0
9
0
0
4
1
0
18
0
0
1
3
3
2
0
70
0
0
5
0
0
0
0
0
0
0
27
2
6
1
0
0
4
0
0
0
0
3
1
1
5
1
7
6
0
2
2
1
5
0
2
2
0
0
0
0
0
1
1
0
0
13
0
0
27
6
0
1
7
0
10
1
3
3
1
0
1
0
0
0
13
5
1
1
167
1
4
2
0
0
0
0
5
0
6
0
17
2
309
0
3
0
25
7
0
2
1
0
0
0
0
0
1
0
0
0
1
0
0
0
1
0
72
0
3
1
8
0
3
3
0
0
2
0
0
0
0
3
2
0
0
0
0
0
37
6
3
7
2
0
4
7
0
0
2
0
2
1
6
0
3
1
0
0
0
0
0
1
0
0
22
0
0
17
0
4
0
0
0
0
3
0
25
0
0
0
0
9
0
0
0
0
0
1
0
0
0
2
4
0
0
0
3
2
1
4
0
0
0
260
0
1
1
0
24
28
1
0
0
5
0
1
1
0
15
0
0
1
5
0
0
0
0
0
0
0
0
0
0
0
0
16
0
1
0
0
3
0
0
6
8
9
1
6
15
1
0
0
0
15
1
17
55
37
3
0
1
0
0
0
0
1
0
0
10
0
0
4
0
0
1
1
6
81
0
0
0
0
6
0
1
16
0
3
2
1
1
7
13
1
0
3
0
0
0
0
0
0
14
3
0
7
3
0
0
0
89
6
7
0
8
18
0
1
0
0
1
3
2
3
2
0
3
3
1
0
0
1
1
12
0
36
5
0
0
0
0
1
17
14
1
2
0
0
10
0
1
73
0
0
0
55
0
0
0
61
0
0
0
0
0
0
4
2
9
3
1
0
9
3
3
0
0
3
2
1
4102
0
3
2
4
0
0
0
3
12
0
2
0
0
0
3
0
0
7
0
6
7
0
27
4
3
0
0
1
0
1
0
0
2
16
0
0
1
0
2
3
6
2
51
0
3
28
3
2
2
30
0
0
2
1
0
2
0
1
0
3
0
0
0
0
3
29
0
1
0
6
0
0
2
282
0
27
0
0
1
0
0
1
1
2
0
2
0
2
37
0
1
0
0
0
15
11
1
0
0
1
0
2
2
0
1
0
0
2
0
0
0
0
0
0
0
6
0
0
1
2
2
21
0
0
0
3
6
1
3
0
1
3
2
1
5
8
2
0
0
1
1
59
0
1
1
1
0
5
0
1
0
5
0
2
2
0
1
2
2
19
7
1
4
1
1
1
0
2
2
0
3
0
1
0
0
1
1
0
126
1
0
10
1
2
0
1
8
3
0
3
3
8
8
0
0
0
3
2
0
1
1
0
0
0
0
0
2
3
47
0
0
0
1
3
0
0
61
0
15
0
0
0
0
1
5
0
0
1
0
3
0
0
2
0
0
6
0
0
4
0
11
1
0
0
0
0
0
0
0
2
279
0
0
1
1
5
0
0
0
0
1
1
6
1
0
0
0
0
35
54
10
0
0
0
3
8
0
2
0
0
0
0
0
15
0
0
3
0
0
2
3
1
0
0
7
76
1
2
8
7
3
3
0
0
0
5
1
0
0
0
0
0
1
0
1
1
9
0
0
0
1747
8
2
0
0
4
0
0
8
1
0
0
1
4
2
0
1
3
5
0
1
0
0
0
36
1
132
0
1
0
2
6
3
2
0
4
0
0
51
2
0
0
0
0
1
0
3
2
0
0
6
1
0
158
1
2
12
0
8
0
0
1
0
2
0
0
0
0
0
1
0
4
133
1
0
0
0
55
0
0
8
0
0
0
4
1
0
0
2
0
0
0
0
0
0
0
3
0
0
2
3
0
1
0
4
2
1
1
2
0
0
0
0
0
10
4
2
0
7
2
0
0
0
71
0
1
0
5
8
3
1
1
12
420
6
0
3
0
6
0
0
1
2
2
3
23
4
0
0
0
0
0
0
0
13
2
6
0
0
0
0
154
0
1
12
11
0
2
1
12
0
0
253
0
0
7
1
1
0
0
5
0
1
3
9162
0
0
0
8
0
0
0
0
0
0
0
3
0
1
0
1
0
4
3
986
0
0
0
7
4
1
0
0
2
0
2
15
1
0
11
0
12
17
0
0
1
9
0
1
2
0
1
0
0
2
2
7
0
35
0
1
1
3
1
0
0
0
1
2
2
0
0
3
3
0
0
0
0
17
0
44
17
0
0
1
5
0
2
0
0
0
4
0
0
1
3
1
0
0
1
0
2
0
0
0
0
3
0
7
0
0
7
17
5
5
2
0
0
1
0
0
0
0
0
1
0
1
0
2
0
0
34
1
2
36
0
0
1
0
1
1
0
0
3
0
0
34
8
2
1
1
0
0
1
0
0
0
3
3
0
0
3
0
1
0
0
8
1
0
0
0
0
0
0
6
0
1
4
7
0
0
5
0
0
3
0
3
0
3
2
0
0
2
0
1
5
0
5
1
0
1
4
2
0
0
2
24
1
0
3
0
44
0
0
5
0
26
1
1
0
0
3
0
0
0
123
0
0
0
0
1
4
0
1
0
0
2
16
0
28
3
17
7
1
1
1
0
0
1
23
0
1
0
3
0
0
2
7
3
0
7
1
0
23
0
3
3
10
0
0
5
7
5
3
0
1
23
0
0
2
7
10
0
0
0
0
1
2
0
0
3
0
1
211
0
2
6
0
3
1
9
0
0
0
3
0
1
0
2
6
0
6
1
6
7
0
0
1
7
0
1
0
0
0
0
0
1
8
1
0
1
1
1
12
0
3
10
0
1
0
8
8
0
0
0
1
0
1
5
0
0
0
6
0
1
11
0
0
3
57
0
0
11
0
0
1
1
2
1
1
1
12
0
0
3
0
0
0
1
0
8
1
7
37
8
0
0
3
0
0
5
1
16
0
0
1
0
0
2
0
0
1
0
1
0
13
1
1
0
6
1
27
15
0
5
1
29
5
0
1
6
0
0
0
5
1
0
0
0
0
1
0
4
0
0
1
0
0
2
3
0
0
276
16
263
2
1
0
2
1
0
7
7
1
0
1
3
6
0
0
2
1
0
1
2
0
1
0
0
0
0
7
0
0
3
0
0
9
3
2
0
0
1
0
0
0
0
1
0
17
17
10
0
0
0
20
0
22
1
0
0
5
3
0
4
0
5
0
2
0
0
1
0
8
0
0
1
0
0
0
1
0
0
0
2
0
0
0
0
0
0
3
0
0
0
1
2
0
6
0
1
1
0
6
1
0
0
1
1
0
2
5
0
0
0
1
0
0
0
1
12
0
0
6
2
6
551
1
21
0
2
0
0
0
1
0
1
0
0
0
15
0
0
0
0
1
0
7
0
0
6
2
1
0
3
3
0
1
16
13
0
0
5
0
0
2
7
10
0
2
3
0
0
0
3
30
2
34
3
0
1
0
2
0
0
0
0
0
3
0
2
0
0
0
3
0
0
2
0
1
3
0
5
1
2
0
0
0
0
6
0
0
0
2
3
1
0
0
0
2
1
2
0
0
0
0
1
0
0
1
0
0
2
2
0
2
0
2
0
11
27
1
0
3
2
2
0
3
8
1
8
3
1
0
7
0
4
2
0
34
0
1
0
0
16
2
3
1
0
10
1
15
3
3
0
0
0
0
0
0
0
13
0
0
1
1
0
0
0
1
0
17
8
12
0
0
0
0
0
2
0
3
3
0
1
0
2
4
32
0
0
12
29
0
20
0
3
0
0
0
6
0
6
1
0
2
3
1
2
0
7
1
1
5
1
0
1
3
0
0
7
0
1
0
0
0
0
0
0
4
1
0
1
0
0
2
7
0
2
2
0
0
0
17
12
4
3
66
2
0
0
0
0
0
0
1
0
0
0
1
0
0
7
0
0
3
2
8
31
0
3
253
0
5
3
0
4
11
3
2
1
1
3
1
0
1
1
0
0
0
0
0
0
0
0
0
3
49
3
0
0
0
6
0
3
3
6
0
37
1
0
2
1
1
2
1
18
0
4
3
4
12
1
0
0
0
0
2
0
1
0
0
0
0
0
70
2
0
7
7
0
0
6
2
0
0
1
0
107
1
0
0
5
100
2
1
2
0
0
0
0
0
0
0
37
0
0
1
1
0
1
1
4
0
2
3
1
0
2
0
0
2
0
0
1
0
0
0
7
0
3
0
0
2
3
3
0
0
0
0
3
0
1
0
0
1
16
0
1
1
0
5
0
0
0
0
3
0
0
0
8
2
3
0
2
0
0
1
0
0
3
3
2
0
1
0
0
1
0
1
149
0
0
0
35
3
0
4
0
0
0
0
0
0
0
4
4
20
1
0
0
0
3
1
5
7
0
0
5
8
2
3
0
0
3
3
2
2
167
0
0
0
0
9
1
3
2
0
0
0
0
3
1
0
88
0
3
0
0
0
0
2
0
9
4
13
0
0
0
0
1
0
0
1
1
1
6
0
0
2
0
1
0
0
0
6
2
0
0
0
0
1
0
0
0
2
0
0
0
1
0
0
7
1
0
2
0
0
6
0
0
8
0
0
3
5
0
0
0
0
0
0
0
0
0
108
2
0
0
3
1
0
23
1
0
6
0
0
13
1
0
1
14
1
3
1
0
1
0
1
0
2
0
0
17
0
1
0
0
6
3
2
1
2
0
3
0
0
0
2
5
0
0
0
0
7
2
35
3
2
2
0
1
