0
0
0
1
0
1
0
0
2
0
3
1
2
1
0
6
20
0
4
7
0
0
0
9
3
1
0
0
2
0
1
1
0
1
2
0
0
1
1
0
0
23
1
2
1
6
3
0
0
1
0
4
4
1
0
1
1
4
2
0
0
10
0
6
1
1
0
1
0
0
1
2
0
0
2
0
0
1
3
0
0
1
1
47
0
0
1
0
4
4
4
0
1
1
0
161
1
0
3
10
1
2
0
1
1
8
0
0
0
10
0
0
16
4
0
1
0
7
0
0
0
1
0
0
2
1
0
1
0
4
0
0
0
0
0
4
0
1
0
0
4
0
2
0
2
0
0
0
0
0
4
0
0
36
0
1
1
1
4
3
0
1
0
3
1
0
0
0
1
3
0
316
9
0
0
0
0
0
33
0
8
0
1
0
0
0
4
2
0
0
1
0
7
6
0
17
4
1
9
0
0
17
4
2
0
4
0
1
0
0
19
0
0
2
1
0
0
0
0
1
37
0
5
1
8
6
0
0
1
0
4
0
19
0
4
3
0
0
7
0
0
0
0
0
4
0
0
0
0
0
10
4
1
2
0
0
1
0
9
0
0
0
1
4
0
4
0
1
3
0
4
1
12
0
3
1
3
0
0
0
3
0
1
0
0
0
1
0
1
4
1
7
0
0
0
0
1
3
0
9
0
1
33
0
0
1
0
3
4
0
0
0
1
0
1
1
0
0
0
1
1
0
1
1
0
0
0
0
0
0
1
1
0
0
0
13
0
0
16
0
0
0
0
0
4
0
0
1
59
0
0
1
6
0
1
0
8
5
4
0
0
0
6
0
15
1
0
3
0
6
0
0
0
0
0
9
3
0
2
3
0
5
0
4
0
19
1
0
1
1
0
2
1
1
0
0
13
6
0
0
4
4
0
0
1
4
6
9
2
20
0
18
4
8
0
1
1
14
0
131
1
1
0
0
3
1
1
0
1
0
0
1
2
3
1
2
3
0
1
0
0
162
2
10
1
0
1
0
8
29
20
2
1
0
4
0
1
0
9
0
2
0
0
1
6
0
1
0
1
4
0
0
5
0
0
0
0
4
33
0
0
35
0
1
0
0
5
0
0
6
0
0
1
0
0
10
0
1
1
0
24
0
17
1
0
1
0
1
2
10
1
2
3
0
0
2
0
2
0
3
0
2
2
0
1
1
0
4
0
0
8
0
1
4
0
0
1
3
4
1
0
3
0
0
16
1
0
0
1
0
0
0
0
1
0
0
0
9
5
22
0
1
4
7
0
6
0
0
1
1
1
7
5
4
1
0
1
0
47
0
0
4
2
1
0
6
0
0
0
32
1
0
2
0
11
1
1
0
13
0
1
0
0
0
0
0
1
0
3
0
0
1
3
0
0
3
0
95
4
0
1
0
0
0
4
3
4
1
6
10
1
0
4
1
0
0
1
2
1216
1
0
4
1
0
0
1
1
1
11
0
1
6
0
0
1
1
0
2
29
0
0
1
0
47
4
0
0
0
0
1
1
0
1
2
0
0
33
0
2
0
1
0
1
0
0
1
0
46
0
0
0
6
1
2
0
1
0
1
0
3
2
0
1
0
148
11
4
1
1
0
3
0
0
6
0
17
8
7
3
0
8
0
0
0
0
1
0
0
0
2
3
5
0
0
6
1
9
1
0
13
0
93
0
0
0
0
1
0
1
0
0
1
0
2
2
18
0
0
0
9
0
1
1
0
0
10
0
0
1
0
6
25
0
1
0
0
1
2
0
1
9
18
7
1
1
0
0
0
0
0
0
0
0
1
1
0
0
29
0
10
0
0
0
0
0
18
0
45
0
2
1
1
0
0
0
0
1
1
0
0
45
0
2
1
0
8
8
1
6
0
0
0
1
1
4
1
0
4
4
1
1
0
0
0
0
0
0
0
0
1
1
0
174
2
0
31
0
0
17
32
0
3
1
0
0
0
0
0
2
1
4
2
0
2
10
0
1
0
28
3
1
1
4
1
0
0
0
14
3
2
35
0
0
1
0
0
1
0
4
1
0
0
0
0
0
1
0
0
0
0
0
4
3
0
0
1
2
1
0
0
2
0
0
4
0
0
0
0
0
9
0
74
0
0
1
4
9
0
1
0
4
0
0
0
0
0
4
7
0
0
1
2
3
0
56
0
21
331
1
12
4
0
0
1
0
0
2077
0
23
1
2
0
5
0
40
37
0
10
0
0
1
1
0
0
4
0
0
3
0
1
3
10
0
0
4
4
0
22
10
0
1
3
0
1
4
1
0
0
59
0
3
0
9
0
1
1
12
10
43
0
1
3
1
0
4
0
0
0
1
1
1
1
6
1
1
0
0
2
0
7
0
1
2
0
1
0
1
2
0
0
0
0
1
0
1
0
0
0
14
0
0
0
1
0
27
2
3
77
0
0
0
0
1
3
1
0
1
1
1
0
0
0
1
1
0
7
0
0
0
4
0
1
1
0
2
0
2
0
0
4
0
0
0
0
0
2
0
1
0
0
4
1
0
0
1
0
4
1
2
17
46
8
0
0
1
1
1
0
5
0
0
3
0
0
1
1
1
0
0
1
0
1
0
0
0
0
0
1
0
0
0
1
5
1
11
31
7
1
0
4
2
4
0
1
1
9
0
2
1
984
0
1
1
0
3
7
1
2
0
1
4
0
9
0
0
10
1
6
28
0
1
1
0
4
0
0
13
3
1
0
3
10
11
0
0
1
0
4
22
0
0
0
0
16
5
3
80
0
51
1
0
0
0
1
10
0
1
0
62
0
0
0
1
0
1
31
4
0
23
0
0
0
2
1
1
4
0
0
12
0
1
4
1
0
0
0
0
310
0
0
1
0
0
6
1
1
2
2
2
1
0
0
6
7
0
1
0
0
0
1
0
4
1
0
0
0
0
0
0
3
3
4
0
2
2
16
1
4
0
0
3
1
0
0
0
17
2
1
0
1
1
1
1
0
12
0
0
2
0
0
1
1
44
4
4
1
0
10
2
0
0
1
0
0
3
0
0
0
3
1
0
7
0
1
9
0
12
5
0
3
1
3
195
4
0
1
0
4
11
0
0
0
0
2
0
6
2
4
0
0
0
0
7
1
1
8
0
0
0
0
0
8
6
0
0
0
0
7
2
0
0
1
11
23
0
1
0
18
0
0
0
0
0
0
1
0
0
0
2
0
2
1
1
1
13
2
2
4
0
0
0
0
0
28
1
0
1
0
0
1
0
0
0
1
0
1
0
0
1
0
9
2
0
1
1
0
4
2
1
4
0
0
1
0
1
0
2
0
0
0
1
0
0
4
4
0
0
14
1
0
1
11
0
1
2
1
0
1
0
0
0
4
0
35
0
0
0
1
2
0
0
39
6
0
1
0
1
0
0
25
0
0
0
17
3
1
1
0
1
3
10
0
1
0
0
0
0
0
1
1
0
1
8
0
5
1
4
8
0
0
0
0
8
1
0
1
2
0
0
0
0
1
7
0
1
1
0
0
4
1
10
0
0
1
3
0
3
0
399
1
0
3
2
0
1
1
1
4
0
1
21
0
0
0
0
10
10
0
1
0
0
14
0
0
1
0
1
0
1
0
2
3
1
9
7
0
0
93
0
3
1
0
0
1
395
16
0
1
2
1
0
0
21
1
3
0
4
2
0
0
0
0
3
0
2
3
1
0
0
1
0
1
0
0
0
36
2
1
0
0
0
0
4
0
0
0
3
1
3
0
1
0
13
0
0
1
0
0
0
6
1
5
0
0
0
3
0
0
0
15
0
7
17
0
1
0
4
951
1
2
0
0
0
0
1
0
0
1
0
3
0
1
7
0
4
1
0
0
1
0
2
17
13
1
0
1
1
2
0
0
0
0
0
4
0
23
0
1
10
1
0
1
0
1
0
9
0
2
1
0
0
1
0
0
0
1
0
3
3
0
3
2
2
371
8
0
1
0
0
0
12
1
0
1
2
4
66
10
43
0
0
0
4
0
3
0
1
4
0
4
1
1
1
5
0
1
0
0
0
10
1
0
38
0
0
0
7
0
10
4
3
1
0
1
47
1
1
48
4
0
0
0
3
0
0
7
1
0
3
0
106
0
0
27
285
3
9
0
22
2
7
0
1
4
3
0
0
1
0
1
1
9
1
0
0
1
0
0
1
4
10
17
0
4
3
23
2
0
0
1
47
3
5
0
3
0
6
0
0
0
0
32
4
1
0
1
0
4
6
21
0
20
0
0
1
1
0
0
0
0
9
0
2
0
0
3
87
0
0
0
1
0
0
0
3
1
2
0
3
10
0
0
0
0
0
11
0
0
87
0
0
1
1
4
0
1
1
0
0
1
22
1
0
0
3
0
0
2
0
0
7
1
0
2
0
0
2
8
0
0
0
4
0
12
3
6
0
0
6
0
2
0
1
0
0
0
0
0
0
0
1
7
0
0
0
37
0
0
0
0
0
0
0
0
2
0
0
0
8
9
0
6
0
2
36
1
1
4
1
37
1
0
0
1
1
0
2
2
186
0
0
0
1
0
0
0
0
1
1
0
0
0
0
0
0
0
5094
0
0
1
1
8
0
7
5
42
0
4
0
6
0
2
1
3
1
1
0
1
1
0
1
1
10
1
0
8
2
0
1
0
1
1
0
8
2
1
0
1
0
4
1
1
0
1
0
0
1
4
0
19
0
0
0
14
1
0
8
0
10
2
0
0
32
0
0
1
0
8
0
0
45
1
0
0
3
1
0
0
6
1
3
0
27
1
6
9
0
0
0
1
0
0
0
0
32
1
4
2
1
0
0
4
62
0
2
1
1
1
2
0
0
0
0
0
0
0
4
1
202
7
4
1
4
0
1
0
2
0
1
43
1
1
1
0
1
3
1
0
6
0
3
0
1
4
0
3
0
0
1
0
27
0
2
0
21
1
2
3
0
0
1
3
0
0
3
3
0
0
1
1
1
1
0
8
22
8
1
0
3
1
0
0
0
1
0
0
0
0
0
2
0
1
0
1
0
0
0
44
0
0
4
4
0
1
1
5
46
1
4
1
4
0
0
1
7
4
11
5
0
0
1
0
0
74
6
1
4
2
4
0
1
1
0
0
1
9
1
3
1
6
2
2
0
1
8
4
1
30
1
0
0
0
4
0
8
7
0
10
2
4
10
1
10
0
5
2
1
0
1
0
1
8
1
1
5
22
4
0
2
0
9
0
1
19
0
3
0
1
0
3
0
2
4
0
2
0
0
17
0
1
0
1
0
0
1
0
0
1
0
13
0
0
0
0
4
0
1
1
0
21
4
2
183
0
2
0
4
0
2
0
2
0
4
4
40
1
3
0
0
0
1
4
2
4
0
0
1
83
2
2
0
4
0
0
0
0
12
0
0
0
0
0
1
21
0
0
1
2
2
0
8
1
1
0
3
0
0
0
0
0
0
0
0
4
8
10
4
1
0
239
0
0
3
0
0
1
0
0
2
8
1
1
1
1
0
1
11
0
9
1
79
0
0
0
1
2
0
1
0
1
0
0
0
1
0
1
1
0
1
0
0
4
69
1
1
0
0
0
1
3
120
0
1
41
0
2
4
1
0
3
0
0
3
3
8
0
0
0
0
0
1
0
1
3
0
23
0
0
0
4
0
4
0
1
0
3
32
9
0
3
1
1
0
0
1
0
11
1
1
3
1
2
2
1
2
0
0
10
1
1
1
0
599
0
0
0
393
1
1
30
0
0
0
0
0
0
0
0
12
1
0
83
1
1
0
2
1
1
4
10
38
0
47
94
1
2
1
1
0
4
0
0
2
1
0
0
0
0
0
4
0
1
6
4
0
0
1
1
0
0
2
0
1
6
3
0
4
2
1
0
0
4
6
2
0
0
0
1
175
2
2
0
0
0
0
1
0
6
9
1
3
2
0
0
2
15
0
0
9
21
0
3
0
0
0
0
0
0
1
0
1
2
0
10
0
1
1
0
1
0
5
8
4
0
0
19
0
0
3
15
0
3
2
0
0
1
3
3
0
3
4
5
0
0
1
0
1
0
4
0
1
0
0
0
0
0
0
0
0
0
1
3
8
8
3
7
0
3
0
0
0
0
0
0
9
1
1
4
4
0
0
0
5
0
9
0
0
10
0
0
0
6
0
0
1
2
0
1
0
2
0
28
0
0
0
0
5
0
0
1
2
0
0
0
0
0
3
0
0
0
4
2
1
21
14
1
1
0
18
5
0
9
0
0
1
1
1
1
0
0
0
0
0
1
0
0
0
9
1
1
0
4
0
7
21
0
4
1
0
157
0
0
10
1
0
2
0
3
1
1
1
0
12
3
0
0
3
3
0
0
0
4
1
4
1
6
1
9
0
0
1
1
1
0
1
15
1
2
1
1
0
1
2
5
23
70
16
1
4
1
6
0
0
13
982
102
4
0
0
2
0
1
0
10
17
9
0
1
1
1
9
0
0
8
10
0
0
1
2
93
362
18
17
1
0
1
0
0
1
18
0
0
9
0
0
0
0
1
0
3
1
13
0
3
4
0
14
1
5
1
0
3
0
36
3
0
3
1
1
238
0
11
0
1
6
9
1
1
0
0
1
3
1
0
4
1
0
3
0
0
8
0
1
0
10
19
0
0
20
0
1
0
0
21
0
1
1
0
9
1
1
1
2
1
0
2
0
1
3
0
0
1
0
0
4
0
0
0
40
30
1
0
0
0
1
2
0
2
2
1
0
2
0
1
1
1
7
4
1
0
15
1
0
4
1
1
24
2
3
0
3
0
0
2
0
1
0
0
0
0
0
1
0
363
1
0
2
0
4
12
41
0
0
0
1
0
0
0
3
0
1
5
0
1
3
1
0
0
3
0
1
0
0
1
1
1
3
17
0
0
5
0
0
0
0
10
0
7
5
18
4
4
0
9
0
3
0
3
1
1
1
0
2
0
1
0
0
10
0
0
2
0
0
0
1
0
0
4
0
3
1
0
4
0
2
1
0
0
9
8
0
0
1
1
0
0
7
0
0
0
7
0
0
0
2
0
0
0
20
7
1
0
0
1
0
4
2
0
0
0
0
21
0
1
20
0
0
0
1
3
1
8
8
4
1
4
1
1
0
1
2
11
21
1
0
0
3
4
10
0
0
1
0
0
0
0
0
0
0
1
1
1
1
3
1
0
3
1
0
0
3
4
23
0
1
0
4
0
2
0
1
1
3
0
0
0
0
17
2
3
18
1
0
0
0
1
0
0
3
2
0
6
8
10
1
0
2
0
6
3
0
18
0
1
1
1
20
3
1
0
3
3
1
0
4
0
60
0
6
4
0
0
0
305
0
0
0
1
0
7
0
0
2
0
1
0
1
0
2
1
0
2
4
0
1
0
1
3
0
0
2
0
0
0
2
0
0
1
1
0
0
3
2
0
0
6
0
0
1
1
4
11
1
0
0
4
0
1
5
0
0
1
1
2
2
3
0
9
0
1
5
0
0
0
4
0
0
4
0
0
6
20
177
0
1
2
0
0
0
1
8
0
1
10
10
1
1
0
0
0
0
4
1
70
1
7
0
0
0
0
4
1
0
0
1
0
0
0
7
2
1
4
0
0
0
0
1
0
264
1
2
0
0
0
0
0
1
1
5
0
0
1
7
1
0
1
1
0
0
1
0
2
1
19
3
0
0
46
0
1
0
0
0
2
157
4
9
3
2
0
15
0
2
0
2
315
38
1
1
30
0
0
17
1
2
1
39
0
0
0
0
1
5
1
6
0
3
3
0
1
2
4
0
0
0
1
0
0
0
0
9
1
1
45
61
0
0
1
0
0
3
2
1
0
0
1
1
0
0
1
0
0
1
0
135
0
1
22
6
6
1
0
4
22
2
1
1
2
0
0
39
0
0
0
6
0
3
15
0
0
0
15
12
21
1
1
0
0
2
0
0
7
2
4
0
0
0
1
0
0
3
0
0
3
1
2
0
0
0
6
1
3
8
0
0
0
0
2
1
0
1
1
0
0
0
0
0
1
1
8
0
0
0
1
0
0
0
0
1
0
0
0
0
0
1
9
1
1
1
1
0
0
2
0
0
10
0
1
1
0
0
8
2
0
0
1
9
18
1
0
1
0
1
8
0
4
1421
0
1
1
4
1
10
4
0
3
0
1
3
1
0
3
14
0
2
0
0
2
43
0
0
0
0
0
1
0
19
14
0
0
20
0
2
0
1
21
3
0
1
0
2
0
0
10
1
0
25
3
0
4
11
54
0
1
1
0
0
0
0
0
10
0
0
4
0
0
44
6
0
0
4
1
0
0
1
0
0
0
0
4
1
7
0
0
0
1
0
3
19
0
9
0
0
1
0
3
0
0
20
0
0
0
0
0
7
1
0
7
0
1
0
0
0
11
0
1
1
9
0
0
0
0
0
6
2
0
153
1
1
1
1
1
1
0
1
1
2
0
3
0
0
1
0
4
0
2
1
0
0
1
0
7
12
7
0
0
4
2
1
1
1
8
0
0
0
1
0
32
0
0
7
0
0
0
38
1
4
0
1
1
2
1
0
1
1
19
21
0
0
0
0
1
16
1
3
0
1
18
2
1
0
0
2
0
15
14
1
4
0
0
1
5
3
1
0
3
7
0
1
0
0
1
12
0
10
1
1
1
1
0
1
0
0
0
0
0
0
0
1
2
1
1
0
0
0
0
5
0
10
0
5
0
1
0
4
1
19
3
18
0
0
0
0
1
18
0
20
0
2
5
0
6
1
0
0
1
0
0
0
1
0
28
0
0
12
4
4
2
1
22
1
3
0
29
1
6
1
0
0
10
0
10
1
20
1
98
0
1
3
1
2
4
0
2
1
0
0
1
4
0
0
15
0
6
3
2
0
4
1
2
3
19
0
1
4
1
0
1
10069
1
0
0
0
0
1
0
1
0
23
10
1
0
0
2
0
1
8
0
0
0
0
8
1
0
55
2
7
4
1
23
0
2
0
0
0
0
12
0
1
21
5
12
1
1
0
0
1
0
40
0
1
0
0
1
2
0
4
0
1
0
1
1
1
1
0
44
8
2
276
1
1
1
0
0
1
1
0
32
1
1
0
3
0
0
0
0
1
0
1
1
10
524
1
0
10
1
2
0
0
1
1
14
8
46
1
10
0
1
0
0
8
0
0
0
0
0
1
1
15
4
0
3
2
1
0
1
0
2
0
0
36
5
4
6
4
3
0
0
0
0
26
0
2
4
1
2
1
0
1
9
1
3
0
0
0
0
44
23
0
0
3
1
0
1
1
7
3
0
2
1
1
0
1
0
0
0
0
3
0
0
3
3
2
0
10
0
84
0
1
0
1
0
0
2
9
2
3
1
4
1
2
0
1
11
0
0
37
0
4
1
4
0
1
0
1
4
0
7
1
0
0
14
0
4
4
0
9
4
4
1
1
0
0
1
0
0
1
1
0
0
0
19
0
22
0
6
0
11
0
1
0
47
19
2
7
1
4
0
2
0
0
0
3
2
1
5
4
0
1
0
1
0
95
3
0
0
4
0
0
0
0
0
9
2
1
1
1
0
1
4
4
0
0
5
4
20
5
0
0
0
1
1
8
0
5
0
0
0
0
0
3
0
0
6
1
0
14
3
0
4
0
0
0
0
4
2
1
0
0
4
2
2
5
0
63
0
2
1
4
0
1
0
1
0
0
0
1
23
0
1
0
0
0
5
0
20
62
0
3
0
0
2
1
10
16
0
1
4
2
0
0
3
1
0
5
4
30
0
185
0
0
0
4
1
1
0
0
0
3
1
1
0
0
2
4
1
1
1
0
0
12
0
0
0
0
1
0
25
4
1
2
4
1
3
10
0
4
4
1
1
0
1
0
6
0
0
2
5
4
20
0
4
0
1
0
4
23
4
0
0
1
68
0
13
0
4
0
1
1
0
0
5
8
0
0
1
1
162
1
0
0
0
0
2
0
39
0
3
0
0
0
0
34
1
0
0
2
0
0
8
0
4
1
0
2
0
0
0
0
2
0
0
1
7
1
0
0
1
1
0
5
3
0
9
0
0
4
0
0
0
20
1
70
0
0
8
39
5
29
0
0
0
1
0
0
0
0
0
0
2
1
0
1
3
0
0
1
3
0
0
10
0
0
0
1
3
2
1
0
0
0
0
0
2
1
0
0
1
2
4
1
0
60
0
0
0
40
1
0
71
2
0
2
9
1
3
1
39
0
0
0
0
2
30
3
0
1
1
1
0
0
1
0
1
9
0
0
0
0
0
17
0
3
0
4
1
0
1
0
5
4
0
0
4
4
1
0
1
1
17
88
1
0
3
3
0
3
28
1
19
1
0
1
0
0
3
1
22
3
1
3
4
0
2
0
1
3
0
0
0
0
0
2
0
0
0
0
1
0
0
2
0
1
0
3
1
0
0
1
1
0
4
0
1
0
0
26
0
5
0
9
0
0
23
1
0
0
0
0
9
0
0
9
0
2
8
1
0
3
1
4
5
5
1
0
0
0
0
9
5
0
1
3
1
0
9
0
0
0
3
0
1
0
8
3
3
0
0
1
0
3
16
0
1
0
3
1
0
0
10
0
1
0
0
0
0
4
0
0
0
0
1
1
0
0
94
0
0
1
4
0
0
4
0
1
0
0
1
0
0
0
4
0
1
1
0
0
0
0
1
0
17
0
1
3
0
0
0
2
4
0
6
0
1
1
7
6
0
4
0
2
6
4
0
1
1
6
0
1
24
0
10
233
0
1
0
1
6
0
36
1
0
1
0
0
3
0
0
0
0
2
4
5
1
3
0
0
14
0
1
0
3
0
4
0
0
0
129
1
1
4
20
1
0
0
1
3
1
5
0
4
0
0
0
1154
2
8
1
4
3
28
1
1
0
1
1
12
4
0
0
1
1
0
0
1
0
0
9
9
1
2
0
0
0
0
21
1
1
1
0
0
0
0
2
3
22
1
0
1
0
14
1
0
0
10
0
0
9
2
9
0
300
1
21
1
0
2
0
1
7
0
10
0
1
0
2
2
1
9
1
0
0
1
0
0
1
1
0
0
0
8
15
0
2
0
1
1
0
1
9
8
0
1
0
23
0
0
10
1
1
1
0
0
0
2
0
0
4
1
0
0
10
78
0
15
0
1
2
0
2
2
0
1
0
0
0
1
1
0
0
3
0
0
39
0
0
4
4
3
1
9
3
0
2363
3
1
1
0
0
1
0
0
0
1
0
0
14
0
4
0
0
0
8
1
1
0
0
0
9
1
0
0
17
10
13
0
0
2
0
1
0
7
0
1
2
399
0
47
3
1
4
1
0
0
0
1
1
1
1
0
0
1
0
1
19
1
4
1
0
1
1
1
4
0
0
1
1
0
2
0
0
0
0
11
15
1
0
2
2
0
1
0
4
0
0
1
10
0
1
3
0
1
0
0
0
0
2
0
0
50
1
3
1
1363
0
4
1
0
2
1
13
0
11
0
121
0
16
0
5
3
4
1
2
1
1
0
1
32
5
1334
0
2
1
3
0
4
0
1
0
0
0
4
176
1
0
0
1
1
1
7
2
0
0
0
8
0
2
0
0
0
7
0
3
0
1
0
2
4
1
0
1
0
3
1
0
3
1
0
1
3
0
0
1
1
58
0
0
0
0
0
0
1
4
1
0
0
4
0
0
1
3
2
0
1
5
0
5
1
9
0
1
1
3
2
0
1
10
46
1
0
1
0
0
1
0
0
4
1
0
0
0
0
0
0
2
2
0
3
0
22
2
4
0
0
0
0
2
7
0
8
1
15
4
0
2
0
0
0
8
0
0
0
1
0
0
2
0
2
5
0
0
0
0
1
1
0
0
1
0
0
1
17
0
0
2
0
0
3
1
1
0
1
4
0
0
0
4
0
0
0
9
2
0
0
1
0
0
0
0
1
16
1
29
0
4
0
1
0
0
0
2
1
4
0
1
3
0
0
3
0
2
0
0
0
0
3
0
1
1
2
0
2
0
1
0
3
0
1
0
21
21
21
1
0
0
2
0
6
0
10
0
4
2
0
0
0
10
4
0
4
0
1
4
1
14
9
0
6
0
0
3
4
1
0
2
1
0
1
0
1
1
3
0
4
0
0
0
1
12
0
21
1
1
4
1
2
44
1
7
1
1
0
0
0
3
1
0
0
0
0
0
0
1
9
0
0
0
0
6
0
0
0
0
0
0
0
1
1
0
3
1
0
0
2
4
2
0
65
0
0
0
1
3
4
0
1
18
3
1
29
1
4
3
0
0
0
4
1
1
0
4
0
0
0
0
2
3
4
4
0
3
0
0
0
1
2
2
0
7
1
4
0
10
8
1
23
3
0
0
0
0
0
0
2
0
16
20
0
11
0
15
1
0
1
0
0
4
0
110
1
0
0
0
1
1
78
0
0
4
0
45
1
0
0
1
0
0
1
1
7
0
0
0
3
4
0
0
1
0
0
1
10
10
0
0
0
0
10
1
19
0
0
3
4
2
5
0
6
0
3
0
0
0
0
1
0
1
0
0
0
1
0
0
0
0
1
16
12
0
0
189
9
1
138
0
10
100
1
1
1
0
2
1
0
3
1
1
2
2
0
0
66
0
5
3
2
0
5
0
1
0
0
0
0
1
0
1
0
0
0
5
8
3
2
7
82
7
7
0
153
1
3
68
3
0
1
1
1
3
0
14
0
0
2
1
1
109
1
1
0
10
3
0
3
44
4
0
7
534
2
0
0
0
0
1
2
0
10
6
0
1
0
0
0
0
0
0
0
1
0
3
1
1
0
0
1
0
0
1
1
0
0
2
0
1
2
0
1
3
0
0
19
0
0
2
0
1
0
0
1
14
0
5
0
0
0
1
0
0
6
0
1
1
1
7
1
0
0
1
0
0
1
4
0
0
8
1
5
0
10
0
3
1
3
5
0
6
4
1
0
36
108
0
0
1
73
2
3
2
5
0
0
0
0
1
26
1
1
1
1
0
29
0
1
0
1
46
1
13
1
0
1
1
0
0
1
1
38
1
0
1
2
0
0
4
1
0
7
1
2
0
0
4
1
10
3
0
1
2
1
3
1
0
0
5
0
0
0
0
1
0
0
0
4
2
0
2
0
1
2
0
0
13
0
2
7
0
1
2
0
19
11
3
2
0
23
1
2
150
1
1
2
1
1
0
1
2
1
0
0
3
2
0
0
39
0
0
0
1
5
3
6
0
0
0
0
0
0
5
0
0
3
0
0
4
0
0
1
38
0
10
8
1
0
0
0
8
0
0
3
2
0
43
0
1
0
7
0
0
0
4
0
0
0
4
0
0
1
5
4
1
1
1
0
0
45
11
1
0
0
4
0
0
0
0
2
0
1
2
0
9
1
0
0
0
0
1
1
0
0
0
0
3
0
1
22
4
0
16
0
0
0
0
9
3
1
1
0
0
1
4
0
0
1
41
10
1
4
0
0
1
0
19
0
3
0
1
6
0
287
2
1
0
0
0
0
0
3
1
1
3
83
30
0
4
3
0
0
29
2
0
0
15
0
1
1
0
0
1
5
4
1
0
0
2
1
38
10
2
0
0
0
1
0
2
1
1
10
2
1
1
0
4
3
0
0
0
8
3
2
0
2
1
0
0
0
5
4
0
8
4
0
1
7
0
1
0
36
3
0
2
0
0
0
0
1
1
3
1
123
0
4
3
1
1
1
122
0
0
0
1
1
0
0
1
0
3
0
0
0
2
0
0
1
1
1
1
4
23
0
22
4
2
0
0
0
5
0
0
1
1
0
4
1
3
0
3
0
0
3
2
3
0
0
2
0
0
1525
0
3
0
0
1
1
0
3
0
18
0
0
3
10
1
0
0
1
1
0
3
1
0
0
16
0
0
0
1
0
0
0
3
0
1
0
1
0
0
121
0
1
3
0
87
0
485
3
0
2
0
55
0
0
2
0
5
1
1
0
0
6
16
0
3
8
0
2
44
0
0
2
1
0
0
3
0
3
2
0
1
0
0
0
0
0
0
0
2
0
5
1
0
2
0
5
0
2
0
8
9
1
0
0
0
0
4
0
0
0
0
0
6
79
0
20
0
0
7
1
748
0
1
0
1
1
0
23
0
1
0
1
0
0
0
21
2
0
0
4
1
1
0
0
0
0
0
0
4
0
0
0
1
2
7
8
7
3
3
4
1
0
4
1
0
0
0
42
22
0
0
0
1
1
0
4
0
1
0
4
16
0
0
1
0
0
22
8
0
2
0
4
2
0
0
8
1
0
1
0
1
1
0
1
6
0
0
5
0
1
0
0
1
0
0
1
1
0
0
4
0
0
8
1
0
0
0
0
3
21
0
3
3
0
0
0
6
1
0
0
5
0
0
4
0
1
0
1
7
2
4
1
1
13
3
4
6
7
1
0
1
7
5
4
9
4
0
0
1
0
0
7
0
4
0
10
1
28
1
3
1
1
0
4
1
1
0
1
0
0
0
21
0
0
0
1
4
0
0
0
9
0
0
0
0
0
0
274
0
1
1
8
6
3
1
0
1
0
0
1
1
1
3
0
0
1
0
3
0
137
4
0
9
6
3
0
0
1
0
1
1
4
0
0
9
1
15
2
1
3
1
2
20
10
13
3
1
0
72
152
19
3
0
20
1
0
0
9
1
2
1
1
0
4
0
17
1
0
1
3
0
1
4
0
2
1
0
1
0
0
9
6
0
1
1
0
3
0
4
4
1
0
0
7
4
0
1
1
3
2
1
15
0
4
7
1
0
0
11
2
3
1
1
0
0
1
0
2
0
8
0
4
2
10
1
5
1
0
0
0
9
0
0
0
27
0
1
11
61
0
0
1
6
5
1
0
3
0
0
1
0
0
0
1
4
2
8
10
1
4
11
0
11
0
0
0
0
40
0
0
0
1
0
0
1
0
2
0
0
1
0
5
0
3
1
4
0
2
4
1
5
0
18
0
2
4
1
0
0
0
0
0
0
1
147
13
0
0
0
0
0
0
0
1
0
3
9
0
0
17
3
0
4
0
1
0
11
0
1
0
4
0
8
0
0
3
1
49
1
1
0
4
1
1
0
0
1
9
1
0
1
4
0
4
0
0
2
337
0
10
4
2
1
27
0
0
2
0
1
1
0
0
3
0
0
0
1
14
0
4
0
7
0
0
10
84
0
0
0
0
1
1
4
6
0
1
0
0
0
0
4
7
41
3
2
0
1
4
0
3
1
0
4
0
1
0
0
0
1
0
0
2
2
1
0
3
3
3
1
4
0
0
0
0
1
4
1
21
67
2
0
1
0
0
0
4
0
112
0
1
0
0
1
0
0
0
1
1
10
2
47
1
4
8
0
0
1
6
0
3
0
0
1
1
0
0
0
1
1
8
0
1
4
1
0
3
0
4
2
1
7
1
0
1
0
0
0
0
0
0
1
0
3
1
0
0
1
0
0
0
0
36
0
0
1
0
9
4
6
0
1
0
0
0
0
0
2
1
3
0
4
3
0
1
8
0
1
0
0
1
6
5
0
0
2
1
0
3
12
0
0
59
0
9
0
1
0
1
0
1
7
0
0
3
1
1
0
1
8
0
0
0
0
0
1
73
0
6
2
4
0
0
0
3
7
0
0
0
0
0
1
3
0
0
1
0
0
0
0
1
0
0
1
0
0
1
1
0
1
19
0
1
8
0
0
19
0
1
1538
5
0
0
2
1
0
0
0
4
1
1
54
0
2
0
0
1
0
0
0
1
0
58
0
0
509
4
0
17
0
4
0
0
2
3
4
0
0
0
1
5
2
1
11
3
0
12
2
11
0
0
0
4
1
2
2
4
0
0
4
10
0
15
0
0
3
0
0
0
0
42
5
0
0
0
0
0
0
2
0
1
2
0
3
4
0
3
3
0
1
1
0
0
6
0
0
0
0
3
4
0
2
149
12
3
0
16
0
0
0
73
0
1
0
0
5
9
0
7
0
0
1
0
0
192
4
0
0
0
4
1
46
1
0
18
0
35
1
2
0
1
1
0
108
1
0
8
0
114
2
2
0
0
0
0
13
0
0
2
2
0
10
2
2
1
1
1
0
0
0
1
0
0
0
1
0
0
1
0
6
1
0
0
10
0
0
0
0
0
0
1
1
1
6
10
1
0
1
4
0
358
0
1
15
0
0
1
0
1
0
0
0
0
0
0
1
0
1
0
4
0
0
0
0
0
0
2
2
1
0
0
4
1
0
0
4
0
1
36
0
14
1
0
4
0
0
0
0
2
0
364
1
1
5
0
4
0
0
0
1
1
4
0
0
0
2
0
0
1
0
0
3
2
0
8
0
0
124
2
0
3
0
1
1
3
0
1
1
14
9
3
0
0
42
7
1
0
5
0
2
3
0
0
1
0
3
1
1
0
2
10
6
2
4
0
6
0
42
1
2
8
71
0
0
5
0
0
2
0
1
0
16
1
2
2
7
1
3
0
0
0
0
3
1
0
0
0
7
0
1
0
4
1
1
0
0
7
0
1
0
1
0
2
0
1
0
1
0
0
2
3
0
8
0
0
2
4
0
8
1
0
1
2
4
1
5
0
0
1
0
0
0
0
7
0
0
1
3
1
0
4
6
3
0
0
4
3
4
0
0
0
0
0
1
3
0
4
0
2
0
0
2
0
5
1
37
0
4
0
1
0
0
2
4
0
2
3
21
10
1
4
0
1
0
0
0
0
1
1
1
0
2
1
6
0
0
0
0
0
0
0
1
1
19
0
0
4
0
6
33
0
0
3
2
343
39
1
0
12
0
2
0
23
0
4
1
0
0
1
0
0
1
0
2
2
1
0
0
1
1
10
9
0
0
0
1
18
0
0
4
0
0
2
1
5
0
1
0
0
0
1
0
12
0
0
7
24
0
5
0
1
15
0
1
4
4
0
1
2824
1
1
2
2
1
2
0
1
1
0
0
1
0
0
4
1
17
5
0
0
0
38
4
0
3
102
6
8
3
0
3
0
0
2
154
0
1
159
2
0
80
20
1
120
0
0
2
0
0
4
0
3
0
0
0
2
3
1
0
2
80
2
0
1
3
0
1
3
3
0
0
1
0
4
0
1
249
7
4
0
0
4
0
2
0
1132
0
9
0
10
0
0
5
1
21
0
0
0
3
34
0
0
1
0
9
0
10
0
2
0
0
0
5
0
0
0
0
0
2
1
46
1
1
0
0
0
2
0
3
0
1
0
1
7
0
0
0
27
0
0
1
0
3
0
9
1
1
1
0
0
3
4
3
4
3
0
1
0
0
0
0
4
0
355
2
0
0
0
0
0
0
0
0
1
0
0
11
0
4
4
0
3
1
2
1
0
0
46
0
0
0
0
1
5
10
0
0
8
3
2
0
0
1
0
0
1
0
0
1
1
0
0
1
0
9
3
4
0
0
2
0
1
8
0
0
5
5
1
7
3
0
0
3
0
4
8
2
1
1
0
5
0
9
0
0
4
43
0
7
0
0
0
1
0
0
0
0
0
0
3
1
0
4
0
0
0
12
89
1
0
0
1
1
0
0
0
1
0
0
0
0
1
0
1
0
3
4
0
6
0
0
34
0
1
0
0
19
1
0
0
0
5
0
0
1
1
0
0
0
0
3
1
2
1
2
1
36
2
1
0
0
13
2
0
0
2
0
0
130
6
1
0
3
0
0
1
0
1
0
143
0
4
6
0
1
1
133
0
2
0
0
0
0
0
0
0
1
1
0
6
9
0
0
4
0
1
2
54
0
0
0
0
14
0
0
0
0
0
0
0
0
4
0
4
5
0
0
1
0
1
0
1
0
0
1
0
6
1
0
1
26
0
27
0
4
0
1
0
1
4
0
0
0
0
0
4
0
0
3
0
0
4
13
8
4
1
0
1
1
0
1
1
0
0
0
1
4
0
0
0
18
0
0
0
8
0
0
0
1
35
4
1
21
0
29
0
4
0
0
1
7
0
3
10
20
0
2
0
1
0
1
131
8
5
0
0
1
0
0
1
4
0
4
1
0
1
1
0
0
0
10
0
0
2
0
0
0
2
2
0
0
0
1
0
0
9
0
0
7
0
0
0
0
0
0
0
4
163
14
0
2
0
0
0
4
5
0
10
1
0
6
3
0
1
1
0
1
0
0
19
2
0
0
0
4
1
8
0
4
12
0
3
4
1
1
0
1
8
0
0
0
0
3
0
2
0
0
0
0
0
3
1
0
0
0
0
0
3
0
0
7
0
1
0
0
1
0
2
2
2
0
29
14
2
3
1
2
0
1
5
15
0
0
0
1
1
1
4
0
0
0
0
1
1
0
1
0
6
2
0
0
0
2
26
1
0
0
0
8
2
0
0
0
0
22
0
0
0
0
3
1
3
0
0
0
1
1
5
0
3
0
3
0
1
12
0
0
1720
0
0
52
10
0
0
1
1
0
2
1
0
22
2
1
0
1
1
0
1
3
40
0
0
3
0
16
0
0
1
1
0
0
0
0
4
0
33
0
0
5
1
2
0
0
0
1
10
40
19
1
25
0
0
9
0
1
0
0
3
171
0
4
1
0
1
17
1
1
2
4
4
5
0
15
2
1
2
0
1
3
4
0
4
132
0
88
1
21
8
2
14
0
0
4
8
0
0
1
3
0
0
0
3
21
0
1
0
1
0
1
0
0
1
3
0
1
0
0
0
1
0
0
1
5
0
1
1
6
0
1
3
0
0
0
2
0
4
0
3
10
8
0
1
7
7
0
5
1
1
1
9
18
20
2
0
0
11
0
0
0
9
0
0
4
1
0
7
40
1
9
0
18
0
0
1
7
1
2
0
2
8
0
1
0
1
0
0
2
0
3
4
0
15
0
1
1
0
185
1
1
2
0
2
1
1
0
0
1
0
4
2
1
0
0
2
1
1
0
0
0
0
1
1
0
0
0
0
0
1
1
0
1
9
0
1
0
7
0
7
1
0
5
1
4
1
80
7
1
1
3
1
0
0
1
1
0
1
0
0
1
0
1
1
0
0
7
0
0
0
4
0
0
7
3
2
2
0
3
0
3
51
17
4
0
1
0
1
3
0
0
0
0
2
0
20
10
8
1
10
2
1
1
0
0
2
0
0
1
1
0
0
1
0
0
3
1
1
13
1
5
8
28
18
1
1
2
0
1
0
1
0
3
3
0
1
4
1
2
2
0
1
2
1
0
0
0
77
3
0
3
0
0
6
1
0
4
0
1
0
8
0
1
0
0
1
0
11
1
4
0
1
1
0
0
0
0
1
0
0
4
3
1
0
0
2
4
0
0
1
1
2
0
1
19
2
0
0
0
1
0
3
0
2
1
0
0
0
0
1
4
0
0
1
0
1
1
0
1
3
0
1
2
0
1
0
7
4
0
0
0
8
0
1
12
0
1
0
1
8
0
1
4
10
0
1
0
0
2
1
0
0
8
0
0
0
0
1
6
20
0
1
0
8
0
21
6
1
62
1
14
0
1
0
4
1
0
0
10
0
0
0
0
0
0
0
0
1
0
0
0
0
0
1
185
0
2
2
0
6
0
1
0
3
0
21
9
0
3
17
0
0
0
0
0
1
1
3
0
0
16
0
1
5
1
0
0
0
0
0
13
0
0
0
0
0
0
0
7
3
20
0
3
3
0
1
0
0
33
0
0
0
0
4
0
2
8
1
0
2
5
3
0
0
2
0
0
1
3
0
0
9
44
0
94
0
0
1
0
0
2
3
12
0
0
3
2
2
0
1
0
0
14
4
3
0
2
0
8
0
0
1
0
0
0
1
7
0
0
1
0
0
9
0
1
0
8
1
0
0
1
0
25
0
1
1
0
0
2
0
10
0
1
1
0
0
3
1
4
13
1
1
2
1
0
0
0
0
0
1
8
0
1
4
1
1
15
0
8
0
1
0
139
1
0
0
0
0
0
1
22
1
1
0
1
1
0
4
31
11
0
0
0
1
1
0
1
2
4
7
0
9
9
1
1
3
1
4
0
1
4
0
0
1
0
0
3
0
1
25
0
0
1
3
0
0
1
0
3
0
1
0
0
4
0
125
1
1
2
1
0
0
4
0
0
18
1
3
10
0
8
0
1
1
1
170
6
2
4
0
0
0
0
1
1
2
0
3
3
1
0
1
0
1
4
2
0
0
0
1
8
0
4
0
0
0
4
1
0
0
3
1
2
0
0
0
0
22
0
4
1
0
0
0
0
4
1
0
8
1
22
1
1
0
16
0
0
0
0
20
0
15
0
0
0
1
0
4
11
1
151
0
9
4
0
2
1
1
7
1
2
0
0
1
2
0
0
1
1
2
0
1
0
1
0
1
0
0
2
1
4
1
4
0
0
1
0
0
0
0
1
3
3
1
1
1
10
1
2
1
0
0
1
1
6
2
3
9
2
1
0
8
1
0
2
0
0
0
1
0
0
1
0
0
7
3
0
0
1
0
2
2
0
9
13
0
0
0
64
7
0
3
0
168
0
22
2
0
1328
4
0
1
3
0
15
0
0
5
0
5
0
0
10
13
1
1
2
0
0
1
3
3
0
1
8
0
8
0
3
0
1
0
0
1
1
771
20
0
4
9
0
1
1
1
0
0
0
0
1
0
0
8
1
3
0
1
0
0
4
1
4
1
1
0
0
1
0
19
1
3
2
0
1
7
0
8
3
1
0
1
7
2
4
90
0
91
1
15
16
0
4
1
8
0
0
1
1
2
1
5
1
0
4
9
2
1
0
12
1
0
20
0
7
0
7
0
1
0
1
1
4
0
10
1
1
3
0
0
2
0
10
0
0
2
0
9
0
1
1
36
0
0
0
1
185
0
0
1
2
37
0
0
3
10
0
0
3
0
0
2
3
3
0
0
0
20
1
0
0
11
0
1
0
116
3
7
3
2
0
14
91
2
0
9
0
1
1
3
1
1
1
0
96
4
0
4
1
18
1
1
0
0
2
1
4
1
0
0
3
0
1
0
0
1
0
1
3
0
0
4
4
1
0
0
0
9
15
2
0
2
1
1
1
0
0
178
0
0
6
14
9
8
0
1
1
1
4
0
0
9
1
0
19
1
92
21
3
0
0
0
0
1
0
64
2
0
7
1
10
1
0
47
4
0
0
1
0
3
1
0
2
9
5
1
4
0
270
0
4
0
1
1
0
0
102
74
0
0
3
0
0
1
2
0
2
2
7
0
1
6
1
18
0
29
0
1
7
2
1
4
0
1
2
1
1
0
3
1
0
0
1
3
0
1
2
0
3
1
4
0
1
0
1
39
0
5
0
1
7
1
4
33
1
0
0
8
9
0
0
1
0
33
20
0
1
0
4
0
1
0
0
0
0
0
2
14
0
0
4
0
1
0
1
1
0
0
0
0
4
2
0
1
40
0
0
0
0
0
0
1
1
2
4
5
0
0
62
0
1
0
0
0
0
7
0
0
0
7
1
2
8
1
1
9
0
4
0
0
0
1
1
0
3
1
5
0
0
0
1
0
176
3
10
1
1
81
2
1
0
0
2
3
0
4
4
2
0
2
10
0
0
21
1
3
7
0
0
0
1
5
4
0
1
2
10
1
2
0
1
1
0
0
19
0
0
0
1
0
0
18
0
0
0
0
0
0
0
0
0
5
11
1
4
0
0
0
0
34
7
0
0
0
6
10
0
0
1
0
1
1
0
0
9
1
1
1
0
2
1
0
3
2
0
0
18
0
1
9
0
10
0
0
0
0
20
4
0
1
2423
1
0
3
0
1
0
0
347
0
13
0
0
0
4
7
0
3
15
1
0
2
1
0
0
0
0
2
0
4
1
0
1
3
4
3
0
0
2
1
0
1
1
8
0
0
0
0
0
3
11
1
1
0
0
2
307
0
2
0
0
1
3
1
1
0
0
0
2
3
1
9
0
1
1
10
0
0
2
0
2
2
0
1
1
4
0
0
1
10
1
9
1
0
0
1
0
0
1
1
4
0
0
11
1
0
14
4
6
0
3
0
0
0
0
0
0
1
77
1
0
6
2
14
357
4
1
1
0
6
18
1
0
0
3
34
13
1
5
0
0
26
0
0
3
6
0
0
7
1
0
7
0
0
1
0
2
1
3
2
0
57
0
3
0
7
0
3
4
94
2
0
0
4
3
0
1
0
0
150
1
0
0
4
0
0
1
4
0
22
9
8
0
11
0
4
2
0
3
4
0
0
0
0
1
20
2
0
3
0
0
1
1
1
1
0
0
4
3
41
2
7
0
0
0
0
7
0
5
0
0
7
0
2
0
0
2
0
1
1
96
0
0
0
8
4
2
8
0
0
3
1
0
17
3
3
2
0
0
7
0
0
14
1
4
0
1
8
1
36
4
1
0
1
1
0
7
0
2
5
0
3
45
2
0
1
2
1
1
4
1
0
0
0
18
0
0
13
0
9
1
2
3
5
1
0
0
0
4
50
1
0
27
0
5
0
0
0
0
0
0
0
20
3
1
1
1
0
1
0
1
2
0
0
7
5
4
0
0
18
42
7
4
1
0
0
0
4
3
1
6
1
0
0
0
4
1
0
0
2
2
0
1
0
0
0
12
0
4
0
3
0
1
1
0
1
0
0
0
1
9
1
0
12
1
0
0
0
1
3
2
0
0
4
0
4
0
0
142
5
0
1
0
1
0
0
1
0
