44
-7244 -10000
-275 -10000
-257 -10000
-195 -10000
4306 -10000
9453 -10000
9826 -9982
9951 -9965
9997 -9873
9999 -7863
9999 -5319
9999 -3529
9999 -2810
9999 4155
9999 9575
9979 9926
9949 9991
8841 9995
8553 9996
7353 9998
5944 9999
3406 9999
2374 9999
-7596 9998
-8424 9996
-9937 9986
-9992 9908
-9997 8069
-9999 6301
-10000 4124
-10000 3538
-10000 1295
-10000 1225
-10000 456
-10000 -1313
-10000 -6411
-10000 -8222
-9999 -9494
-9997 -9602
-9988 -9763
-9974 -9962
-9971 -9975
-9947 -9994
-9273 -9998
