360
-243 -9996
-111 -9996
2 -9996
318 -9993
359 -9992
660 -9976
843 -9963
1161 -9931
1351 -9906
1533 -9879
1865 -9823
1911 -9814
2122 -9770
2159 -9762
2242 -9743
2450 -9694
2524 -9675
2558 -9666
2680 -9632
2944 -9553
3047 -9522
3096 -9506
3372 -9411
3516 -9360
3644 -9310
3767 -9261
3814 -9242
4045 -9143
4297 -9028
4406 -8974
4446 -8954
4633 -8859
4783 -8780
4954 -8685
5245 -8512
5511 -8343
5679 -8229
5786 -8154
5902 -8070
5985 -8009
6061 -7952
6126 -7901
6274 -7784
6447 -7641
6532 -7570
6723 -7400
6886 -7248
6933 -7204
7103 -7037
7182 -6955
7280 -6853
7383 -6740
7617 -6477
7845 -6198
8009 -5983
8032 -5952
8161 -5776
8220 -5693
8262 -5631
8297 -5579
8392 -5435
8529 -5218
8669 -4982
8776 -4790
8808 -4732
8874 -4606
8896 -4564
8993 -4370
9004 -4347
9084 -4175
9164 -3997
9208 -3897
9303 -3661
9338 -3573
9382 -3457
9416 -3363
9445 -3281
9450 -3266
9489 -3148
9576 -2870
9595 -2808
9609 -2760
9631 -2682
9691 -2452
9746 -2233
9764 -2152
9780 -2078
9797 -1995
9834 -1802
9852 -1697
9885 -1496
9903 -1378
9912 -1314
9939 -1085
9950 -975
9962 -846
9971 -727
9985 -524
9992 -340
9998 -69
9998 59
9987 418
9978 623
9975 666
9956 909
9935 1106
9917 1269
9908 1335
9879 1541
9835 1796
9757 2184
9732 2289
9672 2526
9606 2773
9565 2909
9538 2997
9423 3342
9339 3567
9288 3702
9171 3979
9104 4134
9071 4206
8891 4574
8869 4616
8783 4778
8619 5068
8503 5260
8469 5315
8380 5451
8336 5517
8157 5782
8117 5838
8036 5949
7963 6046
7872 6164
7822 6226
7635 6454
7547 6557
7426 6695
7286 6847
7104 7036
6916 7219
6748 7378
6613 7499
6597 7513
6556 7548
6253 7802
6227 7823
6059 7953
5961 8026
5879 8086
5659 8243
5529 8330
5321 8464
5276 8492
5204 8536
5038 8634
4924 8701
4767 8788
4636 8859
4538 8909
4233 9057
3898 9206
3608 9325
3339 9424
3295 9440
3064 9517
3055 9520
3025 9530
2984 9543
2938 9557
2623 9647
2498 9681
2369 9712
2309 9726
2024 9792
1974 9802
1807 9834
1673 9857
1667 9858
1585 9871
1400 9900
1204 9925
1003 9948
825 9964
630 9978
399 9987
346 9989
131 9996
46 9997
-92 9998
-208 9996
-277 9994
-594 9980
-669 9976
-832 9964
-1094 9938
-1390 9898
-1558 9875
-1742 9846
-1960 9805
-2376 9712
-2491 9683
-2860 9581
-3064 9517
-3394 9404
-3483 9371
-3572 9338
-3854 9225
-4005 9160
-4122 9109
-4173 9085
-4426 8965
-4476 8941
-4551 8902
-4878 8728
-5095 8603
-5260 8503
-5306 8474
-5520 8336
-5664 8238
-5693 8218
-5780 8157
-5869 8093
-6067 7944
-6205 7837
-6282 7776
-6419 7665
-6572 7534
-6636 7478
-6764 7363
-7029 7109
-7189 6947
-7379 6745
-7420 6701
-7501 6610
-7549 6555
-7641 6448
-7869 6168
-7982 6020
-8063 5911
-8153 5786
-8376 5459
-8494 5275
-8608 5084
-8721 4889
-8786 4771
-8912 4532
-9045 4261
-9127 4082
-9202 3904
-9377 3470
-9476 3190
-9547 2972
-9610 2761
-9642 2646
-9651 2613
-9697 2438
-9736 2275
-9774 2101
-9804 1959
-9815 1906
-9872 1578
-9895 1432
-9912 1301
-9936 1100
-9961 828
-9973 661
-9988 447
-9996 148
-9995 -146
-9993 -274
-9989 -438
-9984 -541
-9975 -691
-9967 -787
-9954 -936
-9938 -1089
-9919 -1250
-9868 -1612
-9831 -1820
-9810 -1934
-9775 -2098
-9735 -2280
-9727 -2315
-9705 -2404
-9683 -2492
-9620 -2723
-9588 -2834
-9568 -2903
-9516 -3063
-9485 -3157
-9429 -3325
-9418 -3357
-9413 -3371
-9388 -3440
-9348 -3544
-9278 -3720
-9228 -3845
-9183 -3953
-9114 -4111
-9040 -4272
-8958 -4442
-8933 -4491
-8805 -4735
-8767 -4807
-8668 -4983
-8530 -5216
-8363 -5479
-8316 -5551
-8228 -5679
-8119 -5832
-8042 -5939
-8039 -5943
-7910 -6115
-7738 -6330
-7654 -6431
-7585 -6512
-7516 -6592
-7423 -6694
-7247 -6886
-7055 -7085
-6922 -7214
-6790 -7339
-6776 -7352
-6766 -7361
-6442 -7645
-6363 -7713
-6253 -7802
-6220 -7828
-6023 -7981
-5838 -8117
-5777 -8161
-5733 -8191
-5475 -8366
-5335 -8455
-5067 -8617
-4990 -8661
-4726 -8810
-4531 -8912
-4442 -8957
-4247 -9050
-4118 -9111
-3941 -9189
-3924 -9196
-3646 -9309
-3476 -9374
-3287 -9443
-2927 -9559
-2745 -9612
-2486 -9683
-2150 -9764
-2026 -9791
-1982 -9800
-1817 -9830
-1589 -9871
-1284 -9916
-1116 -9936
-833 -9964
-626 -9978
