337
-46 -9998
71 -9997
266 -9994
411 -9990
594 -9981
887 -9959
1071 -9941
1253 -9920
1659 -9860
2040 -9788
2348 -9718
2457 -9690
2488 -9682
2749 -9613
3085 -9511
3187 -9477
3424 -9393
3636 -9312
3766 -9262
3815 -9242
3932 -9193
4016 -9156
4194 -9076
4329 -9012
4411 -8973
4464 -8946
4688 -8831
4743 -8802
4984 -8668
5239 -8515
5410 -8406
5661 -8242
5765 -8169
5883 -8085
6002 -7997
6100 -7922
6254 -7800
6548 -7556
6662 -7455
6823 -7305
6955 -7182
6989 -7150
7170 -6968
7299 -6830
7395 -6726
7449 -6667
7491 -6620
7594 -6501
7755 -6308
7923 -6099
7975 -6029
8052 -5925
8143 -5797
8224 -5681
8334 -5523
8463 -5323
8584 -5126
8621 -5064
8667 -4985
8779 -4785
8904 -4545
8971 -4414
9011 -4330
9085 -4170
9136 -4057
9219 -3868
9372 -3484
9479 -3174
9523 -3046
9563 -2918
9677 -2507
9747 -2227
9831 -1801
9869 -1606
9880 -1536
9901 -1388
9926 -1198
9941 -1075
9964 -827
9992 -353
9996 -228
9998 -140
9998 -67
9994 246
9985 525
9977 653
9962 848
9956 920
9951 970
9930 1169
9912 1310
9875 1559
9857 1668
9826 1844
9815 1906
9799 1989
9779 2079
9741 2250
9731 2294
9670 2539
9573 2877
9531 3016
9453 3250
9413 3370
9365 3501
9278 3719
9157 4013
9150 4030
9082 4181
8984 4387
8951 4455
8804 4739
8660 4997
8565 5158
8439 5360
8398 5424
8307 5565
8167 5764
8070 5901
7925 6092
7886 6142
7742 6324
7696 6382
7540 6566
7533 6574
7476 6639
7327 6803
7140 6999
7023 7116
6893 7242
6810 7319
6621 7492
6505 7593
6413 7671
6311 7753
6171 7865
5947 8037
5660 8241
5504 8347
5319 8466
5078 8609
4776 8784
4694 8828
4521 8916
4375 8989
4164 9089
3737 9274
3690 9293
3373 9411
3252 9455
3173 9482
2999 9538
2953 9552
2780 9603
2503 9677
2347 9715
1956 9805
1824 9831
1797 9836
1491 9885
1347 9906
1204 9925
984 9949
821 9963
552 9982
155 9996
-6 9998
-44 9998
-395 9991
-545 9984
-812 9965
-878 9959
-1043 9944
-1327 9910
-1429 9896
-1773 9840
-1821 9831
-1995 9797
-2250 9741
-2716 9620
-2979 9544
-3225 9464
-3430 9391
-3575 9337
-3786 9254
-4040 9146
-4314 9018
-4495 8930
-4565 8895
-4795 8774
-4927 8700
-5051 8629
-5242 8514
-5273 8495
-5284 8488
-5509 8342
-5703 8210
-5912 8063
-6116 7910
-6240 7811
-6348 7722
-6508 7590
-6780 7348
-6887 7248
-6912 7224
-7162 6977
-7188 6950
-7470 6646
-7558 6544
-7690 6388
-7863 6174
-7960 6051
-8048 5929
-8089 5872
-8231 5673
-8356 5491
-8523 5228
-8665 4988
-8781 4779
-8844 4662
-8873 4608
-8969 4418
-8972 4412
-9030 4293
-9042 4267
-9095 4152
-9115 4108
-9130 4075
-9232 3835
-9252 3787
-9305 3657
-9450 3261
-9491 3139
-9525 3036
-9567 2900
-9601 2786
-9647 2627
-9680 2503
-9740 2258
-9756 2190
-9797 1984
-9863 1642
-9896 1426
-9909 1335
-9918 1266
-9937 1097
-9962 854
-9970 758
-9983 552
-9993 293
-9995 235
-9998 -102
-9998 -117
-9996 -187
-9988 -390
-9977 -656
-9971 -746
-9964 -831
-9960 -877
-9935 -1125
-9922 -1220
-9864 -1623
-9835 -1789
-9805 -1952
-9748 -2222
-9680 -2502
-9660 -2580
-9629 -2692
-9562 -2917
-9544 -2975
-9513 -3074
-9469 -3211
-9462 -3232
-9356 -3526
-9321 -3618
-9225 -3855
-9036 -4278
-8979 -4399
-8852 -4648
-8759 -4821
-8715 -4901
-8700 -4927
-8643 -5024
-8603 -5092
-8433 -5371
-8280 -5604
-8200 -5721
-8118 -5835
-7891 -6139
-7857 -6182
-7770 -6291
-7550 -6551
-7473 -6638
-7311 -6820
-7087 -7052
-6945 -7193
-6903 -7233
-6810 -7321
-6600 -7508
-6490 -7605
-6383 -7695
-6251 -7803
-6120 -7905
-5859 -8101
-5824 -8126
-5796 -8146
-5705 -8210
-5625 -8264
-5571 -8300
-5415 -8404
-5140 -8576
-4917 -8704
-4645 -8854
-4522 -8918
-4252 -9049
-4194 -9076
-3923 -9196
-3798 -9249
-3626 -9318
-3535 -9353
-3266 -9450
-3157 -9485
-2827 -9590
-2686 -9631
-2348 -9719
-2249 -9742
-2174 -9759
-1895 -9817
-1500 -9883
-1306 -9912
-1056 -9942
-986 -9950
-735 -9971
-540 -9982
-444 -9987
-262 -9994
-159 -9997
