3606
-140 -9999
-139 -9999
-137 -9999
-136 -9999
-135 -9999
-134 -9999
-133 -9999
-131 -9999
-130 -9999
-129 -9999
-128 -9999
-127 -9999
-126 -9999
-124 -9999
-123 -9999
-122 -9999
-120 -9999
-119 -9999
-117 -9999
-116 -9999
-114 -9999
-113 -9999
-112 -9999
-110 -9999
-107 -9999
-106 -9999
-105 -9999
-104 -9999
-103 -9999
-102 -9999
-99 -9999
-98 -9999
-96 -9999
-94 -9999
-93 -9999
-92 -9999
-91 -9999
-90 -9999
-89 -9999
-87 -9999
-86 -9999
-85 -9999
-83 -9999
-81 -9999
-80 -9999
-79 -9999
-78 -9999
-77 -9999
-76 -9999
-75 -9999
-74 -9999
-73 -9999
-72 -9999
-71 -9999
-70 -9999
-69 -9999
-68 -9999
-67 -9999
-66 -9999
-65 -9999
-63 -9999
-62 -9999
-61 -9999
-60 -9999
-59 -9999
-56 -9999
-55 -9999
-54 -9999
-53 -9999
-51 -9999
-50 -9999
-49 -9999
-47 -9999
-46 -9999
-45 -9999
-43 -9999
-42 -9999
-41 -9999
-39 -9999
-36 -9999
-34 -9999
-33 -9999
-32 -9999
-31 -9999
-29 -9999
-28 -9999
-27 -9999
-26 -9999
-25 -9999
-23 -9999
-22 -9999
-19 -9999
-18 -9999
-17 -9999
-15 -9999
-14 -9999
-13 -9999
-12 -9999
-10 -9999
-9 -9999
-8 -9999
-7 -9999
-6 -9999
-5 -9999
-3 -9999
-1 -9999
0 -9999
2 -9999
3 -9999
4 -9999
5 -9999
6 -9999
7 -9999
8 -9999
10 -9999
11 -9999
12 -9999
13 -9999
15 -9999
16 -9999
18 -9999
19 -9999
20 -9999
21 -9999
22 -9999
23 -9999
24 -9999
25 -9999
26 -9999
27 -9999
31 -9999
32 -9999
33 -9999
34 -9999
35 -9999
36 -9999
37 -9999
38 -9999
39 -9999
40 -9999
41 -9999
43 -9999
44 -9999
47 -9999
48 -9999
49 -9999
50 -9999
51 -9999
52 -9999
53 -9999
54 -9999
55 -9999
56 -9999
57 -9999
58 -9999
59 -9999
60 -9999
61 -9999
63 -9999
64 -9999
65 -9999
68 -9999
71 -9999
72 -9999
73 -9999
74 -9999
75 -9999
76 -9999
77 -9999
78 -9999
79 -9999
80 -9999
81 -9999
83 -9999
84 -9999
85 -9999
86 -9999
87 -9999
88 -9999
89 -9999
90 -9999
91 -9999
92 -9999
93 -9999
94 -9999
95 -9999
96 -9999
97 -9999
98 -9999
99 -9999
101 -9999
102 -9999
103 -9999
104 -9999
105 -9999
107 -9999
108 -9999
110 -9999
111 -9999
112 -9999
113 -9999
114 -9999
115 -9999
116 -9999
117 -9999
118 -9999
119 -9999
121 -9999
122 -9999
123 -9999
124 -9999
125 -9999
126 -9999
127 -9999
128 -9999
131 -9999
132 -9999
133 -9999
134 -9999
138 -9999
139 -9999
140 -9999
141 -9999
199 -9998
244 -9997
282 -9996
315 -9995
346 -9994
373 -9993
399 -9992
423 -9991
447 -9990
468 -9989
489 -9988
509 -9987
528 -9986
546 -9985
582 -9983
616 -9981
647 -9979
662 -9978
677 -9977
692 -9976
706 -9975
720 -9974
747 -9972
773 -9970
786 -9969
799 -9968
823 -9966
847 -9964
882 -9961
893 -9960
904 -9959
915 -9958
968 -9953
978 -9952
988 -9951
1047 -9945
1093 -9940
1102 -9939
1111 -9938
1129 -9936
1155 -9933
1189 -9929
1222 -9925
1285 -9917
1308 -9914
1345 -9909
1367 -9906
1389 -9903
1431 -9897
1438 -9896
1452 -9894
1492 -9888
1525 -9883
1557 -9878
1607 -9870
1613 -9869
1619 -9868
1643 -9864
1655 -9862
1673 -9859
1702 -9854
1725 -9850
1748 -9846
1770 -9842
1792 -9838
1803 -9836
1814 -9834
1825 -9832
1841 -9829
1883 -9821
1950 -9808
2024 -9793
2067 -9784
2123 -9772
2146 -9767
2155 -9765
2164 -9763
2213 -9752
2226 -9749
2239 -9746
2252 -9743
2265 -9740
2282 -9736
2320 -9727
2345 -9721
2378 -9713
2415 -9704
2486 -9686
2536 -9673
2559 -9667
2574 -9663
2589 -9659
2600 -9656
2622 -9650
2633 -9647
2702 -9628
2748 -9615
2779 -9606
2810 -9597
2827 -9592
2854 -9584
2884 -9575
2927 -9562
2953 -9554
3039 -9527
3067 -9518
3107 -9505
3116 -9502
3122 -9500
3128 -9498
3131 -9497
3134 -9496
3137 -9495
3140 -9494
3143 -9493
3149 -9491
3152 -9490
3155 -9489
3158 -9488
3164 -9486
3170 -9484
3173 -9483
3182 -9480
3185 -9479
3188 -9478
3191 -9477
3194 -9476
3197 -9475
3200 -9474
3206 -9472
3209 -9471
3215 -9469
3250 -9457
3322 -9432
3339 -9426
3353 -9421
3406 -9402
3417 -9398
3428 -9394
3439 -9390
3485 -9373
3493 -9370
3517 -9361
3533 -9355
3562 -9344
3588 -9334
3645 -9312
3688 -9295
3698 -9291
3703 -9289
3753 -9269
3775 -9260
3814 -9244
3867 -9222
3926 -9197
3933 -9194
3940 -9191
3961 -9182
3998 -9166
4032 -9151
4041 -9147
4106 -9118
4135 -9105
4170 -9089
4183 -9083
4237 -9058
4277 -9039
4338 -9010
4365 -8997
4408 -8976
4410 -8975
4414 -8973
4422 -8969
4424 -8968
4428 -8966
4432 -8964
4434 -8963
4438 -8961
4440 -8960
4446 -8957
4448 -8956
4454 -8953
4456 -8952
4458 -8951
4466 -8947
4468 -8946
4470 -8945
4472 -8944
4474 -8943
4476 -8942
4478 -8941
4480 -8940
4488 -8936
4490 -8935
4494 -8933
4498 -8931
4504 -8928
4512 -8924
4514 -8923
4516 -8922
4518 -8921
4526 -8917
4528 -8916
4536 -8912
4577 -8891
4606 -8876
4631 -8863
4686 -8834
4701 -8826
4729 -8811
4757 -8796
4768 -8790
4790 -8778
4812 -8766
4850 -8745
4877 -8730
4916 -8708
4939 -8695
4962 -8682
4969 -8678
4976 -8674
5021 -8648
5062 -8624
5079 -8614
5118 -8591
5133 -8582
5173 -8558
5196 -8544
5214 -8533
5232 -8522
5245 -8514
5266 -8501
5287 -8488
5330 -8461
5379 -8430
5404 -8414
5432 -8396
5455 -8381
5481 -8364
5507 -8347
5519 -8339
5531 -8331
5540 -8325
5543 -8323
5570 -8305
5573 -8303
5576 -8301
5604 -8282
5651 -8250
5673 -8235
5712 -8208
5735 -8192
5745 -8185
5769 -8168
5793 -8151
5817 -8134
5849 -8111
5871 -8095
5882 -8087
5938 -8046
5989 -8008
5993 -8005
6001 -7999
6005 -7996
6013 -7990
6017 -7987
6021 -7984
6058 -7956
6083 -7937
6096 -7927
6114 -7913
6123 -7906
6132 -7899
6150 -7885
6159 -7878
6168 -7871
6201 -7845
6230 -7822
6250 -7806
6296 -7769
6322 -7748
6373 -7706
6402 -7682
6427 -7661
6459 -7634
6485 -7612
6512 -7589
6526 -7577
6572 -7537
6621 -7494
6639 -7478
6648 -7470
6667 -7453
6686 -7436
6705 -7419
6716 -7409
6727 -7399
6786 -7345
6800 -7332
6815 -7318
6830 -7304
6845 -7290
6860 -7276
6900 -7238
6925 -7214
6950 -7190
6987 -7154
7046 -7096
7047 -7095
7065 -7077
7066 -7076
7068 -7074
7072 -7070
7073 -7069
7075 -7067
7078 -7064
7082 -7060
7084 -7058
7085 -7057
7086 -7056
7158 -6983
7188 -6952
7214 -6925
7237 -6901
7255 -6882
7291 -6844
7305 -6829
7333 -6799
7367 -6762
7378 -6750
7399 -6727
7409 -6716
7418 -6706
7427 -6696
7454 -6666
7471 -6647
7502 -6612
7523 -6588
7530 -6580
7544 -6564
7582 -6520
7588 -6513
7606 -6492
7640 -6452
7656 -6433
7682 -6402
7697 -6384
7725 -6350
7734 -6339
7761 -6306
7790 -6270
7794 -6265
7798 -6260
7818 -6235
7822 -6230
7830 -6220
7864 -6177
7882 -6154
7937 -6083
7969 -6041
7972 -6037
7975 -6033
7978 -6029
7987 -6017
7993 -6009
7996 -6005
7999 -6001
8005 -5993
8014 -5981
8023 -5969
8032 -5957
8049 -5934
8060 -5919
8076 -5897
8113 -5846
8126 -5828
8139 -5810
8156 -5786
8187 -5742
8210 -5709
8244 -5660
8257 -5641
8272 -5619
8303 -5573
8311 -5561
8313 -5558
8319 -5549
8321 -5546
8323 -5543
8325 -5540
8329 -5534
8331 -5531
8337 -5522
8345 -5510
8347 -5507
8370 -5472
8396 -5432
8428 -5382
8444 -5357
8473 -5311
8483 -5295
8493 -5279
8525 -5227
8536 -5209
8547 -5191
8579 -5138
8585 -5128
8591 -5118
8604 -5096
8634 -5045
8641 -5033
8648 -5021
8670 -4983
8682 -4962
8699 -4932
8730 -4877
8749 -4843
8777 -4792
8796 -4757
8803 -4744
8833 -4688
8842 -4671
8865 -4627
8890 -4579
8912 -4536
8915 -4530
8917 -4526
8921 -4518
8922 -4516
8923 -4514
8924 -4512
8926 -4508
8927 -4506
8928 -4504
8930 -4500
8932 -4496
8933 -4494
8934 -4492
8935 -4490
8936 -4488
8937 -4486
8938 -4484
8941 -4478
8942 -4476
8943 -4474
8944 -4472
8945 -4470
8949 -4462
8950 -4460
8951 -4458
8952 -4456
8954 -4452
8955 -4450
8957 -4446
8959 -4442
8962 -4436
8963 -4434
8964 -4432
8965 -4430
8966 -4428
8967 -4426
8968 -4424
8970 -4420
8972 -4416
8974 -4412
8975 -4410
8978 -4404
8997 -4365
9011 -4336
9021 -4315
9049 -4256
9064 -4224
9071 -4209
9083 -4183
9109 -4126
9114 -4115
9132 -4075
9148 -4039
9179 -3968
9194 -3933
9197 -3926
9208 -3900
9219 -3874
9227 -3855
9232 -3843
9260 -3775
9275 -3738
9283 -3718
9291 -3698
9293 -3693
9295 -3688
9315 -3637
9322 -3619
9334 -3588
9344 -3562
9349 -3549
9358 -3525
9361 -3517
9383 -3458
9390 -3439
9402 -3406
9406 -3395
9411 -3381
9421 -3353
9426 -3339
9455 -3256
9468 -3218
9469 -3215
9470 -3212
9472 -3206
9473 -3203
9474 -3200
9475 -3197
9477 -3191
9479 -3185
9480 -3182
9481 -3179
9482 -3176
9484 -3170
9485 -3167
9486 -3164
9487 -3161
9488 -3158
9491 -3149
9492 -3146
9493 -3143
9494 -3140
9495 -3137
9496 -3134
9497 -3131
9498 -3128
9500 -3122
9501 -3119
9502 -3116
9505 -3107
9518 -3067
9526 -3042
9539 -3001
9545 -2982
9566 -2914
9569 -2904
9572 -2894
9575 -2884
9578 -2874
9581 -2864
9592 -2827
9602 -2793
9606 -2779
9608 -2772
9610 -2765
9612 -2758
9616 -2744
9624 -2716
9631 -2691
9638 -2666
9646 -2637
9652 -2615
9660 -2585
9668 -2555
9681 -2505
9688 -2478
9701 -2427
9715 -2370
9724 -2333
9734 -2291
9740 -2265
9743 -2252
9752 -2213
9757 -2191
9759 -2182
9765 -2155
9772 -2123
9775 -2109
9785 -2062
9789 -2043
9795 -2014
9802 -1980
9804 -1970
9805 -1965
9817 -1904
9822 -1878
9829 -1841
9839 -1787
9841 -1776
9850 -1725
9854 -1702
9860 -1667
9861 -1661
9862 -1655
9864 -1643
9866 -1631
9867 -1625
9873 -1588
9878 -1557
9880 -1544
9882 -1531
9886 -1505
9889 -1485
9892 -1465
9895 -1445
9897 -1431
9898 -1424
9899 -1417
9901 -1403
9902 -1396
9906 -1367
9910 -1338
9913 -1316
9916 -1293
9921 -1254
9922 -1246
9923 -1238
9924 -1230
9926 -1214
9929 -1189
9933 -1155
9936 -1129
9938 -1111
9939 -1102
9940 -1093
9941 -1084
9946 -1037
9948 -1018
9949 -1008
9951 -988
9952 -978
9953 -968
9955 -947
9959 -904
9960 -893
9962 -870
9964 -847
9969 -786
9970 -773
9972 -747
9973 -734
9977 -677
9978 -662
9980 -631
9982 -599
9984 -565
9985 -547
9986 -528
9987 -509
9988 -489
9989 -468
9990 -446
9991 -423
9992 -399
9993 -373
9994 -345
9995 -315
9996 -281
9997 -244
9998 -199
9999 -140
9999 -139
9999 -136
9999 -135
9999 -134
9999 -133
9999 -131
9999 -130
9999 -129
9999 -126
9999 -125
9999 -124
9999 -123
9999 -122
9999 -121
9999 -120
9999 -119
9999 -118
9999 -117
9999 -116
9999 -115
9999 -114
9999 -113
9999 -112
9999 -111
9999 -109
9999 -108
9999 -107
9999 -106
9999 -104
9999 -103
9999 -101
9999 -100
9999 -97
9999 -96
9999 -95
9999 -94
9999 -93
9999 -92
9999 -90
9999 -88
9999 -87
9999 -86
9999 -85
9999 -84
9999 -83
9999 -82
9999 -81
9999 -80
9999 -79
9999 -78
9999 -77
9999 -76
9999 -74
9999 -73
9999 -72
9999 -71
9999 -70
9999 -69
9999 -67
9999 -66
9999 -65
9999 -63
9999 -62
9999 -61
9999 -60
9999 -59
9999 -58
9999 -57
9999 -56
9999 -55
9999 -54
9999 -53
9999 -52
9999 -50
9999 -49
9999 -48
9999 -47
9999 -45
9999 -44
9999 -43
9999 -42
9999 -41
9999 -40
9999 -39
9999 -38
9999 -37
9999 -36
9999 -35
9999 -34
9999 -33
9999 -32
9999 -31
9999 -29
9999 -28
9999 -27
9999 -25
9999 -24
9999 -23
9999 -22
9999 -21
9999 -20
9999 -19
9999 -16
9999 -15
9999 -14
9999 -13
9999 -12
9999 -11
9999 -10
9999 -9
9999 -5
9999 -4
9999 -3
9999 -1
9999 0
9999 1
9999 2
9999 3
9999 4
9999 7
9999 8
9999 9
9999 10
9999 11
9999 12
9999 13
9999 14
9999 15
9999 16
9999 17
9999 18
9999 19
9999 20
9999 21
9999 22
9999 25
9999 27
9999 28
9999 29
9999 30
9999 31
9999 32
9999 33
9999 34
9999 35
9999 36
9999 37
9999 38
9999 40
9999 41
9999 42
9999 44
9999 45
9999 46
9999 49
9999 50
9999 51
9999 52
9999 53
9999 54
9999 55
9999 58
9999 59
9999 60
9999 61
9999 62
9999 63
9999 64
9999 65
9999 66
9999 67
9999 68
9999 69
9999 70
9999 71
9999 72
9999 73
9999 74
9999 75
9999 76
9999 78
9999 79
9999 81
9999 82
9999 83
9999 85
9999 86
9999 87
9999 88
9999 89
9999 90
9999 91
9999 93
9999 94
9999 95
9999 96
9999 97
9999 98
9999 100
9999 101
9999 102
9999 105
9999 106
9999 107
9999 108
9999 109
9999 110
9999 111
9999 112
9999 113
9999 114
9999 115
9999 117
9999 118
9999 119
9999 120
9999 121
9999 122
9999 124
9999 125
9999 126
9999 128
9999 129
9999 134
9999 135
9999 136
9999 137
9999 138
9999 140
9998 199
9997 244
9996 282
9995 314
9994 346
9993 374
9992 399
9991 423
9990 446
9989 468
9987 509
9986 528
9985 547
9984 565
9983 582
9982 599
9981 615
9980 631
9979 647
9978 662
9977 677
9975 705
9974 719
9972 747
9971 760
9970 773
9969 786
9968 799
9967 811
9966 823
9965 835
9964 847
9961 882
9960 893
9959 904
9958 915
9955 947
9953 968
9951 988
9950 998
9949 1008
9946 1037
9943 1066
9941 1084
9939 1102
9938 1111
9937 1120
9935 1138
9933 1155
9931 1172
9928 1197
9924 1230
9922 1246
9921 1254
9913 1316
9908 1353
9904 1382
9902 1396
9901 1403
9899 1417
9892 1465
9889 1485
9881 1538
9874 1582
9869 1613
9868 1619
9867 1625
9865 1637
9864 1643
9863 1649
9862 1655
9860 1667
9853 1708
9850 1725
9847 1742
9842 1770
9837 1798
9832 1825
9825 1862
9821 1883
9817 1904
9809 1945
9808 1950
9805 1965
9793 2024
9789 2043
9782 2076
9775 2109
9770 2132
9761 2173
9757 2191
9746 2239
9740 2265
9737 2278
9730 2308
9724 2333
9714 2374
9700 2431
9687 2482
9679 2513
9673 2536
9667 2559
9659 2589
9656 2600
9653 2611
9650 2622
9641 2655
9626 2709
9620 2730
9616 2744
9612 2758
9610 2765
9601 2796
9592 2827
9578 2874
9575 2884
9569 2904
9562 2927
9543 2988
9533 3020
9518 3067
9502 3116
9501 3119
9500 3122
9497 3131
9495 3137
9494 3140
9493 3143
9492 3146
9491 3149
9490 3152
9489 3155
9488 3158
9486 3164
9485 3167
9483 3173
9482 3176
9481 3179
9480 3182
9477 3191
9476 3194
9475 3197
9474 3200
9473 3203
9470 3212
9466 3224
9447 3279
9438 3305
9431 3325
9421 3353
9407 3392
9398 3417
9373 3485
9364 3509
9344 3562
9336 3583
9324 3614
9308 3655
9297 3683
9295 3688
9289 3703
9287 3708
9279 3728
9256 3785
9239 3826
9224 3862
9219 3874
9211 3893
9194 3933
9172 3984
9155 4023
9132 4075
9119 4104
9095 4157
9064 4224
9057 4239
9041 4273
9032 4292
9022 4313
8995 4369
8975 4410
8974 4412
8971 4418
8967 4426
8966 4428
8964 4432
8963 4434
8962 4436
8961 4438
8960 4440
8957 4446
8955 4450
8952 4456
8951 4458
8950 4460
8949 4462
8947 4466
8946 4468
8945 4470
8944 4472
8942 4476
8941 4478
8940 4480
8937 4486
8936 4488
8935 4490
8932 4496
8931 4498
8930 4500
8929 4502
8925 4510
8924 4512
8923 4514
8922 4516
8921 4518
8918 4524
8916 4528
8915 4530
8913 4534
8876 4606
8863 4631
8843 4669
8826 4701
8810 4731
8796 4757
8783 4781
8750 4841
8745 4850
8711 4911
8682 4962
8670 4983
8652 5014
8627 5057
8607 5091
8576 5143
8567 5158
8541 5201
8514 5245
8506 5258
8483 5295
8463 5327
8437 5368
8430 5379
8423 5390
8414 5404
8405 5418
8379 5458
8360 5487
8341 5516
8337 5522
8329 5534
8325 5540
8323 5543
8321 5546
8315 5555
8309 5564
8307 5567
8293 5588
8274 5616
8259 5638
8215 5702
8199 5725
8144 5803
8129 5824
8108 5853
8068 5908
8046 5938
8017 5977
8011 5985
8008 5989
7996 6005
7981 6025
7972 6037
7963 6049
7940 6079
7910 6118
7889 6145
7882 6154
7875 6163
7857 6186
7823 6229
7799 6259
7778 6285
7761 6306
7743 6328
7711 6367
7697 6384
7667 6420
7646 6445
7624 6471
7595 6505
7570 6534
7557 6549
7531 6579
7524 6587
7494 6621
7478 6639
7454 6666
7446 6675
7409 6716
7389 6738
7366 6763
7305 6829
7289 6846
7273 6863
7257 6880
7238 6900
7214 6925
7187 6953
7148 6993
7099 7043
7080 7062
7074 7068
7073 7069
7071 7071
7063 7079
7062 7080
7060 7082
7054 7088
7051 7091
7048 7094
7042 7100
6989 7152
6953 7187
6924 7215
6903 7235
6882 7255
6864 7272
6829 7305
6814 7319
6800 7332
6773 7357
6726 7400
6705 7419
6684 7438
6666 7454
6639 7478
6630 7486
6621 7494
6580 7530
6564 7544
6541 7564
6520 7582
6513 7588
6506 7594
6499 7600
6465 7629
6427 7661
6408 7677
6379 7701
6362 7715
6323 7747
6312 7756
6296 7769
6270 7790
6260 7798
6255 7802
6240 7814
6230 7822
6220 7830
6177 7864
6140 7893
6131 7900
6062 7953
6041 7969
6029 7978
6021 7984
6017 7987
6005 7996
6001 7999
5993 8005
5989 8008
5973 8020
5961 8029
5938 8046
5919 8060
5904 8071
5889 8082
5842 8116
5824 8129
5817 8134
5786 8156
5752 8180
5686 8226
5641 8257
5573 8303
5564 8309
5561 8311
5549 8319
5531 8331
5525 8335
5516 8341
5513 8343
5484 8362
5441 8390
5421 8403
5404 8414
5346 8451
5303 8478
5274 8496
5240 8517
5227 8525
5214 8533
5158 8567
5153 8570
5148 8573
5138 8579
5133 8582
5123 8588
5086 8610
5033 8641
5021 8648
5002 8659
4976 8674
4969 8678
4911 8711
4877 8730
4859 8740
4841 8750
4812 8766
4770 8789
4718 8817
4688 8833
4669 8843
4648 8854
4627 8865
4600 8879
4571 8894
4536 8912
4534 8913
4526 8917
4524 8918
4522 8919
4520 8920
4518 8921
4516 8922
4514 8923
4512 8924
4500 8930
4498 8931
4496 8932
4494 8933
4492 8934
4490 8935
4486 8937
4484 8938
4482 8939
4476 8942
4474 8943
4472 8944
4470 8945
4466 8947
4464 8948
4462 8949
4458 8951
4456 8952
4454 8953
4452 8954
4448 8956
4442 8959
4440 8960
4438 8961
4434 8963
4432 8964
4426 8967
4416 8972
4410 8975
4375 8992
4342 9008
4313 9022
4275 9040
4258 9048
4226 9063
4198 9076
4185 9082
4159 9094
4124 9110
4075 9132
4023 9155
3991 9169
3968 9179
3933 9194
3905 9206
3886 9214
3838 9234
3826 9239
3809 9246
3775 9260
3748 9271
3733 9277
3728 9279
3698 9291
3688 9295
3645 9312
3614 9324
3583 9336
3554 9347
3509 9364
3501 9367
3474 9377
3428 9394
3417 9398
3406 9402
3381 9411
3367 9416
3353 9421
3339 9426
3325 9431
3302 9439
3279 9447
3224 9466
3221 9467
3218 9468
3206 9472
3203 9473
3200 9474
3197 9475
3191 9477
3182 9480
3179 9481
3176 9482
3173 9483
3167 9485
3164 9486
3152 9490
3146 9492
3143 9493
3140 9494
3137 9495
3134 9496
3128 9498
3125 9499
3122 9500
3119 9501
3116 9502
3113 9503
3110 9504
3067 9518
3020 9533
2982 9545
2943 9557
2930 9561
2904 9569
2894 9572
2854 9584
2827 9592
2810 9597
2786 9604
2779 9606
2751 9614
2737 9618
2723 9622
2716 9624
2677 9635
2615 9652
2600 9656
2585 9660
2570 9664
2540 9672
2478 9688
2427 9701
2362 9717
2329 9725
2312 9729
2295 9733
2261 9741
2222 9750
2146 9767
2095 9778
2081 9781
2062 9785
2043 9789
2019 9794
1970 9804
1960 9806
1950 9808
1945 9809
1904 9817
1883 9821
1825 9832
1798 9837
1731 9849
1661 9861
1655 9862
1649 9863
1643 9864
1631 9866
1625 9867
1582 9874
1557 9878
1544 9880
1531 9882
1518 9884
1505 9886
1492 9888
1479 9890
1445 9895
1438 9896
1431 9897
1424 9898
1410 9900
1403 9901
1396 9902
1360 9907
1331 9911
1316 9913
1262 9920
1254 9921
1246 9922
1230 9924
1181 9930
1155 9933
1120 9937
1111 9938
1102 9939
1084 9941
1047 9945
1028 9947
1008 9949
998 9950
978 9952
958 9954
926 9957
915 9958
904 9959
893 9960
859 9963
847 9964
835 9965
823 9966
811 9967
760 9971
747 9972
734 9973
720 9974
706 9975
677 9977
631 9980
615 9981
599 9982
582 9983
565 9984
528 9986
508 9987
488 9988
468 9989
447 9990
424 9991
398 9992
372 9993
345 9994
316 9995
282 9996
244 9997
198 9998
140 9999
139 9999
137 9999
136 9999
135 9999
134 9999
133 9999
132 9999
131 9999
130 9999
129 9999
128 9999
127 9999
126 9999
125 9999
124 9999
123 9999
121 9999
120 9999
119 9999
118 9999
116 9999
115 9999
114 9999
113 9999
112 9999
111 9999
110 9999
107 9999
106 9999
104 9999
103 9999
102 9999
101 9999
100 9999
99 9999
98 9999
97 9999
96 9999
95 9999
94 9999
93 9999
92 9999
91 9999
90 9999
89 9999
88 9999
87 9999
86 9999
85 9999
84 9999
83 9999
82 9999
81 9999
80 9999
79 9999
78 9999
76 9999
75 9999
72 9999
71 9999
70 9999
69 9999
68 9999
66 9999
65 9999
64 9999
63 9999
62 9999
60 9999
58 9999
57 9999
56 9999
55 9999
54 9999
52 9999
50 9999
49 9999
48 9999
47 9999
46 9999
45 9999
44 9999
43 9999
42 9999
41 9999
40 9999
39 9999
37 9999
36 9999
34 9999
33 9999
32 9999
31 9999
30 9999
29 9999
28 9999
27 9999
26 9999
25 9999
24 9999
23 9999
20 9999
18 9999
17 9999
16 9999
15 9999
14 9999
13 9999
12 9999
11 9999
10 9999
8 9999
7 9999
6 9999
4 9999
3 9999
2 9999
1 9999
0 9999
-2 9999
-3 9999
-4 9999
-5 9999
-6 9999
-7 9999
-8 9999
-9 9999
-11 9999
-12 9999
-13 9999
-15 9999
-17 9999
-18 9999
-19 9999
-21 9999
-22 9999
-23 9999
-26 9999
-27 9999
-28 9999
-29 9999
-30 9999
-31 9999
-33 9999
-34 9999
-36 9999
-37 9999
-38 9999
-39 9999
-40 9999
-41 9999
-42 9999
-43 9999
-46 9999
-47 9999
-49 9999
-50 9999
-52 9999
-53 9999
-55 9999
-56 9999
-57 9999
-58 9999
-59 9999
-60 9999
-61 9999
-62 9999
-63 9999
-64 9999
-65 9999
-66 9999
-67 9999
-68 9999
-71 9999
-72 9999
-73 9999
-74 9999
-76 9999
-77 9999
-78 9999
-79 9999
-81 9999
-82 9999
-83 9999
-84 9999
-85 9999
-86 9999
-90 9999
-91 9999
-92 9999
-93 9999
-95 9999
-96 9999
-97 9999
-98 9999
-99 9999
-100 9999
-101 9999
-102 9999
-103 9999
-104 9999
-105 9999
-106 9999
-107 9999
-108 9999
-109 9999
-110 9999
-111 9999
-112 9999
-113 9999
-114 9999
-116 9999
-117 9999
-118 9999
-119 9999
-121 9999
-122 9999
-123 9999
-125 9999
-126 9999
-128 9999
-130 9999
-131 9999
-133 9999
-134 9999
-135 9999
-136 9999
-137 9999
-138 9999
-139 9999
-141 9999
-199 9998
-244 9997
-282 9996
-315 9995
-345 9994
-373 9993
-398 9992
-423 9991
-446 9990
-468 9989
-489 9988
-509 9987
-547 9985
-565 9984
-582 9983
-599 9982
-616 9981
-677 9977
-720 9974
-747 9972
-786 9969
-811 9967
-823 9966
-835 9965
-847 9964
-859 9963
-904 9959
-947 9955
-978 9952
-988 9951
-998 9950
-1008 9949
-1018 9948
-1028 9947
-1047 9945
-1075 9942
-1111 9938
-1120 9937
-1129 9936
-1155 9933
-1206 9927
-1230 9924
-1238 9923
-1246 9922
-1254 9921
-1301 9915
-1316 9913
-1331 9911
-1403 9901
-1410 9900
-1431 9897
-1438 9896
-1479 9890
-1499 9887
-1525 9883
-1557 9878
-1582 9874
-1607 9870
-1625 9867
-1631 9866
-1637 9865
-1643 9864
-1649 9863
-1655 9862
-1708 9853
-1748 9846
-1759 9844
-1770 9842
-1781 9840
-1803 9836
-1814 9834
-1841 9829
-1857 9826
-1878 9822
-1940 9810
-1950 9808
-1970 9804
-1985 9801
-2019 9794
-2048 9788
-2081 9781
-2095 9778
-2132 9770
-2141 9768
-2159 9764
-2168 9762
-2177 9760
-2204 9754
-2213 9752
-2226 9749
-2239 9746
-2252 9743
-2265 9740
-2278 9737
-2333 9724
-2366 9716
-2415 9704
-2486 9686
-2559 9667
-2574 9663
-2626 9649
-2677 9635
-2716 9624
-2723 9622
-2730 9620
-2737 9618
-2744 9616
-2751 9614
-2758 9612
-2772 9608
-2827 9592
-2864 9581
-2874 9578
-2894 9572
-2917 9565
-2953 9554
-2969 9549
-3001 9539
-3017 9534
-3042 9526
-3110 9504
-3116 9502
-3119 9501
-3122 9500
-3125 9499
-3128 9498
-3131 9497
-3134 9496
-3137 9495
-3143 9493
-3146 9492
-3149 9491
-3155 9489
-3158 9488
-3161 9487
-3167 9485
-3173 9483
-3176 9482
-3179 9481
-3188 9478
-3194 9476
-3197 9475
-3200 9474
-3203 9473
-3209 9471
-3212 9470
-3218 9468
-3253 9456
-3305 9438
-3370 9415
-3428 9394
-3458 9383
-3477 9376
-3485 9373
-3509 9364
-3525 9358
-3533 9355
-3562 9344
-3583 9336
-3614 9324
-3645 9312
-3678 9299
-3693 9293
-3708 9287
-3765 9264
-3802 9249
-3831 9237
-3855 9227
-3867 9222
-3919 9200
-3954 9185
-3977 9175
-4000 9165
-4016 9158
-4041 9147
-4050 9143
-4068 9135
-4115 9114
-4137 9104
-4161 9093
-4185 9082
-4209 9071
-4224 9064
-4275 9040
-4294 9031
-4313 9022
-4338 9010
-4367 8996
-4426 8967
-4428 8966
-4436 8962
-4438 8961
-4440 8960
-4442 8959
-4444 8958
-4446 8957
-4448 8956
-4454 8953
-4456 8952
-4458 8951
-4460 8950
-4462 8949
-4464 8948
-4466 8947
-4468 8946
-4472 8944
-4474 8943
-4484 8938
-4486 8937
-4488 8936
-4490 8935
-4492 8934
-4500 8930
-4502 8929
-4506 8927
-4510 8925
-4512 8924
-4514 8923
-4526 8917
-4530 8915
-4579 8890
-4631 8863
-4671 8842
-4701 8826
-4731 8810
-4779 8784
-4801 8772
-4823 8760
-4841 8750
-4868 8735
-4902 8716
-4960 8683
-4974 8675
-4981 8671
-4988 8667
-4995 8663
-5057 8627
-5096 8604
-5143 8576
-5173 8558
-5196 8544
-5219 8530
-5232 8522
-5258 8506
-5274 8496
-5282 8491
-5290 8486
-5298 8481
-5330 8461
-5349 8449
-5407 8412
-5421 8403
-5458 8379
-5513 8343
-5525 8335
-5537 8327
-5543 8323
-5546 8321
-5549 8319
-5552 8317
-5558 8313
-5561 8311
-5573 8303
-5613 8276
-5654 8248
-5689 8224
-5702 8215
-5755 8178
-5793 8151
-5800 8146
-5807 8141
-5814 8136
-5821 8131
-5853 8108
-5882 8087
-5893 8079
-5957 8032
-5961 8029
-5965 8026
-5969 8023
-5973 8020
-5985 8011
-5989 8008
-6001 7999
-6005 7996
-6009 7993
-6013 7990
-6021 7984
-6025 7981
-6033 7975
-6041 7969
-6045 7966
-6062 7953
-6105 7920
-6136 7896
-6177 7864
-6239 7815
-6280 7782
-6301 7765
-6344 7730
-6373 7706
-6391 7691
-6415 7671
-6421 7666
-6465 7629
-6478 7618
-6505 7595
-6526 7577
-6557 7550
-6581 7529
-6589 7522
-6597 7515
-6605 7508
-6613 7501
-6639 7478
-6648 7470
-6666 7454
-6675 7446
-6726 7400
-6749 7379
-6773 7357
-6786 7345
-6829 7305
-6844 7291
-6861 7275
-6880 7257
-6925 7214
-6953 7187
-6986 7155
-7050 7092
-7053 7089
-7055 7087
-7061 7081
-7063 7079
-7065 7077
-7070 7072
-7073 7069
-7075 7067
-7078 7064
-7083 7059
-7092 7050
-7096 7046
-7159 6982
-7190 6950
-7215 6924
-7254 6883
-7271 6865
-7304 6830
-7318 6815
-7332 6800
-7367 6762
-7390 6737
-7438 6684
-7455 6665
-7509 6604
-7537 6572
-7564 6541
-7589 6512
-7595 6505
-7612 6485
-7629 6465
-7640 6452
-7666 6421
-7686 6397
-7691 6391
-7701 6379
-7711 6367
-7739 6333
-7774 6290
-7778 6285
-7782 6280
-7786 6275
-7798 6260
-7802 6255
-7818 6235
-7822 6230
-7826 6225
-7830 6220
-7842 6205
-7868 6172
-7875 6163
-7899 6132
-7923 6101
-7956 6058
-7975 6033
-7987 6017
-7993 6009
-7996 6005
-8014 5981
-8020 5973
-8023 5969
-8060 5919
-8071 5904
-8100 5864
-8121 5835
-8126 5828
-8131 5821
-8151 5793
-8168 5769
-8182 5749
-8196 5729
-8224 5689
-8250 5651
-8278 5610
-8299 5579
-8309 5564
-8313 5558
-8315 5555
-8319 5549
-8325 5540
-8331 5531
-8333 5528
-8337 5522
-8339 5519
-8345 5510
-8370 5472
-8407 5415
-8423 5390
-8468 5319
-8478 5303
-8493 5279
-8501 5266
-8544 5196
-8561 5168
-8594 5113
-8627 5057
-8634 5045
-8645 5026
-8678 4969
-8682 4962
-8699 4932
-8725 4886
-8735 4868
-8750 4841
-8767 4810
-8773 4799
-8791 4766
-8797 4755
-8803 4744
-8810 4731
-8826 4701
-8845 4665
-8855 4646
-8878 4602
-8891 4577
-8915 4530
-8917 4526
-8918 4524
-8921 4518
-8922 4516
-8927 4506
-8929 4502
-8930 4500
-8932 4496
-8933 4494
-8934 4492
-8935 4490
-8936 4488
-8937 4486
-8939 4482
-8940 4480
-8943 4474
-8945 4470
-8946 4468
-8947 4466
-8949 4462
-8950 4460
-8952 4456
-8953 4454
-8955 4450
-8956 4448
-8961 4438
-8965 4430
-8966 4428
-8969 4422
-8994 4371
-9010 4338
-9022 4313
-9057 4239
-9064 4224
-9089 4170
-9110 4124
-9128 4084
-9151 4032
-9158 4016
-9165 4000
-9182 3961
-9185 3954
-9188 3947
-9197 3926
-9214 3886
-9232 3843
-9237 3831
-9244 3814
-9269 3753
-9277 3733
-9285 3713
-9287 3708
-9293 3693
-9295 3688
-9310 3650
-9329 3601
-9341 3570
-9349 3549
-9352 3541
-9358 3525
-9364 3509
-9367 3501
-9370 3493
-9386 3450
-9390 3439
-9402 3406
-9411 3381
-9420 3356
-9426 3339
-9432 3322
-9440 3299
-9448 3276
-9458 3247
-9470 3212
-9471 3209
-9472 3206
-9473 3203
-9476 3194
-9478 3188
-9479 3185
-9480 3182
-9481 3179
-9482 3176
-9484 3170
-9485 3167
-9486 3164
-9487 3161
-9489 3155
-9490 3152
-9491 3149
-9493 3143
-9494 3140
-9495 3137
-9496 3134
-9497 3131
-9498 3128
-9501 3119
-9504 3110
-9508 3098
-9518 3067
-9526 3042
-9534 3017
-9539 3001
-9549 2969
-9558 2940
-9565 2917
-9572 2894
-9581 2864
-9587 2844
-9592 2827
-9597 2810
-9606 2779
-9612 2758
-9631 2691
-9636 2673
-9641 2655
-9646 2637
-9663 2574
-9667 2559
-9677 2521
-9687 2482
-9701 2427
-9715 2370
-9724 2333
-9729 2312
-9747 2235
-9757 2191
-9763 2164
-9765 2155
-9767 2146
-9772 2123
-9784 2067
-9788 2048
-9795 2014
-9805 1965
-9807 1955
-9808 1950
-9809 1945
-9822 1878
-9826 1857
-9830 1836
-9837 1798
-9842 1770
-9847 1742
-9850 1725
-9853 1708
-9857 1685
-9861 1661
-9864 1643
-9866 1631
-9868 1619
-9873 1588
-9877 1563
-9880 1544
-9882 1531
-9884 1518
-9886 1505
-9888 1492
-9892 1465
-9896 1438
-9897 1431
-9898 1424
-9899 1417
-9900 1410
-9901 1403
-9902 1396
-9904 1382
-9910 1338
-9913 1316
-9916 1293
-9919 1270
-9921 1254
-9923 1238
-9924 1230
-9929 1189
-9931 1172
-9933 1155
-9935 1138
-9936 1129
-9937 1120
-9938 1111
-9939 1102
-9940 1093
-9941 1084
-9942 1075
-9943 1066
-9948 1018
-9951 988
-9954 958
-9957 926
-9958 915
-9962 870
-9966 823
-9967 811
-9969 786
-9970 773
-9973 733
-9975 706
-9976 692
-9977 677
-9979 647
-9981 615
-9982 599
-9983 582
-9985 547
-9986 528
-9988 489
-9989 468
-9990 446
-9991 423
-9992 399
-9993 373
-9994 345
-9995 315
-9996 282
-9997 244
-9998 199
-9999 141
-9999 140
-9999 138
-9999 137
-9999 136
-9999 135
-9999 134
-9999 131
-9999 129
-9999 128
-9999 127
-9999 126
-9999 125
-9999 124
-9999 123
-9999 120
-9999 119
-9999 118
-9999 116
-9999 115
-9999 114
-9999 113
-9999 112
-9999 111
-9999 110
-9999 107
-9999 106
-9999 105
-9999 104
-9999 103
-9999 102
-9999 101
-9999 100
-9999 99
-9999 97
-9999 96
-9999 95
-9999 94
-9999 93
-9999 92
-9999 90
-9999 89
-9999 88
-9999 85
-9999 84
-9999 83
-9999 81
-9999 80
-9999 78
-9999 77
-9999 76
-9999 75
-9999 74
-9999 73
-9999 72
-9999 71
-9999 69
-9999 68
-9999 67
-9999 66
-9999 65
-9999 64
-9999 62
-9999 59
-9999 58
-9999 57
-9999 56
-9999 53
-9999 52
-9999 51
-9999 50
-9999 49
-9999 48
-9999 47
-9999 43
-9999 42
-9999 41
-9999 40
-9999 39
-9999 38
-9999 37
-9999 36
-9999 35
-9999 34
-9999 33
-9999 32
-9999 30
-9999 28
-9999 26
-9999 24
-9999 23
-9999 21
-9999 20
-9999 19
-9999 18
-9999 17
-9999 16
-9999 14
-9999 13
-9999 11
-9999 10
-9999 9
-9999 8
-9999 6
-9999 5
-9999 4
-9999 3
-9999 2
-9999 1
-9999 0
-9999 -1
-9999 -2
-9999 -3
-9999 -4
-9999 -5
-9999 -7
-9999 -9
-9999 -10
-9999 -12
-9999 -13
-9999 -15
-9999 -16
-9999 -17
-9999 -18
-9999 -19
-9999 -20
-9999 -21
-9999 -22
-9999 -24
-9999 -25
-9999 -26
-9999 -27
-9999 -28
-9999 -29
-9999 -30
-9999 -31
-9999 -32
-9999 -33
-9999 -34
-9999 -37
-9999 -38
-9999 -39
-9999 -40
-9999 -41
-9999 -42
-9999 -43
-9999 -44
-9999 -45
-9999 -46
-9999 -47
-9999 -48
-9999 -49
-9999 -51
-9999 -52
-9999 -53
-9999 -54
-9999 -55
-9999 -57
-9999 -58
-9999 -59
-9999 -60
-9999 -61
-9999 -62
-9999 -64
-9999 -65
-9999 -66
-9999 -67
-9999 -68
-9999 -69
-9999 -70
-9999 -71
-9999 -73
-9999 -74
-9999 -75
-9999 -78
-9999 -79
-9999 -80
-9999 -82
-9999 -83
-9999 -84
-9999 -86
-9999 -87
-9999 -89
-9999 -90
-9999 -91
-9999 -92
-9999 -93
-9999 -96
-9999 -97
-9999 -98
-9999 -99
-9999 -100
-9999 -101
-9999 -106
-9999 -107
-9999 -108
-9999 -109
-9999 -110
-9999 -111
-9999 -112
-9999 -113
-9999 -114
-9999 -115
-9999 -116
-9999 -117
-9999 -118
-9999 -119
-9999 -120
-9999 -122
-9999 -123
-9999 -125
-9999 -126
-9999 -129
-9999 -130
-9999 -131
-9999 -132
-9999 -133
-9999 -134
-9999 -135
-9999 -137
-9999 -138
-9999 -139
-9999 -140
-9998 -199
-9997 -243
-9996 -282
-9995 -314
-9994 -346
-9993 -373
-9992 -398
-9991 -423
-9989 -468
-9988 -489
-9987 -509
-9986 -528
-9985 -546
-9983 -582
-9982 -599
-9981 -615
-9980 -631
-9978 -662
-9977 -677
-9976 -692
-9975 -706
-9974 -720
-9973 -734
-9972 -747
-9970 -773
-9969 -786
-9966 -823
-9965 -835
-9964 -847
-9963 -859
-9961 -882
-9960 -893
-9959 -904
-9958 -915
-9956 -936
-9952 -978
-9950 -998
-9949 -1008
-9948 -1018
-9944 -1056
-9941 -1084
-9940 -1093
-9939 -1102
-9938 -1111
-9936 -1129
-9935 -1138
-9932 -1164
-9929 -1189
-9925 -1222
-9924 -1230
-9922 -1246
-9920 -1262
-9916 -1293
-9914 -1308
-9912 -1323
-9910 -1338
-9907 -1360
-9904 -1382
-9900 -1410
-9898 -1424
-9897 -1431
-9895 -1445
-9890 -1479
-9884 -1518
-9879 -1550
-9876 -1569
-9870 -1607
-9864 -1643
-9862 -1655
-9861 -1661
-9855 -1696
-9850 -1725
-9847 -1742
-9842 -1770
-9838 -1792
-9834 -1814
-9832 -1825
-9829 -1841
-9826 -1857
-9822 -1878
-9817 -1904
-9807 -1955
-9806 -1960
-9793 -2024
-9788 -2048
-9778 -2095
-9772 -2123
-9759 -2182
-9747 -2235
-9744 -2248
-9734 -2291
-9728 -2316
-9722 -2341
-9716 -2366
-9715 -2370
-9714 -2374
-9713 -2378
-9712 -2382
-9711 -2386
-9710 -2390
-9708 -2398
-9707 -2402
-9706 -2406
-9704 -2414
-9703 -2418
-9702 -2422
-9700 -2430
-9699 -2434
-9698 -2438
-9696 -2446
-9695 -2450
-9694 -2454
-9693 -2458
-9691 -2466
-9690 -2470
-9689 -2474
-9686 -2486
-9673 -2536
-9668 -2555
-9656 -2600
-9653 -2611
-9644 -2644
-9641 -2655
-9633 -2684
-9628 -2702
-9626 -2709
-9624 -2716
-9622 -2723
-9620 -2730
-9616 -2744
-9614 -2751
-9612 -2758
-9608 -2772
-9595 -2817
-9592 -2827
-9583 -2857
-9580 -2867
-9577 -2877
-9574 -2887
-9562 -2927
-9558 -2940
-9548 -2972
-9543 -2988
-9537 -3007
-9531 -3026
-9525 -3045
-9516 -3073
-9506 -3104
-9505 -3107
-9504 -3110
-9503 -3113
-9500 -3122
-9498 -3128
-9497 -3131
-9496 -3134
-9495 -3137
-9493 -3143
-9492 -3146
-9491 -3149
-9490 -3152
-9489 -3155
-9487 -3161
-9486 -3164
-9485 -3167
-9484 -3170
-9483 -3173
-9482 -3176
-9481 -3179
-9480 -3182
-9479 -3185
-9475 -3197
-9472 -3206
-9471 -3209
-9470 -3212
-9469 -3215
-9467 -3221
-9466 -3224
-9446 -3282
-9438 -3305
-9431 -3325
-9420 -3356
-9407 -3392
-9394 -3428
-9383 -3458
-9373 -3485
-9352 -3541
-9349 -3549
-9334 -3588
-9317 -3632
-9310 -3650
-9293 -3693
-9287 -3708
-9285 -3713
-9281 -3723
-9273 -3743
-9258 -3780
-9251 -3797
-9222 -3867
-9206 -3905
-9203 -3912
-9188 -3947
-9179 -3968
-9176 -3975
-9158 -4016
-9136 -4066
-9119 -4104
-9100 -4146
-9083 -4183
-9077 -4196
-9048 -4258
-9040 -4275
-9031 -4294
-9021 -4315
-9011 -4336
-8997 -4365
-8974 -4412
-8972 -4416
-8970 -4420
-8969 -4422
-8968 -4424
-8967 -4426
-8966 -4428
-8964 -4432
-8963 -4434
-8962 -4436
-8961 -4438
-8960 -4440
-8959 -4442
-8958 -4444
-8957 -4446
-8956 -4448
-8954 -4452
-8951 -4458
-8950 -4460
-8949 -4462
-8948 -4464
-8946 -4468
-8945 -4470
-8944 -4472
-8942 -4476
-8940 -4480
-8939 -4482
-8938 -4484
-8937 -4486
-8936 -4488
-8935 -4490
-8932 -4496
-8931 -4498
-8930 -4500
-8929 -4502
-8928 -4504
-8926 -4508
-8922 -4516
-8921 -4518
-8918 -4524
-8917 -4526
-8916 -4528
-8915 -4530
-8913 -4534
-8912 -4536
-8879 -4600
-8864 -4629
-8834 -4686
-8825 -4703
-8803 -4744
-8790 -4768
-8784 -4779
-8778 -4790
-8750 -4841
-8740 -4859
-8735 -4868
-8730 -4877
-8721 -4893
-8712 -4909
-8686 -4955
-8682 -4962
-8674 -4976
-8666 -4990
-8648 -5021
-8641 -5033
-8620 -5069
-8591 -5118
-8582 -5133
-8567 -5158
-8541 -5201
-8530 -5219
-8501 -5266
-8473 -5311
-8449 -5349
-8437 -5368
-8423 -5390
-8412 -5407
-8401 -5424
-8377 -5461
-8360 -5487
-8339 -5519
-8337 -5522
-8331 -5531
-8329 -5534
-8327 -5537
-8325 -5540
-8323 -5543
-8321 -5546
-8319 -5549
-8315 -5555
-8305 -5570
-8278 -5610
-8244 -5660
-8208 -5712
-8185 -5745
-8161 -5779
-8141 -5807
-8131 -5821
-8121 -5835
-8116 -5842
-8108 -5853
-8100 -5864
-8076 -5897
-8068 -5908
-8057 -5923
-8029 -5961
-8017 -5977
-8014 -5981
-8008 -5989
-8005 -5993
-7996 -6005
-7993 -6009
-7990 -6013
-7984 -6021
-7981 -6025
-7978 -6029
-7975 -6033
-7972 -6037
-7969 -6041
-7950 -6066
-7920 -6105
-7896 -6136
-7889 -6145
-7853 -6191
-7830 -6220
-7822 -6230
-7814 -6240
-7802 -6255
-7798 -6260
-7782 -6280
-7778 -6285
-7761 -6306
-7730 -6344
-7711 -6367
-7691 -6391
-7686 -6397
-7671 -6415
-7666 -6421
-7661 -6427
-7618 -6478
-7600 -6499
-7594 -6506
-7588 -6513
-7582 -6520
-7564 -6541
-7551 -6556
-7509 -6604
-7502 -6612
-7455 -6665
-7446 -6675
-7418 -6706
-7399 -6727
-7379 -6749
-7345 -6786
-7332 -6800
-7318 -6815
-7304 -6830
-7238 -6900
-7218 -6921
-7187 -6953
-7156 -6985
-7099 -7043
-7089 -7053
-7084 -7058
-7083 -7059
-7072 -7070
-7069 -7073
-7067 -7075
-7061 -7081
-7051 -7091
-7049 -7093
-6993 -7148
-6950 -7190
-6922 -7217
-6902 -7236
-6864 -7272
-6845 -7290
-6829 -7305
-6801 -7331
-6787 -7344
-6761 -7368
-6750 -7378
-6739 -7388
-6728 -7398
-6706 -7418
-6696 -7427
-6676 -7445
-6657 -7462
-6629 -7487
-6620 -7495
-6587 -7524
-6579 -7531
-6556 -7551
-6512 -7589
-6485 -7612
-6452 -7640
-6427 -7661
-6396 -7687
-6361 -7716
-6333 -7739
-6311 -7757
-6259 -7799
-6210 -7838
-6186 -7857
-6118 -7910
-6092 -7930
-6079 -7940
-6041 -7969
-6029 -7978
-6017 -7987
-6013 -7990
-6009 -7993
-6005 -7996
-5997 -8002
-5989 -8008
-5985 -8011
-5973 -8020
-5961 -8029
-5919 -8060
-5904 -8071
-5867 -8098
-5821 -8131
-5814 -8136
-5807 -8141
-5776 -8163
-5759 -8175
-5732 -8194
-5722 -8201
-5699 -8217
-5670 -8237
-5654 -8248
-5635 -8261
-5610 -8278
-5570 -8305
-5558 -8313
-5552 -8317
-5549 -8319
-5543 -8323
-5519 -8339
-5481 -8364
-5435 -8394
-5407 -8412
-5393 -8421
-5368 -8437
-5349 -8449
-5295 -8483
-5274 -8496
-5214 -8533
-5201 -8541
-5163 -8564
-5158 -8567
-5138 -8579
-5133 -8582
-5074 -8617
-5040 -8637
-5002 -8659
-4955 -8686
-4932 -8699
-4909 -8712
-4852 -8744
-4821 -8761
-4810 -8767
-4799 -8773
-4788 -8779
-4777 -8785
-4755 -8797
-4716 -8818
-4701 -8826
-4684 -8835
-4650 -8853
-4606 -8876
-4573 -8893
-4536 -8912
-4532 -8914
-4518 -8921
-4508 -8926
-4504 -8928
-4502 -8929
-4500 -8930
-4496 -8932
-4492 -8934
-4488 -8936
-4486 -8937
-4480 -8940
-4478 -8941
-4476 -8942
-4470 -8945
-4464 -8948
-4462 -8949
-4460 -8950
-4454 -8953
-4452 -8954
-4450 -8955
-4448 -8956
-4442 -8959
-4440 -8960
-4438 -8961
-4436 -8962
-4432 -8964
-4430 -8965
-4424 -8968
-4422 -8969
-4420 -8970
-4418 -8971
-4414 -8973
-4369 -8995
-4340 -9009
-4313 -9022
-4292 -9032
-4256 -9049
-4211 -9070
-4185 -9082
-4172 -9088
-4159 -9094
-4137 -9104
-4106 -9118
-4066 -9136
-4014 -9159
-3991 -9169
-3968 -9179
-3961 -9182
-3933 -9194
-3919 -9200
-3893 -9211
-3867 -9222
-3855 -9227
-3819 -9242
-3802 -9249
-3743 -9273
-3723 -9281
-3718 -9283
-3665 -9304
-3637 -9315
-3619 -9322
-3601 -9329
-3575 -9339
-3549 -9349
-3533 -9355
-3525 -9358
-3501 -9367
-3485 -9373
-3447 -9387
-3425 -9395
-3414 -9399
-3403 -9403
-3392 -9407
-3342 -9425
-3325 -9431
-3285 -9445
-3253 -9456
-3215 -9469
-3212 -9470
-3209 -9471
-3203 -9473
-3200 -9474
-3197 -9475
-3191 -9477
-3185 -9479
-3182 -9480
-3179 -9481
-3173 -9483
-3164 -9486
-3161 -9487
-3158 -9488
-3155 -9489
-3152 -9490
-3149 -9491
-3143 -9493
-3140 -9494
-3137 -9495
-3134 -9496
-3128 -9498
-3125 -9499
-3076 -9515
-3045 -9525
-3023 -9532
-2988 -9543
-2972 -9548
-2956 -9553
-2943 -9557
-2881 -9576
-2844 -9587
-2817 -9595
-2786 -9604
-2772 -9608
-2751 -9614
-2684 -9633
-2666 -9638
-2615 -9652
-2600 -9656
-2570 -9664
-2555 -9668
-2513 -9679
-2486 -9686
-2478 -9688
-2462 -9692
-2458 -9693
-2454 -9694
-2450 -9695
-2446 -9696
-2442 -9697
-2438 -9698
-2434 -9699
-2430 -9700
-2422 -9702
-2418 -9703
-2414 -9704
-2410 -9705
-2406 -9706
-2402 -9707
-2390 -9710
-2386 -9711
-2374 -9714
-2362 -9717
-2333 -9724
-2312 -9729
-2291 -9734
-2278 -9737
-2265 -9740
-2252 -9743
-2239 -9746
-2213 -9752
-2191 -9757
-2141 -9768
-2109 -9775
-2081 -9781
-2067 -9784
-2048 -9788
-2004 -9797
-1955 -9807
-1909 -9816
-1878 -9822
-1841 -9829
-1825 -9832
-1814 -9834
-1803 -9836
-1792 -9838
-1781 -9840
-1753 -9845
-1725 -9850
-1696 -9855
-1667 -9860
-1655 -9862
-1643 -9864
-1637 -9865
-1631 -9866
-1625 -9867
-1607 -9870
-1582 -9874
-1557 -9878
-1531 -9882
-1518 -9884
-1505 -9886
-1452 -9894
-1438 -9896
-1424 -9898
-1410 -9900
-1403 -9901
-1389 -9903
-1375 -9905
-1316 -9913
-1293 -9916
-1262 -9920
-1254 -9921
-1238 -9923
-1230 -9924
-1197 -9928
-1172 -9931
-1129 -9936
-1120 -9937
-1111 -9938
-1102 -9939
-1075 -9942
-1056 -9944
-1037 -9946
-1018 -9948
-998 -9950
-978 -9952
-937 -9956
-915 -9958
-904 -9959
-882 -9961
-847 -9964
-835 -9965
-811 -9967
-799 -9968
-786 -9969
-760 -9971
-747 -9972
-734 -9973
-692 -9976
-677 -9977
-647 -9979
-631 -9980
-615 -9981
-599 -9982
-582 -9983
-564 -9984
-546 -9985
-528 -9986
-509 -9987
-489 -9988
-468 -9989
-446 -9990
-399 -9992
-373 -9993
-345 -9994
-282 -9996
-244 -9997
-199 -9998
