456
-13 -9998
107 -9998
242 -9996
362 -9992
486 -9987
615 -9980
934 -9955
1093 -9939
1211 -9925
1389 -9902
1543 -9879
1646 -9862
1810 -9833
1983 -9798
2180 -9756
2327 -9724
2353 -9718
2434 -9698
2577 -9661
2664 -9637
2819 -9593
3097 -9507
3310 -9435
3526 -9356
3652 -9308
3710 -9285
3742 -9272
3908 -9201
4119 -9110
4329 -9013
4407 -8975
4569 -8893
4824 -8758
5006 -8655
5076 -8613
5194 -8542
5322 -8464
5512 -8341
5549 -8317
5713 -8204
5793 -8148
5947 -8038
6046 -7963
6077 -7939
6160 -7874
6375 -7703
6401 -7681
6550 -7554
6652 -7465
6769 -7358
6949 -7189
6993 -7146
7096 -7044
7144 -6995
7283 -6850
7400 -6724
7451 -6667
7491 -6622
7542 -6564
7593 -6504
7700 -6378
7758 -6307
7793 -6264
7949 -6064
7982 -6021
8032 -5954
8109 -5850
8173 -5759
8237 -5666
8347 -5504
8353 -5495
8380 -5454
8399 -5425
8430 -5376
8473 -5307
8570 -5149
8590 -5115
8731 -4871
8787 -4771
8908 -4541
8955 -4448
9004 -4347
9051 -4249
9121 -4096
9215 -3880
9218 -3873
9262 -3766
9338 -3571
9390 -3435
9437 -3303
9449 -3268
9510 -3088
9555 -2942
9652 -2609
9684 -2487
9699 -2428
9718 -2351
9736 -2275
9772 -2114
9784 -2060
9802 -1973
9835 -1800
9867 -1615
9888 -1475
9914 -1295
9945 -1032
9959 -885
9966 -804
9978 -632
9983 -556
9993 -341
9997 -197
9998 -39
9998 41
9996 242
9993 339
9987 472
9984 534
9978 632
9970 759
9964 828
9943 1056
9942 1065
9917 1269
9899 1402
9891 1459
9863 1643
9841 1770
9837 1792
9787 2043
9764 2151
9716 2361
9657 2588
9612 2749
9594 2811
9585 2842
9537 3003
9528 3031
9470 3208
9419 3355
9387 3444
9293 3689
9238 3823
9172 3977
9092 4159
9070 4208
9040 4270
8955 4443
8888 4577
8886 4581
8857 4637
8766 4810
8708 4913
8678 4966
8614 5075
8548 5186
8461 5327
8447 5349
8396 5429
8249 5648
8127 5824
8016 5974
7985 6015
7857 6183
7724 6348
7665 6419
7537 6569
7439 6681
7299 6833
7284 6849
7254 6881
7234 6902
7067 7073
7049 7091
6988 7151
6933 7204
6874 7260
6757 7368
6707 7414
6619 7493
6542 7561
6396 7685
6288 7773
6240 7812
6172 7866
5960 8028
5903 8070
5829 8123
5700 8215
5487 8357
5359 8441
5292 8483
5222 8526
4936 8695
4718 8815
4546 8904
4332 9011
4257 9047
4017 9156
3977 9174
3879 9215
3729 9276
3600 9328
3407 9398
3210 9468
3156 9486
3066 9516
2930 9558
2796 9599
2689 9630
2622 9649
2390 9709
2107 9774
2084 9779
1941 9807
1721 9849
1649 9862
1623 9866
1460 9891
1414 9898
1168 9930
1053 9943
881 9960
648 9977
344 9993
14 9998
-163 9995
-273 9993
-381 9990
-591 9981
-706 9974
-810 9966
-1084 9940
-1308 9912
-1407 9898
-1435 9894
-1477 9888
-1554 9877
-1705 9852
-1794 9836
-2108 9773
-2236 9744
-2471 9688
-2503 9680
-2609 9652
-2740 9616
-2931 9559
-2998 9538
-3049 9522
-3111 9502
-3285 9443
-3348 9421
-3526 9356
-3563 9342
-3631 9316
-3800 9247
-3967 9177
-4133 9104
-4158 9093
-4301 9025
-4372 8991
-4647 8853
-4724 8811
-4918 8705
-5063 8622
-5190 8546
-5404 8412
-5550 8316
-5647 8251
-5730 8194
-5967 8022
-6034 7972
-6176 7863
-6335 7735
-6417 7668
-6465 7627
-6580 7528
-6633 7482
-6889 7246
-7012 7127
-7184 6954
-7265 6869
-7349 6780
-7378 6748
-7503 6609
-7568 6533
-7721 6353
-7794 6263
-7926 6095
-7992 6007
-8114 5842
-8141 5804
-8204 5715
-8279 5606
-8309 5561
-8427 5381
-8532 5213
-8679 4963
-8713 4904
-8721 4890
-8853 4647
-8865 4624
-8947 4464
-9062 4225
-9107 4125
-9174 3972
-9226 3853
-9246 3806
-9254 3787
-9337 3577
-9369 3490
-9412 3372
-9457 3246
-9490 3148
-9525 3039
-9619 2729
-9656 2593
-9704 2409
-9710 2384
-9748 2222
-9762 2159
-9801 1976
-9832 1814
-9834 1803
-9852 1704
-9880 1532
-9888 1481
-9904 1367
-9912 1305
-9927 1188
-9938 1093
-9946 1020
-9972 733
-9977 655
-9985 525
-9993 333
-9995 269
-9998 137
-9998 108
-9998 28
-9998 24
-9996 -151
-9993 -285
-9986 -508
-9970 -755
-9958 -904
-9936 -1116
-9913 -1297
-9888 -1479
-9866 -1621
-9835 -1800
-9795 -2001
-9767 -2136
-9737 -2273
-9705 -2406
-9668 -2548
-9635 -2673
-9583 -2851
-9536 -3007
-9497 -3128
-9478 -3183
-9427 -3330
-9388 -3440
-9350 -3542
-9330 -3595
-9240 -3819
-9187 -3946
-9130 -4076
-9099 -4144
-9028 -4296
-9006 -4342
-8966 -4424
-8935 -4487
-8864 -4626
-8850 -4652
-8717 -4897
-8572 -5146
-8503 -5260
-8407 -5412
-8334 -5524
-8226 -5684
-8170 -5764
-8103 -5858
-7999 -5998
-7978 -6026
-7938 -6079
-7916 -6108
-7882 -6152
-7772 -6288
-7642 -6448
-7500 -6610
-7378 -6748
-7338 -6791
-7263 -6871
-7186 -6951
-7130 -7009
-7053 -7086
-6949 -7188
-6757 -7369
-6702 -7420
-6539 -7563
-6479 -7615
-6263 -7793
-6197 -7847
-6138 -7893
-6032 -7974
-5896 -8074
-5828 -8124
-5748 -8179
-5662 -8238
-5504 -8344
-5418 -8401
-5347 -8448
-5237 -8517
-5211 -8533
-5015 -8649
-4982 -8668
-4879 -8727
-4782 -8780
-4736 -8805
-4640 -8856
-4411 -8973
-4335 -9010
-4152 -9096
-4009 -9160
-3974 -9175
-3777 -9258
-3608 -9325
-3467 -9378
-3411 -9399
-3261 -9451
-3255 -9453
-3018 -9532
-3006 -9536
-2948 -9554
-2848 -9584
-2683 -9632
-2440 -9696
-2409 -9704
-2352 -9718
-2244 -9743
-2060 -9784
-1942 -9808
-1791 -9837
-1768 -9841
-1714 -9850
-1452 -9892
-1400 -9900
-1213 -9924
-939 -9954
-782 -9968
-570 -9982
-537 -9984
-386 -9991
-295 -9994
-227 -9995
